360
225
2193
98
117
2208
405
725
1848
882
1650
180
1386
2050
154
0
1833
0
297
836
0
540
1953
810
0
650
627
84
686
1029
4
2376
33
702
1170
0
285
1518
1326
858
0
1404
1950
513
187
1734
1650
336
2112
0
1080
56
1470
1645
1863
340
1610
817
1240
0
899
1890
506
148
1008
1025
1980
414
185
496
0
1683
36
45
1462
1452
1300
1175
350
828
1740
1596
18
210
1702
351
1680
1377
0
342
1196
40
432
55
638
40
243
323
0
1950
204
0
1716
630
612
638
0
126
1599
220
403
270
777
930
1140
1440
50
644
1273
630
931
784
1365
360
28
1860
924
1755
1875
264
425
1288
1276
2204
4
387
117
1845
2016
432
728
1334
72
546
76
147
870
472
1890
1044
0
780
2090
0
176
1770
2065
0
1188
915
702
1352
1768
1840
437
1800
1560
405
0
16
0
1196
57
462
147
943
270
768
900
180
1221
40
0
1160
0
1932
423
2115
2200
492
1026
324
0
1215
0
48
0
315
35
504
0
702
2145
2211
1488
280
799
1053
246
874
0
549
238
0
2015
744
2166
644
1343
1000
1064
2050
480
203
126
572
0
10
456
125
448
98
176
360
58
0
5
385
1786
1056
96
48
696
1254
0
969
0
0
792
2124
1064
270
2475
1833
0
168
760
224
420
506
350
690
800
322
7
1470
442
156
1449
2160
220
1380
6
1150
1449
0
1972
988
455
812
336
210
0
0
2352
504
21
833
4
1728
2385
1440
273
468
2052
912
0
0
1872
1435
207
40
437
11
240
1848
702
800
2150
0
1720
286
0
0
1485
870
986
2120
1100
0
644
1512
136
1596
270
280
1836
1612
1178
0
1176
60
18
435
884
780
0
0
986
84
1456
480
0
330
2450
308
1365
352
1107
7
0
630
90
504
111
1035
1804
0
99
2115
247
1
8
182
1800
1508
2009
0
99
671
122
319
47
1170
246
25
2142
299
570
441
840
0
697
136
1904
240
322
620
0
0
0
1224
300
1947
165
48
1924
1377
162
1664
2046
1600
1065
1326
1943
432
630
0
1650
75
77
1976
30
216
650
2240
25
837
1600
570
124
60
36
1782
920
66
1007
1102
198
924
0
132
432
966
2046
624
1938
315
1120
380
658
704
0
0
510
2
630
0
256
57
0
320
780
1224
1833
1378
1353
1551
868
1610
912
1456
45
84
240
289
1770
85
646
12
629
682
0
403
0
880
1656
8
66
1610
1586
150
1287
672
1968
532
448
1080
133
0
200
140
0
1953
1890
0
1377
468
900
1674
1428
1482
1764
2200
1064
792
0
780
1020
858
975
108
648
187
259
0
0
621
646
713
390
40
360
2430
1
875
0
150
1584
1444
96
50
1880
0
0
576
128
0
56
70
160
686
414
728
690
750
1590
1364
450
1820
60
2262
1140
0
0
640
56
504
2236
399
1914
0
8
246
1008
1344
450
10
1496
1496
901
1264
1674
0
0
222
1316
1078
0
2244
1352
690
1290
372
0
726
850
116
0
1404
684
1800
40
0
1887
1350
0
0
0
189
53
1056
552
0
0
500
728
620
12
1092
90
1254
0
1200
520
176
0
216
1620
392
130
912
7
875
0
1116
2068
644
1008
775
705
456
819
580
320
36
2112
665
1505
12
1140
62
1710
1344
42
0
975
532
512
1404
1152
47
820
26
0
0
714
1120
108
2015
1196
1053
1296
576
0
0
0
960
864
462
1242
588
925
1768
0
1491
32
36
48
0
240
0
1190
2240
765
918
936
56
20
2160
0
1025
0
0
1530
1886
140
18
793
690
1380
1056
720
0
40
1628
1015
28
1408
1209
1476
777
40
288
264
115
1900
1242
493
1353
1204
1176
0
20
180
196
1620
1908
0
1612
936
66
2
814
308
319
378
544
160
930
0
992
408
481
1840
120
300
0
252
0
1160
1092
1005
225
0
264
186
798
399
9
0
1083
2009
1500
110
18
0
2065
2030
0
19
2156
117
1624
928
0
420
81
576
544
534
1508
1360
1674
1704
1716
75
1140
288
1008
0
495
1840
0
204
300
0
1775
60
0
924
185
360
160
2068
234
0
1104
2208
784
594
1728
143
1462
1200
1216
132
391
980
0
1600
0
1188
459
0
648
0
1300
225
26
1760
975
704
690
728
0
448
0
468
0
1540
48
1219
840
1496
80
352
1404
2145
10
510
22
702
1891
140
9
1015
1380
2108
252
26
1139
0
1012
810
1598
598
440
0
220
507
403
644
510
0
70
675
215
338
935
0
330
1458
234
2132
198
476
1250
616
480
350
1782
297
1020
684
144
2124
414
0
405
0
779
336
2
1920
648
310
288
56
676
2250
168
1736
846
12
0
900
462
1755
1449
1170
612
800
190
952
1504
1344
1488
1679
34
1104
180
1219
0
12
648
589
0
1116
1701
10
299
1530
0
780
72
48
168
0
396
0
135
984
0
1332
290
0
380
648
2279
88
69
112
156
833
81
536
780
713
1053
138
0
480
0
2046
1036
589
0
840
1098
88
874
196
210
0
944
0
735
624
44
1190
216
85
2145
928
336
629
1900
540
1470
900
20
884
342
2112
0
1200
12
1444
1209
276
896
0
0
1829
164
0
0
0
819
504
168
0
0
288
2262
552
0
0
1081
364
0
1643
1200
78
319
0
2385
0
928
10
1820
360
2451
0
0
0
693
1036
0
0
1287
576
0
765
572
1518
77
738
1575
1160
40
1677
464
6
154
1300
0
0
680
340
1320
1804
1470
1650
352
36
0
216
1736
0
0
322
1118
1386
2400
0
1566
0
0
187
0
1479
1620
120
1403
693
700
1156
185
918
38
324
1725
1184
2356
13
0
0
0
330
0
0
832
510
966
56
0
1924
32
616
66
2475
851
975
7
95
360
2350
280
1350
48
1225
1656
558
1742
0
0
676
250
1560
1920
66
2112
396
1200
170
40
26
39
1890
55
896
45
0
1776
1344
783
540
98
558
2030
0
1530
588
15
0
714
36
0
759
76
1419
168
2
1440
69
0
0
340
1225
2275
2352
475
2392
46
100
760
234
481
0
1551
2091
1408
440
1064
1200
1938
0
1215
434
648
225
640
0
2244
230
0
1872
648
234
850
1980
322
0
1364
196
490
11
1131
90
351
522
1593
891
600
340
1155
999
2
408
1394
210
0
819
1377
1008
0
2016
1250
350
0
1914
1550
203
2254
0
210
78
1224
231
0
105
16
0
1242
675
0
510
735
228
936
1288
1292
43
992
1222
1763
0
15
152
594
0
1204
897
0
2145
96
44
0
224
0
0
50
253
868
2448
1275
546
0
242
308
840
46
768
60
792
1312
1972
1222
684
2436
352
60
49
0
510
585
1665
324
624
0
297
1175
576
0
0
480
0
468
96
960
18
66
484
1400
600
0
1392
10
1140
6
1242
1210
665
1440
72
16
1085
555
1368
1776
817
1540
168
7
0
1927
1702
0
1452
228
0
88
52
1554
1107
510
1426
1176
144
1880
0
2146
216
903
924
2268
1824
841
0
1479
189
300
1023
713
0
820
0
276
0
66
42
1080
693
70
0
245
345
0
1330
0
0
1972
0
2254
2058
208
1276
440
560
640
156
1518
931
224
280
110
2250
770
912
1272
2142
2162
152
196
286
448
432
184
0
462
1
88
16
1890
2408
161
1786
1708
2400
0
0
116
0
200
81
539
612
1400
775
23
1566
667
1782
25
119
221
78
170
1470
0
224
45
833
2436
1560
299
800
259
805
280
24
2150
1089
884
21
1590
1260
0
0
462
1620
420
72
1274
0
527
361
225
1764
187
1092
276
228
90
176
69
280
0
42
26
1575
0
1598
1320
132
0
1040
81
0
693
0
384
42
0
209
176
896
1520
640
1848
2079
693
1752
775
1287
1716
663
0
0
0
2065
30
220
5
1584
544
1950
1530
330
104
40
0
39
608
475
0
1260
627
1456
200
1924
1890
15
645
0
36
299
264
832
0
1845
783
0
1035
648
638
740
400
1479
437
667
918
1739
319
240
288
0
1760
264
966
1224
46
714
16
400
1152
432
72
814
1
525
207
0
1848
1276
238
804
196
765
1904
1550
1508
0
120
310
476
1650
0
0
64
990
0
0
646
2436
2108
1836
252
130
246
21
2
1938
660
510
52
14
1134
756
0
2430
2242
399
520
1702
261
1152
60
540
1216
0
0
900
592
1664
1710
703
1100
1734
270
444
518
0
2124
175
1026
472
77
1428
187
575
260
595
0
357
1640
200
540
663
102
1980
1080
1288
1092
969
5
1144
1848
175
96
2352
1617
1632
156
0
902
1188
1856
1680
748
1624
75
700
0
228
0
168
1584
1040
378
855
0
338
1404
1426
0
0
207
684
80
560
208
0
96
144
1846
408
341
205
78
1855
240
1260
30
40
980
2226
1148
2204
812
6
450
1935
20
264
20
445
78
0
230
225
444
154
1260
0
460
2016
1711
459
132
56
147
500
1036
1530
0
580
4
589
210
18
852
1764
96
0
18
738
777
110
1800
1566
1120
180
0
2242
546
420
1271
0
0
0
1
1581
198
1000
248
72
1872
0
1632
324
190
450
1134
0
0
1452
900
55
1062
240
286
544
1632
190
0
640
150
0
385
156
1280
1564
2100
200
204
2040
396
850
105
90
240
84
5
28
1260
256
676
0
595
484
2346
1911
0
0
95
279
345
231
0
2322
1260
708
0
2296
195
2184
0
540
220
0
60
1891
0
714
40
1100
472
96
646
1870
90
0
882
0
108
192
0
84
828
0
1056
1932
1748
1200
2115
320
30
1056
651
36
663
1431
65
60
108
0
270
950
1860
1550
63
368
36
315
546
1536
228
378
1452
2210
0
410
126
19
0
1550
1300
1715
1840
1920
448
520
0
2160
1495
1170
243
874
0
1012
198
24
0
1296
0
0
0
944
1768
792
390
1518
27
2052
168
473
80
0
465
1116
480
1363
30
1500
2205
0
750
703
2160
208
80
1888
38
351
51
0
243
774
1763
15
240
1444
102
0
1656
608
840
44
1102
475
1428
1120
297
220
1122
1584
690
1782
0
930
0
420
130
1682
1056
816
924
18
0
555
240
0
2
1342
140
2332
1216
325
152
0
828
64
1900
370
672
966
1403
0
1040
1100
1920
48
875
814
110
144
2160
0
16
1558
1276
26
2170
323
1519
910
0
1645
0
48
325
6
430
0
576
720
108
759
0
1419
1155
0
55
0
1064
1404
0
0
1591
52
23
0
1274
0
1800
88
264
516
429
1036
88
1122
0
63
1672
972
1734
855
4
2115
2030
1221
0
481
342
0
2304
1290
0
1218
0
1534
840
196
783
1568
2010
1904
234
2050
9
1088
1739
225
90
950
2016
77
187
936
0
54
216
2160
1924
650
2205
850
0
0
240
540
1932
1155
660
1250
150
728
1058
366
0
0
169
112
72
594
703
972
624
1938
768
406
600
32
960
1372
1406
1300
1704
710
1650
0
1720
276
44
1681
1720
600
1504
1922
1378
60
0
1176
0
76
1628
360
50
0
260
1225
1961
840
832
946
1150
1562
158
1392
960
1786
0
280
0
24
1586
1020
0
1360
705
540
217
84
380
1518
0
1860
7
15
1827
2376
0
539
252
2331
817
312
1440
7
264
915
1025
120
444
44
6
2352
1452
1421
1105
440
338
408
24
2139
228
310
2160
1804
0
0
80
34
176
484
0
2244
990
1242
1961
1334
1054
0
2356
1400
90
0
1012
10
110
988
44
2378
168
112
1710
1880
70
160
30
1610
120
960
1587
0
627
68
1947
240
208
22
1378
812
1241
1035
1320
60
0
616
1092
2352
690
360
168
132
475
1820
46
60
200
0
1008
840
286
841
1680
0
462
295
870
170
1225
156
0
225
30
459
288
0
312
0
378
539
252
580
198
384
1716
26
91
520
174
1584
60
0
312
2040
75
0
1144
644
420
0
1140
858
195
264
1271
2394
1156
1820
756
510
532
630
0
624
1080
1456
1782
442
441
140
99
36
0
432
1634
488
702
0
171
0
693
2464
0
0
1584
555
952
722
2436
406
1452
444
2242
1850
638
16
190
216
714
0
2499
48
696
1012
936
0
171
150
1159
1739
900
476
527
867
1598
663
1886
1395
912
870
1435
1197
2240
507
2408
204
1700
0
105
858
943
2451
0
352
0
0
1960
1050
285
276
1479
20
255
92
861
2112
848
2257
2320
34
775
0
144
1290
483
768
825
35
0
136
6
258
1056
3
1260
294
616
364
160
660
0
0
690
80
0
2028
1280
528
0
456
1196
43
1080
0
979
2162
323
0
2112
0
0
1892
648
1044
0
140
28
645
1472
1271
486
918
1007
840
1638
243
135
4
440
1825
1595
1364
837
1219
918
1833
64
735
1449
544
575
1320
140
287
6
246
0
0
91
2496
512
108
168
1104
408
0
1596
420
216
0
740
420
231
341
630
950
1275
119
0
432
238
130
0
280
1653
1836
0
1148
126
504
341
0
608
264
70
594
1830
2499
900
111
0
1798
21
1062
1920
420
0
2392
1599
925
220
0
1628
1633
374
0
99
903
198
1849
756
1216
1050
0
288
2320
0
1890
2024
912
32
874
323
35
336
1008
1540
728
32
434
192
576
840
0
1008
2128
456
1156
1386
2385
468
336
1938
660
494
0
2170
980
0
208
290
1092
0
1190
0
308
2378
396
294
0
0
945
66
2226
1440
1254
434
0
1360
528
0
1092
90
0
228
747
1400
782
660
1690
117
378
962
350
253
1824
322
124
140
1026
0
1400
1404
1440
0
320
0
2268
105
1593
444
576
0
0
114
9
676
198
1054
1248
1368
4
36
88
121
936
338
780
1352
567
200
120
1122
1672
0
462
230
1924
21
1638
1798
2294
945
297
33
702
744
90
768
0
1950
1794
0
480
2090
216
1536
168
675
0
1548
2318
1290
27
731
1419
1665
2400
2244
16
105
1833
1824
550
363
330
754
2300
2106
78
406
725
0
1677
1872
1020
1026
0
1568
0
588
14
918
418
1770
0
840
1802
1015
1536
451
630
1683
0
1860
165
114
28
1476
540
228
986
0
980
0
2279
2145
0
1377
656
2014
826
209
392
840
2091
550
225
52
182
1768
520
180
437
6
624
1548
810
0
20
1647
513
1702
1650
841
2139
720
80
624
338
2244
180
893
1764
1792
184
10
0
1674
0
377
154
1377
200
243
308
1802
1000
1525
799
319
1491
0
1170
1326
689
817
864
0
2010
92
2150
1320
84
1377
528
1056
1024
35
2356
1440
510
854
1740
1224
0
1122
300
0
1071
930
1768
156
459
33
555
560
1904
156
1224
552
216
756
75
1677
160
2193
2016
750
527
1960
1360
2070
3
0
1353
1482
960
0
0
160
120
0
2100
1395
85
578
1752
546
399
858
588
410
2166
1144
320
378
465
195
425
0
24
437
1767
110
0
66
399
2024
2360
170
76
0
0
1416
120
840
18
375
2242
1600
2451
372
336
110
1911
90
0
702
11
403
0
10
1344
0
500
108
209
704
2392
527
840
1617
0
1276
1980
0
1290
455
408
1504
1960
24
60
156
182
1296
1976
260
34
1118
2484
775
1656
1472
13
561
770
0
0
396
480
0
1060
2080
200
324
25
30
1044
119
80
0
52
594
31
364
91
333
1232
12
140
460
1525
441
2448
2310
585
420
0
0
999
864
1254
72
1144
210
777
8
1350
330
990
1134
1740
1587
32
50
1470
576
1775
675
207
352
1584
1950
1850
472
702
495
986
1508
0
1470
336
11
6
56
2014
102
102
2444
0
54
1311
840
90
1880
189
1820
450
555
2183
702
240
1728
2
1330
182
1045
506
1311
112
780
55
28
1554
1581
1100
0
1062
1734
469
1479
2236
1056
252
901
976
1080
102
1368
56
684
200
0
99
1540
0
560
442
4
774
460
576
1566
1089
0
768
1394
1134
54
1485
0
0
20
49
1650
451
0
285
120
208
792
1116
2144
480
418
0
385
400
812
462
119
731
0
770
1248
0
162
1242
2170
405
84
988
1690
120
0
198
1275
0
644
1452
2100
1632
464
800
2196
2208
1593
460
775
896
0
476
2360
0
552
1375
0
1166
60
1344
279
1892
765
864
375
200
1386
0
340
1008
2052
986
1408
180
0
0
117
1107
0
1548
600
2070
1800
0
570
928
1296
72
12
684
630
1235
1098
45
0
580
675
1591
24
1152
30
0
40
1092
504
0
286
434
792
57
117
135
14
84
216
530
48
880
174
676
0
168
756
2
490
392
270
182
559
1850
392
1920
0
462
759
1248
378
1925
1674
348
900
0
0
406
288
918
2156
8
672
1406
552
1218
0
1980
1633
0
38
429
1927
70
24
689
1716
112
546
1517
0
1472
532
720
2400
189
667
1323
630
17
56
1404
440
0
203
2340
2242
0
1225
93
1278
0
440
950
858
273
936
224
1196
1908
10
364
124
2304
1860
510
2139
104
1248
1664
1224
30
1947
252
0
1258
108
1178
2352
1674
60
0
6
252
0
1462
338
663
60
0
1380
1078
799
282
330
209
1008
2109
1080
180
731
468
1900
1025
850
1496
312
2392
310
713
0
208
2295
1296
1269
0
966
1638
992
450
49
1204
168
0
468
0
0
6
1786
348
684
1880
420
270
850
1218
80
2079
23
0
33
1008
1298
10
1035
165
352
304
1704
1584
1378
18
1450
352
1242
972
16
714
760
1116
2040
162
1272
612
516
912
1344
42
0
1173
26
840
1634
1683
1144
414
0
703
2223
494
0
2337
360
938
0
1054
1476
1740
0
342
58
207
1300
2193
880
1166
36
700
1040
980
950
900
0
0
1849
1794
442
45
351
165
648
275
162
756
1972
660
832
1118
713
208
0
1740
54
513
2091
150
180
1584
1320
208
2268
95
330
2040
192
903
1944
1764
220
462
1696
2065
1728
0
56
319
342
288
0
198
120
1664
220
0
75
210
782
880
308
360
54
3
1640
1770
648
38
1025
1066
1520
560
192
0
0
960
377
0
852
644
403
0
120
440
0
0
1782
1000
1908
405
105
1400
1702
620
189
54
756
1144
0
300
2016
12
2058
0
656
1452
539
1568
1775
0
528
544
0
1710
304
240
72
153
0
42
390
189
960
308
330
0
8
2296
5
352
1408
0
0
1440
748
0
1599
1820
27
1764
200
544
1560
0
1848
0
714
650
564
306
0
2065
238
1518
2205
992
160
425
1782
480
1032
1161
1260
5
31
1551
1628
2356
288
2
441
684
2318
663
1184
35
65
1430
1734
2160
420
0
1020
0
210
1496
1606
0
2214
110
1118
496
1173
2160
378
2208
544
42
720
988
126
1625
918
1188
135
0
345
1001
1794
210
0
248
1827
20
460
306
18
1144
1287
1862
165
527
972
1353
133
1584
1292
1776
380
0
0
252
1110
66
645
0
152
32
1536
1457
300
1250
228
32
660
1813
672
0
1054
1092
726
1472
88
0
392
1360
1558
516
2145
225
528
702
416
336
416
2100
0
1080
1271
989
1540
14
0
0
1242
1116
490
400
14
242
476
1180
1365
35
0
30
493
559
703
1504
1080
1560
2077
403
1482
704
205
0
8
1275
1180
114
2214
832
252
1302
18
2080
2385
245
506
0
0
288
27
315
1760
0
1800
49
2013
945
364
105
380
1408
1508
1836
52
28
2021
0
279
528
96
357
0
594
1184
598
1426
99
696
0
170
0
375
7
2067
1128
2
248
660
0
1566
0
6
450
95
1742
1056
888
729
1332
246
297
0
975
816
2077
1776
2378
768
2337
1591
891
896
0
945
0
180
0
65
741
520
1073
1200
1410
210
1296
1050
1980
63
21
11
1470
740
2150
765
0
200
63
104
1674
184
1488
1638
63
280
432
1170
1107
1550
2397
0
135
858
24
1080
2160
666
2040
651
81
1716
1408
171
380
560
1140
0
144
1564
128
1612
0
1763
48
0
261
4
0
1300
50
0
2107
1248
2068
826
98
308
1785
0
279
400
56
1240
1840
2000
1518
247
529
880
0
25
220
442
62
162
918
1015
1947
1683
6
1595
880
684
19
342
0
0
252
125
176
171
140
1770
180
2310
936
663
171
2112
378
430
40
1920
1302
0
594
210
950
105
300
355
918
1350
187
0
864
2
0
47
76
276
492
30
434
0
1580
0
0
544
1278
0
2295
1537
1116
425
1260
2088
810
2108
2091
180
112
704
2100
2120
924
348
0
240
125
0
486
1440
0
1519
2100
504
0
910
2100
286
1026
667
48
1806
195
2296
1715
81
320
3
693
2400
18
230
10
558
0
2070
1104
640
0
90
45
390
540
972
1850
1617
420
2145
57
1003
407
416
1476
40
90
0
360
1586
968
1275
1363
357
594
477
238
742
60
0
2
867
180
0
1375
48
2340
1989
988
20
2065
1209
1287
308
2170
4
817
1170
68
0
440
572
0
2024
1364
874
170
924
84
1155
8
1521
104
1092
460
352
630
2340
462
2108
0
2205
0
756
0
820
840
1116
156
45
464
1312
900
0
975
270
62
2365
72
0
342
400
130
510
0
1782
85
624
0
210
770
432
0
85
1260
980
560
27
290
30
1085
477
858
0
104
988
1462
111
1824
480
1449
84
210
1152
4
120
96
1276
330
333
2484
1080
814
1426
405
528
24
135
0
442
1736
0
1131
144
374
864
0
1036
160
1512
161
504
48
684
54
688
2496
570
425
0
1254
135
2331
60
24
754
555
0
500
1380
1560
258
1829
120
132
1659
396
1739
0
0
60
348
1431
434
144
273
0
0
858
28
0
1620
60
0
0
841
182
988
21
1880
1720
156
8
374
1333
826
24
117
483
1598
273
160
1365
0
663
0
2280
1425
0
704
330
636
1155
1845
1005
21
247
1224
840
768
36
800
1920
779
0
0
288
48
2257
364
616
48
27
126
204
155
1170
2176
1675
1100
836
820
945
0
0
2300
0
315
1014
950
2040
1140
1457
1806
312
62
60
840
420
988
1302
64
1125
575
403
0
0
1768
0
0
1705
357
638
1590
448
990
220
888
1634
1012
324
2438
480
64
190
1512
1320
540
2279
0
675
330
1820
2072
117
0
1440
1760
2438
820
136
425
1769
1548
1596
468
2280
156
2346
0
1512
1081
0
1960
1692
1944
0
1960
627
516
1540
7
345
207
1426
210
1295
253
272
120
0
0
1564
1980
198
805
425
1840
1014
1495
1764
810
740
630
620
1150
2280
0
1148
22
345
209
0
40
208
195
72
0
378
111
1274
450
840
1276
186
376
80
736
768
1134
1980
1908
600
63
1080
60
855
16
1334
280
990
84
140
192
1606
492
1943
352
2040
2016
1078
0
138
1377
1196
0
176
1496
11
2166
2360
1036
408
0
928
1620
1100
833
10
0
66
312
392
0
243
0
0
1188
168
0
323
48
44
2142
338
837
816
1715
799
2379
1450
65
18
640
546
1368
2048
880
0
144
27
552
400
1519
840
1122
192
915
280
1806
1968
2170
435
30
247
189
288
903
264
1176
180
0
168
610
120
68
0
1924
1776
320
216
84
0
945
396
144
744
1450
2
2419
1007
0
0
336
252
288
798
2257
1978
616
399
2028
0
234
1922
2356
27
81
1518
450
0
0
1863
64
82
1860
0
69
273
0
247
990
1770
1924
121
250
160
180
322
1980
210
0
1428
189
0
874
196
135
114
950
0
3
1856
1265
171
336
455
0
204
1860
888
384
1305
1188
0
725
918
48
110
210
0
390
0
480
1120
112
840
1127
1755
25
31
140
1110
252
1280
605
1728
684
44
1222
884
0
464
693
0
0
0
0
272
1296
392
0
513
416
1128
124
1221
18
1881
1034
1188
780
837
480
342
0
205
1056
1222
1360
0
840
180
84
343
2236
1064
1804
1792
56
161
1924
882
7
1664
2145
600
1440
2
986
756
0
2100
656
66
1628
615
1650
0
60
546
1071
1421
1491
948
2232
0
70
0
390
15
1643
224
1008
2176
2499
174
1820
75
396
1476
1092
130
259
448
1400
88
8
760
1131
697
423
280
0
650
468
1715
33
1820
544
1197
0
70
0
1836
1144
2392
1027
1330
960
0
910
0
1056
2014
66
676
902
2268
0
144
627
90
1911
0
2139
50
1326
1984
0
930
1720
560
308
0
119
280
464
18
748
1102
680
1520
1935
21
247
256
1598
560
0
1334
138
372
2080
240
650
1326
612
690
80
0
851
98
660
1764
1710
1643
0
0
7
621
0
740
1752
966
144
40
578
0
10
0
1281
2491
57
308
144
1300
0
660
40
612
1056
8
17
1566
1120
2320
1288
1176
1785
304
1204
1120
736
450
392
697
0
13
0
918
208
56
494
1221
1548
0
459
0
1960
144
870
1312
8
1568
1476
525
1632
0
208
2499
1900
1276
78
0
0
0
287
1408
78
2430
0
12
0
759
770
0
96
124
460
408
1677
1120
1890
231
1586
20
1440
49
2385
680
1794
0
0
0
1271
1134
496
1806
684
1155
340
57
1488
1275
1680
575
736
160
1188
1722
108
160
306
396
608
1974
1908
2419
1300
405
2184
513
1325
684
308
0
0
1488
1458
242
1488
180
1606
2301
36
74
289
405
80
176
0
72
1606
700
45
144
924
1107
1140
1472
1640
130
1960
420
0
150
464
448
0
1344
1224
1166
114
1550
260
1782
1798
826
66
512
684
1584
10
1064
0
120
154
1188
34
600
680
924
410
336
104
1025
544
11
15
172
216
171
1250
10
1152
1056
680
1705
33
1768
224
1911
1785
595
105
240
0
1380
16
520
752
1914
360
225
1196
63
51
0
35
280
384
624
474
1100
75
1475
912
54
744
672
36
1872
930
729
126
32
77
323
944
0
160
0
510
0
728
464
416
572
888
637
1825
2496
1525
0
60
42
924
846
1
540
300
1056
342
1496
1400
56
714
1188
520
165
207
576
1764
144
1175
0
2112
759
1404
1470
84
1786
35
2318
1725
2067
1248
84
510
0
0
0
1242
0
2074
1242
16
21
496
1280
60
192
0
384
168
1872
567
0
78
2070
1116
68
9
1160
0
60
1250
324
1254
612
152
414
2376
69
1410
851
592
817
396
0
245
2112
80
1326
651
224
0
1326
1736
182
2065
888
1612
400
364
0
2
1608
768
27
2436
1520
1760
364
15
168
69
2160
1872
574
782
150
1290
2450
0
805
1650
481
784
1350
1300
0
450
160
594
0
280
0
50
735
725
36
2109
1008
0
100
1120
0
296
231
1206
1254
2475
726
504
528
2115
2214
0
0
792
2244
108
1944
0
13
1071
1330
924
456
476
1026
2
24
36
0
2484
30
420
972
533
300
1008
493
2318
0
588
378
1140
432
825
1924
700
352
2016
1125
133
2058
400
1248
928
567
420
144
64
5
1755
0
1008
805
1586
35
380
238
1140
0
12
232
1260
80
1840
140
1704
176
910
312
1364
588
390
612
0
0
240
425
120
539
540
256
11
0
286
1224
378
0
0
2275
1428
496
57
504
36
1128
5
528
0
330
275
5
558
0
14
841
95
850
1596
1728
204
2295
2135
90
1081
672
555
1040
1050
629
96
896
448
1209
2356
986
144
8
378
273
216
406
144
0
525
1085
0
459
1242
0
54
0
0
104
220
238
0
962
42
0
1095
117
205
240
240
576
1653
1462
3
1160
666
132
425
510
0
1232
160
0
306
506
1290
180
64
144
782
1387
0
1932
2193
72
0
0
50
1750
232
60
624
24
462
2100
2100
391
700
27
1056
1664
1430
192
561
0
0
990
242
128
240
1782
228
330
1952
0
112
735
516
2015
361
108
0
90
792
782
21
20
40
650
1085
0
2438
288
108
803
0
1332
210
1792
2200
399
1150
0
56
76
1197
1044
836
1700
656
252
392
1008
11
40
960
1350
1722
1344
870
697
72
0
39
156
1395
374
280
1845
1628
184
52
1680
0
684
1856
640
2091
1813
697
624
540
300
153
484
90
1302
0
806
126
65
156
31
450
880
660
140
0
310
456
16
84
44
630
162
1584
2205
2491
160
272
2016
432
946
2205
252
0
1836
0
1400
1216
1760
570
1071
663
1952
3
80
540
125
1806
0
2184
180
105
312
172
665
1250
100
0
285
1890
34
1520
899
1716
700
24
759
1104
105
1081
832
117
1107
1008
28
1271
520
741
779
297
40
1020
1590
0
2065
225
360
1080
930
800
320
560
396
1258
2400
0
630
11
1656
0
1416
418
0
24
700
63
44
648
0
297
780
1575
540
1066
2400
25
28
980
324
243
600
1260
676
112
270
627
40
1248
468
506
483
945
90
1080
1456
336
644
931
1020
81
2464
0
0
95
0
435
504
840
90
798
231
1534
0
1025
0
680
1482
475
0
14
546
152
234
1378
754
1312
1989
210
1224
1972
735
1628
0
24
0
0
1804
0
1156
551
0
1612
931
364
252
136
126
1672
352
0
912
612
306
78
336
70
1950
0
483
1485
819
690
980
0
2052
1140
1118
429
352
68
760
224
576
12
100
1620
1824
720
2090
1476
1440
323
90
1288
0
891
72
585
1400
100
333
550
1034
384
1848
132
528
1116
1020
216
116
69
360
415
0
693
1500
0
735
960
2220
175
185
826
1300
930
114
880
121
56
0
25
0
390
221
1012
2400
490
1568
798
231
575
125
168
950
10
410
0
0
1280
900
0
2064
280
49
1720
1664
0
1005
792
2016
783
1710
1558
1204
1798
850
145
2
40
925
66
2112
264
2108
1281
693
1800
720
720
1210
0
24
961
1892
1892
0
72
280
0
684
630
880
1452
0
100
315
6
1776
50
1932
855
250
0
2046
4
60
1575
20
1360
1260
0
0
1443
2301
2242
324
0
182
1953
612
21
1521
1419
1450
234
240
1634
136
132
270
825
0
7
65
464
837
451
1505
264
1972
666
1633
280
2205
558
1480
1100
1333
0
552
180
1998
319
289
38
352
468
585
50
1520
1519
0
8
54
1332
0
396
874
22
1248
22
1591
480
578
18
0
132
150
812
1760
208
1105
990
84
413
2419
84
0
0
1932
84
729
108
1176
1224
2496
290
2025
9
754
2300
650
817
40
2132
1332
0
1768
69
165
496
90
621
27
0
1666
210
600
957
0
0
306
242
1600
13
1922
252
32
1980
1080
0
462
570
342
1530
144
1118
133
1590
1190
110
1742
528
0
1786
189
44
0
560
936
15
0
868
1085
1118
30
123
336
437
925
0
1798
532
400
357
648
1326
752
1232
540
748
559
528
0
1537
1408
765
200
18
858
968
1368
1560
1443
120
999
0
2166
578
1102
1519
336
391
644
1961
416
1920
1054
0
1032
47
285
1505
504
696
0
1749
77
0
540
357
518
1632
36
930
2107
2016
348
1944
559
924
126
0
765
0
40
98
3
372
820
299
1394
999
0
0
160
7
928
869
252
0
810
60
312
84
1755
726
663
440
252
0
986
1152
4
656
66
901
980
1464
1472
1105
476
140
2128
0
88
1716
966
1742
2
1152
870
243
1904
2166
1200
544
80
0
140
517
1426
38
250
1632
858
0
816
110
160
986
2052
986
0
0
1288
5
215
240
1920
0
816
1815
480
552
962
6
44
425
784
638
0
2040
38
52
310
0
464
105
165
342
0
1518
1457
12
2040
1782
969
1102
1419
1425
1035
28
0
144
434
60
1000
588
156
539
1740
1224
609
0
1140
0
1482
11
1848
306
2072
396
240
759
256
1682
630
1296
1482
24
456
70
364
0
380
374
738
102
1702
520
2301
1792
2244
1020
1368
112
15
1640
384
637
1080
112
154
525
483
270
713
1922
1380
2240
6
1870
11
464
318
738
1044
2124
2160
354
928
442
1875
230
756
12
360
638
1440
1632
248
450
222
2166
18
0
329
1216
1224
1848
1368
0
1612
792
224
680
306
360
928
2015
252
288
0
308
50
12
1075
1260
30
0
658
1925
855
1425
336
0
1104
525
494
351
135
81
522
1862
360
1881
0
504
504
1886
750
0
1850
387
1749
378
975
80
0
0
0
1426
0
1353
84
1000
366
1850
1400
315
385
1260
2135
836
540
1980
192
1092
112
2205
1900
14
910
2268
1054
13
168
12
624
1190
2392
1776
324
120
2124
840
744
2360
360
105
62
1386
784
204
0
1081
276
500
1280
8
943
2419
988
483
690
638
504
7
312
264
1768
708
592
180
864
0
806
378
1914
450
0
28
812
75
880
366
640
21
812
1431
820
1476
275
340
189
2
252
70
0
448
75
51
1134
1600
136
12
242
615
1272
1638
989
528
1682
378
627
204
270
96
266
204
2500
0
480
8
0
1638
0
1144
2240
304
1806
0
84
1984
10
885
0
1140
1485
187
90
1476
1323
336
240
0
0
45
1302
2204
952
10
440
5
28
289
44
1536
1026
1241
0
0
120
0
272
140
1560
1200
1848
648
1014
51
1131
253
0
1020
1482
1872
36
896
1026
792
190
564
0
450
290
1276
1716
1032
1755
0
999
1470
1710
1220
464
2145
1073
1008
48
0
208
34
0
1008
432
528
120
1175
8
3
180
0
1768
294
126
10
416
138
84
130
1104
957
1136
40
64
140
40
1932
462
700
1824
2010
12
1125
1800
290
16
0
420
340
1632
1173
0
1408
1650
288
0
1960
660
0
72
0
64
680
0
104
217
1155
144
1904
2360
280
429
217
630
255
378
405
20
648
17
90
2208
0
2244
2014
660
11
532
2135
1247
572
0
798
1029
210
2244
1680
216
0
0
1032
754
126
3
2288
0
1008
46
100
357
0
1480
0
1155
392
368
0
168
2448
1885
1728
925
2436
408
496
0
294
0
288
0
48
0
35
77
1634
129
200
1833
988
1891
50
312
0
242
0
420
1394
57
1104
1872
0
136
325
145
0
90
1053
0
1638
870
114
616
630
950
68
1280
792
121
950
456
40
48
1008
90
220
660
88
1972
1848
1856
0
1023
273
765
850
1386
1287
1715
78
114
69
372
1533
1121
408
0
945
312
232
247
1100
1104
143
182
588
392
27
750
279
612
102
851
72
1400
75
950
650
1924
30
1885
1120
0
1482
172
0
1357
0
0
1326
440
64
44
1664
31
1288
2112
0
0
7
63
0
1850
27
0
2112
60
92
396
187
58
115
1100
208
0
340
14
5
0
2013
1479
380
96
858
49
1450
1914
1062
2088
946
270
1120
1584
0
1944
0
1768
2144
564
432
1540
1394
84
420
952
180
2296
682
1530
0
704
533
728
1014
1936
156
7
1311
125
1254
441
456
48
0
28
736
1480
66
1020
286
840
637
2275
826
133
1520
144
0
2200
2200
2009
1360
60
168
880
468
952
572
1050
378
54
798
0
0
363
0
392
506
475
805
748
1680
1881
1215
1206
418
304
288
408
0
1953
196
969
99
2379
275
2014
1066
660
286
45
1554
266
91
1248
70
494
75
40
0
665
1540
40
176
546
29
0
425
826
1032
0
36
266
704
570
806
6
1221
1800
0
52
26
429
2009
0
1188
546
28
1650
1634
126
588
456
1640
1480
128
294
39
1742
1755
0
108
280
520
408
1422
2400
696
1196
1380
0
1815
297
37
2040
550
1550
728
110
2170
2204
182
0
0
0
0
893
0
1224
0
396
1035
2496
406
180
312
230
300
855
1458
1050
90
228
520
1350
1898
0
0
1920
731
1566
44
22
88
117
1827
1722
0
200
1150
45
1888
69
2464
333
651
200
0
1584
663
2132
2288
700
432
616
0
16
684
0
205
1530
840
592
0
336
0
0
1406
783
6
299
1980
0
0
50
342
0
126
1156
72
780
0
1452
182
1584
837
1474
2303
672
62
270
133
12
1612
126
2021
35
1568
1224
1700
488
0
1748
2254
156
1610
0
325
1482
480
759
589
0
2015
306
1813
640
140
336
220
0
1273
1078
1932
1287
330
0
105
1652
320
16
0
0
875
2356
1350
1032
1596
496
1485
26
957
583
243
252
1539
630
4
266
975
1690
1200
0
1924
243
110
1575
1938
180
105
252
170
930
780
1269
888
1240
2318
2438
0
741
624
220
1927
338
1176
147
378
954
792
81
2254
1184
812
1288
1682
162
160
1166
910
160
297
1247
616
2268
0
342
1550
870
19
0
264
175
1332
1739
66
2079
69
1292
640
850
576
6
1840
378
132
22
56
442
2040
2340
300
399
1512
861
1491
13
170
2400
928
357
1846
0
704
0
1520
264
2146
81
1708
1739
1104
1892
1250
1600
702
0
930
95
696
10
1760
1440
249
1950
1428
2208
0
180
1560
0
378
126
2116
36
88
0
144
1001
975
8
0
0
0
75
0
1728
36
1794
1080
368
624
140
390
399
234
74
106
0
600
42
986
810
0
272
1014
372
1260
42
52
600
7
1683
1365
609
1116
1472
0
2072
196
9
4
480
1728
56
1800
18
42
986
360
243
180
1102
20
2244
1073
266
66
95
399
130
522
1298
4
1035
441
0
0
1680
0
2232
0
768
575
1548
690
0
2496
1330
42
585
820
2268
272
1701
195
32
1023
198
1500
0
0
1120
800
40
1702
275
2304
1428
588
0
864
0
735
0
161
874
67
2112
0
175
2268
0
42
992
375
36
1254
2337
1740
341
1344
0
696
495
220
128
180
1776
2010
27
16
2040
527
414
4
1470
546
0
1794
0
0
804
1248
372
210
1105
1150
2280
1395
105
2059
1056
126
494
1344
2214
897
931
168
2120
1755
0
660
305
630
814
299
0
1690
2150
1700
432
528
255
1204
0
2279
1540
36
1496
180
726
860
352
342
1026
1932
2254
351
36
100
1054
0
1081
1880
2385
0
1085
1196
1836
0
176
1920
357
354
40
961
1770
0
625
620
0
1426
987
2300
0
1023
713
2144
1320
850
720
0
80
864
0
1089
11
1008
400
2010
2320
1672
120
108
1472
390
64
0
2385
700
930
0
2090
1377
324
276
1564
244
1224
276
416
460
30
108
2100
1386
0
1710
1116
60
2009
45
1178
399
1760
288
266
630
68
330
1320
0
0
609
644
36
782
0
72
1972
270
68
1560
0
950
255
18
2052
0
0
39
0
1
76
1462
31
920
30
228
369
540
0
25
816
2184
2091
350
1105
95
924
576
1560
0
0
528
92
0
0
837
129
264
208
440
23
0
2100
416
24
1404
0
1496
1476
2091
187
1496
1363
1207
315
2100
0
65
468
936
154
234
1862
324
0
0
208
432
441
784
308
1740
2048
342
1976
608
0
0
637
858
570
299
160
424
918
0
2295
455
132
0
2352
1170
235
2444
0
65
289
130
0
777
320
990
154
0
150
1476
104
0
2146
210
22
2268
738
0
1280
2100
2350
333
517
17
38
0
870
1537
667
0
0
2295
828
2400
1536
1242
486
2400
299
32
378
294
1083
456
162
2112
175
1620
2025
210
1292
987
390
2184
925
3
1968
80
144
348
1530
675
1073
88
0
1890
58
8
0
132
1947
32
702
1798
0
525
328
544
198
720
273
18
0
1218
380
0
893
0
297
10
450
1728
0
1428
840
825
19
780
1280
1495
100
484
7
115
192
0
1600
33
115
70
0
1596
162
1904
72
10
72
2
161
846
1872
492
168
290
0
564
1104
0
456
1800
176
0
715
1887
1400
1188
324
532
561
1584
583
104
1040
92
256
884
1323
704
0
48
152
26
1020
2160
648
957
1820
224
690
24
0
1888
1508
350
550
1152
1219
1950
36
1380
380
2193
46
837
4
480
0
1470
0
624
639
805
564
299
767
300
2430
0
0
0
588
10
1152
90
540
162
154
1505
0
924
714
720
216
0
2160
450
450
2107
30
0
1026
525
475
0
1802
0
819
575
720
1540
624
320
897
1488
360
32
1617
450
1224
374
64
858
0
432
210
209
315
736
2352
1628
551
180
1452
936
2332
360
1540
1976
1664
644
528
2420
2160
1288
208
55
784
0
377
612
0
506
589
0
546
14
0
198
648
325
0
567
810
1152
572
51
1920
792
832
240
312
0
1809
2236
374
2091
621
903
15
1728
1024
7
144
16
416
300
2074
1800
1127
0
1102
495
29
0
105
0
2166
1988
0
180
0
960
260
880
1015
806
114
0
1786
506
486
1276
2070
520
0
345
370
658
248
5
1408
26
1500
1008
102
138
56
1188
189
992
1650
50
369
57
2090
828
1540
0
1020
0
0
621
1015
2024
80
1188
663
0
0
1155
0
496
1728
120
210
780
0
342
510
511
517
30
1242
174
220
1770
80
936
375
252
1050
19
1820
756
350
819
0
702
1120
0
1330
812
2050
1620
0
2210
558
0
748
880
529
48
665
320
0
912
208
594
1
270
32
4
14
1312
1139
0
627
1488
585
60
98
1680
522
882
1755
1035
1394
238
140
85
2448
1122
329
1763
265
1856
624
21
1701
0
2496
1476
1275
126
770
30
1080
114
400
60
777
630
1020
2300
1190
840
84
410
1440
2080
1426
0
280
0
112
1720
1400
612
72
2176
828
1224
1219
720
638
0
189
1092
24
68
435
144
190
138
0
1880
620
70
896
330
180
2376
144
1120
180
1620
0
0
1410
2183
2109
390
230
0
630
946
1419
1323
0
200
640
1517
13
93
108
648
682
0
1984
1584
340
925
0
0
54
1728
54
1440
234
294
1470
124
234
280
1015
1568
1247
988
0
18
30
1722
0
0
228
30
1120
285
36
546
0
1944
693
345
0
450
960
31
638
680
658
336
1344
1344
1472
702
450
0
94
14
84
255
988
806
36
324
0
1550
884
756
960
0
0
1122
42
870
1696
529
627
58
1863
496
0
36
666
360
221
340
150
1768
460
36
1100
0
112
0
1680
2352
0
1302
210
588
1900
1924
660
143
37
30
850
576
1235
1769
1120
0
440
728
1850
0
756
1140
1312
66
800
2
980
1512
0
1755
110
1560
600
480
2112
1053
0
77
70
648
2394
18
1007
1080
1472
96
30
0
702
1749
120
1887
2173
0
2484
1140
600
84
0
1428
0
432
72
248
0
1806
648
1702
567
812
279
2107
1488
0
2142
224
1189
378
1102
1247
864
323
1122
2009
1188
840
1305
126
1260
68
725
2010
0
21
608
528
1298
2070
198
140
1705
1680
1680
0
0
0
312
90
1920
1764
408
2068
32
0
782
2100
612
600
195
25
374
1170
242
27
1824
0
1036
0
2226
243
370
551
1209
360
232
483
896
795
162
20
1892
60
574
2115
48
1508
1645
1824
714
891
1650
1305
2301
128
483
725
0
1617
2200
780
0
555
2379
8
384
310
1900
840
817
1075
2318
232
0
306
1947
0
1020
135
2236
779
2030
740
1769
1653
1128
441
336
210
2072
1380
0
60
1932
506
1242
182
2108
870
0
408
714
1274
1740
665
1802
208
2145
304
0
275
1296
1394
1598
1463
2223
204
0
585
544
1300
630
612
0
0
520
0
2322
893
39
361
32
2124
1482
882
0
238
323
1728
1566
416
1188
465
1430
760
1036
1080
189
896
1215
930
975
725
931
555
1140
594
160
1323
0
100
2394
512
340
1116
456
20
1050
663
91
2296
273
1152
56
168
35
80
2318
0
522
385
522
73
105
1696
2255
741
1872
1596
96
506
504
451
416
574
0
893
123
224
40
2496
312
1677
588
377
1330
1260
1755
2160
110
0
1517
276
1922
1406
0
546
399
924
2040
663
819
0
0
1334
462
70
1363
1260
6
2009
380
2091
620
1222
312
31
1496
450
88
1050
2046
1120
2236
1537
1281
48
12
300
0
1008
1102
2295
2310
528
1952
1533
0
75
0
250
1674
1225
54
0
282
75
96
1800
270
84
588
1440
1518
2112
0
1551
385
1880
116
1378
2150
552
0
81
1575
2204
774
1050
968
0
507
494
828
598
893
1064
175
224
357
792
220
940
0
26
861
462
2322
270
45
550
954
0
760
0
0
72
1176
420
990
204
56
275
432
390
729
558
1404
63
1530
777
323
1968
294
682
1326
0
416
0
40
1715
0
434
66
154
1680
1564
756
1530
1386
207
168
1107
0
2080
1056
1218
990
198
1512
0
0
1430
168
870
533
6
864
646
1105
429
546
0
532
405
84
0
1020
1480
69
2294
1392
572
1972
0
1020
369
1089
288
1554
1558
477
294
735
308
2090
0
42
44
308
45
480
0
0
2070
1363
1147
544
2200
114
0
80
700
377
858
715
798
986
931
1295
0
0
1560
0
1449
740
266
50
0
1326
90
340
555
539
736
0
418
432
688
42
45
198
2067
225
960
1288
0
2256
1755
551
152
1242
1176
0
2300
0
484
1938
330
38
95
2115
1534
1050
87
114
78
1121
66
969
0
624
1968
304
0
1089
729
441
715
57
264
19
648
0
0
40
20
1716
598
387
450
1023
408
242
1260
660
98
323
486
60
9
168
1620
0
2079
1134
140
253
329
112
1480
806
561
0
1640
1813
68
680
55
1581
100
868
231
1978
672
2050
1170
840
950
256
156
20
96
1428
1856
784
333
748
2046
144
6
2120
0
1554
168
1240
888
946
0
928
1369
2394
51
120
0
2200
0
2244
0
152
2091
125
2030
63
340
364
611
0
112
800
846
91
2120
180
1600
133
432
26
1152
1971
215
8
40
22
612
112
220
342
1036
1537
252
1508
0
357
195
1508
0
1188
1830
182
1876
1932
2176
338
1404
0
0
2430
36
270
1760
174
434
135
160
510
570
288
84
18
1989
104
2244
1410
14
180
1350
1170
728
126
1360
1400
64
144
424
1064
0
840
1232
40
87
289
0
2392
84
459
0
55
1440
1880
510
150
1995
1885
182
28
539
340
1715
0
760
1944
1197
638
646
420
690
2030
608
396
1920
322
2280
1350
1376
36
672
425
0
44
1512
896
440
1326
168
486
435
814
390
300
1440
0
130
264
651
22
198
1276
168
0
306
513
924
572
660
820
182
2068
44
230
496
732
15
480
770
0
456
2090
138
25
882
2145
1406
1989
2257
253
35
1085
720
682
1972
288
704
1716
288
2139
0
736
88
1692
1408
1536
165
230
170
459
168
297
1008
0
210
392
420
126
1085
289
68
180
1480
2450
40
0
0
0
220
1134
540
4
621
160
1196
60
1584
1914
320
1564
126
1584
1054
2436
690
0
629
1196
1357
912
846
1325
1431
1235
459
308
651
0
3
1702
0
456
799
0
0
616
0
1131
2356
2436
651
2491
2496
2500
2436
2491
2356
2484
1275
1875
2244
2275
2491
2419
1659
2059
2496
1204
1824
2176
2491
2500
2331
2331
2400
2244
2244
2496
2436
2100
2356
1476
1716
2331
2211
2496
2484
2419
2496
2419
2496
1924
1824
2244
1716
1971
2464
2304
2356
1771
651
2244
1824
2356
2139
2484
2464
1539
2176
2464
2016
2491
2464
1971
2331
2244
2419
2484
2356
900
2491
2475
2499
2379
2496
2484
1659
2451
2379
2475
2400
2491
2484
2059
2275
2491
2475
1539
2464
2419
2491
1204
2016
1659
2491
2464
1824
2496
2356
2419
2176
1275
2436
2304
2244
2500
2400
900
2500
2379
2475
2500
2464
2139
2500
2244
2464
2419
2464
1411
2436
2331
2331
2484
2244
2500
2400
2496
1875
651
2484
1275
2304
2379
2176
2059
2400
2379
1875
2484
2419
2500
2356
1771
2484
979
2491
2139
1539
1824
2500
2491
2436
2451
2496
2304
1824
2379
1600
2451
2491
2244
2100
2211
1971
2484
2379
2500
2176
2211
2496
2356
2304
2496
2464
2139
2304
1275
2475
2499
2464
2356
2484
2379
2436
2419
2139
2419
2496
1539
2419
2244
2496
1275
1659
2419
2059
2496
2484
2419
2499
2496
2016
2356
2356
2475
2100
2100
2176
1771
2139
2500
2436
2211
2379
2275
2419
2139
2059
2176
2356
2379
2464
2176
2491
2491
2211
1600
2496
2139
2419
1344
2244
2016
2496
2496
1204
2176
1659
2475
2379
2356
1824
1771
2496
2419
2451
2499
2499
1971
2059
2475
2419
2484
2139
2491
2379
2484
2451
2491
2484
2275
2244
1924
2436
2016
1344
2331
2496
2275
2139
2436
2400
2331
2484
1411
2304
2100
2379
2436
2500
2496
2499
2356
2500
2500
2356
2499
2100
2331
2499
2059
2475
2484
2059
2475
1875
2419
2304
2451
2451
2379
2139
2304
1824
2176
2059
2451
2451
2500
2356
2451
2419
979
2496
2139
2499
2451
2451
2211
2451
2484
1659
1771
1716
1924
2016
1824
2331
1924
2356
2304
2484
2176
2436
2436
2331
2464
2379
2475
2491
2451
2484
2500
2475
2475
2419
2436
2244
1971
2436
2356
2379
2499
2211
2400
2436
2484
2211
2436
2475
2499
2275
2464
819
2500
900
2304
2176
1600
2484
1600
2464
2484
2500
2484
2475
2331
2499
2059
1875
2496
1716
2275
1771
1411
2304
2379
1771
2496
2491
2451
2484
1659
2451
2496
2499
2496
2419
2484
2436
979
2400
2464
2491
2496
2379
1275
2059
2419
2304
2499
2100
2331
2100
2500
2436
2451
2464
1600
2176
2475
2499
2100
2436
2496
1056
2016
2356
2496
1131
2016
2499
1771
2379
1875
1971
2500
1924
2475
2436
2304
2400
2016
1971
1824
2419
2176
2176
1659
2275
2400
2475
2400
1924
2100
1824
2499
2496
2451
2275
2244
2496
2356
2451
1924
2436
2499
2275
2500
2451
2211
2451
2464
2419
1971
2211
1411
2500
2275
2475
2484
2500
1476
2499
1875
2475
2059
1659
2419
2499
2499
2331
2475
2331
2379
2400
2100
2400
2484
2451
2379
1971
2499
2176
2400
2464
2484
2451
2356
1659
2496
2451
2491
2100
2484
2491
2059
2379
2464
2304
2436
2275
2304
2464
2331
2331
1716
1716
2451
2491
2436
1924
2491
2419
2356
2496
2475
2484
979
2464
1824
2379
2016
2304
2356
2436
2499
2499
2275
2100
2331
2451
2491
2419
2304
2436
2496
2379
2275
2304
2356
651
2499
1659
2484
1131
2379
2436
2475
2211
2211
2475
1771
2496
1924
2211
1539
2211
2244
2436
2491
2400
2491
2436
2419
2451
2100
2475
2451
2211
2331
2491
2275
2379
2016
1771
1056
2275
2496
1875
2400
1344
2464
2400
2475
2436
2464
2436
2379
2211
2496
2331
1875
2475
2100
2464
2451
2475
2356
2451
2379
2304
1476
1204
2331
2275
2496
2419
1204
2100
2464
2496
2244
2491
2304
2436
2464
2211
2436
2244
2356
2451
2499
1275
2059
2379
1716
2451
2496
1600
2464
2016
1971
1600
2499
2436
2059
2244
1476
2464
384
2176
2464
1716
2100
1771
2211
2356
2464
2475
1716
1344
2211
736
2491
2331
1204
2304
2436
2499
2419
2451
2464
2491
2451
2499
2356
2491
2379
2496
2451
1875
2016
2484
475
2331
1476
2379
1771
2475
2356
2331
1659
2244
2304
2419
2496
2484
1971
1659
2500
2016
2451
2496
2484
2016
2491
2419
1924
2451
2059
2475
2139
1131
2419
2176
2400
2491
1824
2419
2400
2475
2496
2275
2451
2464
2379
2419
2100
2304
2016
2484
2400
1924
1924
2419
2244
1771
2400
2275
2419
2331
2244
2100
2244
819
2464
2059
2451
2475
2211
2304
2304
2499
2356
2356
2484
1971
2275
1539
1344
2464
2499
2400
2475
1771
2211
2304
2436
2496
2499
2400
2176
2475
1771
1716
2304
2491
2475
1971
2484
2419
2016
2451
2275
2464
2176
2244
2496
2464
2496
2436
2331
900
2464
2464
1875
2499
2100
1771
2419
2499
2244
2379
1971
2499
2211
1659
2451
2379
1771
2356
1924
1771
2491
2484
2275
2016
2451
2436
2139
1539
1659
2491
2419
2211
2491
1659
2244
1204
2100
0
1824
2499
1824
2475
2176
2499
1131
1875
2436
1924
2496
2419
2484
2500
2176
2304
2464
2379
2484
2436
2419
2475
2499
1971
819
2016
2176
2491
2451
1971
2244
1924
2496
2496
2275
1924
2475
2016
2436
2059
2496
2331
2419
2500
2176
2436
2491
2400
2484
2436
2499
2400
1275
2331
2139
1539
2331
2331
2491
1539
2464
1924
2331
2211
2100
900
2500
2436
1476
2211
2100
2451
1875
1771
2491
2016
1204
2400
2304
2491
2419
2176
2499
2275
2496
2139
2176
2016
2379
2496
2500
2356
2379
1344
2379
2211
2356
2211
2436
2356
2491
1875
2211
2496
1659
2496
2400
1476
2304
2379
2275
2475
1716
2356
1600
1204
1875
2244
2496
2491
1971
2419
2464
2176
2331
2475
2100
2400
1924
2016
1600
2475
2484
2059
2331
2500
2304
2436
2139
2500
1476
2211
2451
2100
2176
1875
2491
2211
2356
2356
2475
2379
1971
2244
0
6
0
