81.1101
-176.9074
-162.6652
-55.8389
-107.0192
163.8724
-31.5996
-41.3971
-59.4627
31.5168
-648.5488
-14.9403
-137.3422
-32.5217
39.9706
-232.5880
-2.3875
40.1889
72.7262
55.4698
-49.6508
67.3289
6.4777
-13.0858
55.5708
-672.2651
-28.2353
-49.7927
6.7331
50.6023
-474.6734
100.3839
-643.6212
-8.5839
-1.9027
-4.4123
-149.7768
-199.5023
12.0479
20.1703
-15.3588
34.5363
-128.0537
-28.5845
14.2082
-36.5279
-171.6487
134.3845
87.1091
74.4717
-37.8128
-38.2771
-20.4887
118.3165
35.0098
15.0398
-88.7248
117.1307
-689.3224
154.1312
63.2439
14.4706
-40.8003
106.6403
53.2862
-11920.5450
22.6556
-114.3974
-119.8895
5.2166
11.0917
-12.0904
-104.5445
113.0151
49.3066
-59.0279
211.7238
479.3735
-716.7669
-37.9125
-68.2657
6.9332
-62.4277
-40.8338
55.1100
113.8644
35.4503
55.4428
-28.0402
71.4194
-262.9713
5.6099
3398.9103
10.1646
-71.8981
1.4169
-122.0826
-169.3232
-5.7893
2331.7956
-32.6340
-19.7084
35.0166
334.6390
-37.8890
-248.7744
-27.4815
7.5089
112.6692
-39.6755
-54.0261
66.4640
79.0339
-352.8742
16.6673
11.2056
-82.4424
17.8745
-113.2592
-33.3353
81.2754
24.1861
9.7270
-21.3794
2.9847
-5.9660
295.4066
2.0647
-15.8560
-45.8368
364.5055
164.3719
-127.6265
392.2371
55.2868
3.8162
-45.0310
86.0497
-66.0700
-30.7564
19.2996
26.0246
32.0983
-373.8237
-44.0263
-12.9100
60.2771
-16.7522
96.1082
60.6327
354.3158
33.1128
335.4176
70.4733
3.9170
-15.0021
0.5773
-237.8193
73.5062
-213.8337
-40.8040
4.1214
-74.9857
16.7869
-41.7743
-59.6608
-15.0704
245.5338
177.2226
176.9646
59.0531
-53.7764
-31.7928
-17.4144
-4.1751
23.0278
0.3571
40.9090
21.5976
-3.2089
-263.2284
74.6662
3489.8323
24.4424
52.4295
-197.7712
-4.4057
-115.3638
-5.9676
-102.7963
92.5464
-31.6604
-57.1975
-18.3886
-162.6231
-201.1178
-28.5181
1310.8262
409.5122
62.7111
-121.3117
-31.7099
-94.4768
-16.9764
-7.0148
15.7183
31.9897
5.6592
17.8288
-125.5842
-290.9430
36.3584
278.5306
6312.6755
-0.0080
-62.1721
-693.1957
27.3945
-16.3357
-24.9930
31.7796
-195.7127
60.9847
245.2067
-11.0065
-122.4162
37.9643
-22.0283
28.4519
-59.1471
39.8794
-68.0434
-35.9253
26.2450
-74.1152
-31.0006
20.5766
-34.4223
-36.4636
129.9021
137.5204
83.7700
-801.6445
24.3550
-439.1435
-3.3107
-50.2498
-1276.7301
19.6625
-3.9456
-135.8169
733.1537
-17.1837
11.0235
-12581.7315
18.5535
7.0823
69.4903
25.9544
-18.8758
-15.2620
38.8785
-74.3322
16.9120
-25.5429
-58.9510
66.6223
-30.1831
2186.0128
-34.9401
77.9563
231.8356
37.4655
91.8765
502.5070
-162.4765
18.2409
29.2252
-36.8052
-72.0747
24.7791
29.4536
114.5736
18.2911
-163.2797
27.4122
217.3723
60.1368
-141.5708
-96.6836
-418.3641
56.0894
-36.5578
44.7541
46.0632
-29.1887
109.9519
-37.4001
73.9180
54.7915
-0.7651
183.3346
89.4226
49.1464
11.2779
-5.0685
-238.5604
-287.3833
32.0979
79.7032
-68.7352
5.9242
-26.9255
12.1232
-7.4875
51.8709
17.9286
-252.4721
294.6034
9.6217
38.2679
37.4387
-0.9038
-81.8184
46.2073
188.6207
-8.3059
14.1957
23.8149
-33.6625
114.6969
25.5219
14.4420
34.5138
-35.6146
49.3665
-94.5473
-80.3334
92.4958
57.6738
23.5237
-35.0498
17.1733
-15.1660
19.7490
-130.1793
145.3172
-83.7980
29.7573
-7.6730
67.3627
-29.1835
-34.1928
-46.7318
-118.4517
38.2513
-13.4343
-25.8582
172.1973
-7.7794
-140.4965
151.3761
-74.8305
-129.8791
-67.7625
-51.7221
24.6879
-47.3505
18.3279
160.8566
-48.0756
34.2053
201.6487
18.5540
-3.8382
34.7011
-104.9731
-389.4417
-54.3247
56.4575
386.6361
31.8521
-5.0244
-61.7370
86.1028
-314.3791
-12.5473
-1.6802
15.3376
7.0745
12.5158
83.2111
125.4230
200.1114
-60.7741
85.3468
22.9276
4.1511
-41.7479
16.0999
-104.4936
284.2351
-54.4840
38.8324
23.0745
-49.0054
-5.0485
-82.5226
-102.3792
-3.7172
42.9563
-7.0251
37.5728
-78.9829
10.8248
-172.7082
-167.7386
-5.9443
-70.3712
-44.6835
64.3015
-4.0352
108.0310
-52.0538
8.9295
2060.6829
43.2108
63.1611
9.2620
-54.8898
170.0201
-66.1291
-20.6581
15.6526
-7.6511
62.3422
-9.2244
2.9248
-178.2222
3.2152
-84.7273
-25.5852
72.9857
87.0280
2563.4613
94.5953
-32.3666
-46.6748
-112.7551
-119.1916
-77.1968
-17.6986
-2.7829
-222.3617
38.8563
-53.4808
-68.0956
1193.8906
20.3645
-134.9360
54.8568
117.0386
-29.9245
-19.0901
126.6347
-179.0372
22.7807
33.8906
-33.1124
6.6478
88.0067
95.5976
2.9957
-273.7437
-7.5951
4.3695
125.5642
66.5159
23.0327
81.7506
-4.7820
55.4332
325.5697
-54.1902
-51.5117
-22.8270
24.5886
-74.4486
-123.7017
-24.2395
-48.1606
-4.9358
82.7477
63.7075
58.0082
90.8674
19.8199
27.7672
-135.4015
157.0001
-1.8176
-11.6869
-47.8232
-90.3788
-53.0978
63.9192
-57.9709
-84.9228
-175.0210
1.8588
-28.6397
49.5137
28.5894
39.6512
46.4676
27.0291
432.8294
-120.8470
-38.4218
62.0227
16.7691
56.1132
26.8920
-60.9585
-32.0974
-24.2345
2.9636
139.4016
-97.7623
94.8411
144.5575
21.6440
98.4333
509.3088
-122.2123
-5.6594
-4.3747
65.5113
-14.9294
33.6170
556.6672
20.1042
-24.5984
-49.8796
108.7534
-319.5333
73.7536
13.7891
18.5588
38.7189
6.7084
104.0896
-38.9132
74.6899
-66.5769
-13.4593
-84.4548
87.4325
-162.0250
178.1782
-84.9386
-68.8976
-21.2354
-75.2322
36.3850
-109.9814
-12.6697
27.5818
-32.7682
92.6462
-0.2757
-172.4243
146.8530
-14.3321
89.4586
-72.5642
108.9408
47.0926
105.1753
261.1901
58.9076
9.8393
-14.0716
-517.1341
-69.9668
421.9321
176.4110
83.1079
-29.6570
-174.0387
-49.0460
56.0932
-33.8879
23.3095
87.5456
390.4316
-29.9217
3.1550
51.4815
125.4431
33.8972
28.4294
-55.0754
-19.1918
179.2170
55.9652
-10.4659
-47.0227
-34.7046
-33.3358
-24.4202
56.8978
2.9760
854.2355
3.4195
-19.4175
64.0057
-51.4809
110.5398
-50.3940
539.5807
-117.3240
32.4125
-124.4075
2.6175
212.6794
-0.1035
-6.3056
-53.0544
-26.6622
58.6760
7.5296
21.3156
6.3572
-15.5901
-68.1393
32.5540
27.5531
34.6216
16.8884
-20.0804
-2.3708
-30.8688
27.9907
21.5087
-197.2960
79.7355
12.0805
11.2541
36.3874
-4280.7447
-33.4477
172.3773
271.8749
107.1482
-190.7873
-68.0122
51.9313
-11.2047
-79.6328
-244.4205
-5.8075
-205.0514
10.8351
-33.6563
33.5107
18.2919
-48.6489
24.6034
214.6090
-13.9663
-20.3221
129.5449
-10.9419
-117.7358
65.6215
-82.1192
327.1004
-93.9908
-64.0922
16.1031
-1307.7945
15.5457
-6.3707
-148.7479
-160.8103
-161.4859
-123.1355
9.1658
-27.8696
30.3816
64.3233
-51.7956
-3738.6685
-448.7071
30.3619
18.5871
-96.5056
169.1005
22.4767
82.6570
-4.6289
883.4375
-82.4254
-13.9243
58.0456
16.9409
-83.8664
-310.7060
50.6201
-65.6470
-5028.3674
-38.5175
-120.8741
5.3527
-71.9058
-5.6153
-9.0720
8.3420
-39.9806
76.1875
106.4191
773.3185
-9.5011
4.4699
66.4101
-4.5954
20.6818
-16.7777
-21.6307
-1.9339
-8.1101
-329.7930
86.3651
-2.1738
-5.3585
556.2059
8264.7548
309.8167
45.3925
14.2658
39.5629
50.0652
54.5521
59.4497
-46.7926
66.0407
180.3208
82.4308
-6.2970
141.0176
8.3833
91.6273
5.3971
-4.5022
17.5541
-9.1083
-44.5063
42.7541
0.8287
75.6674
58.7376
46.2213
155.4543
16.2399
-156.3845
-25.5455
-44.0975
50.7597
0.0286
12.7947
30.3110
96.2685
34.1073
9.9497
5704.7028
-46.1329
-35.0574
154.8308
111.4280
-56.2024
-25.9936
-2026.0838
1.7371
54.3421
-0.0199
-23.1527
-217.9161
-26.4883
12.6460
115.1831
58.6430
-132.8873
28.3571
298.0018
267.3743
26.9065
12.7818
-34.1696
-20.8228
85.0212
-19.3925
-22.0329
-100.0744
2.5563
-27.9823
-167.4693
74.7613
-17.0076
-1830.7889
42.8870
108.1489
-19.2442
110.0740
31.9837
24.0666
-71.9309
-23.7797
-108.4183
8.4020
-26.4200
-73.5760
29.2035
44.7375
-84.7356
64.6533
-1.5723
26.7312
-177.8087
53.3644
23.7264
337.3730
-36.9556
-357.7781
-46.4598
2951.0337
-100.9486
-124.8137
-91.5640
69.6344
40.2171
-89.2187
41.2482
-27.3008
165.8784
67.4961
-24.1650
-63.5423
79.2994
10.5399
-33.9948
26.2665
-220.6794
0.7758
-300.8291
-162.8250
-37.2892
-10.2026
-31.3260
-196.2080
35.5482
535.6978
-6.9192
-31.2827
-7.1745
49.3860
6.5482
131.5620
-35.4913
61.5087
8.4356
-449.4611
-14.8388
30.1738
-20.5861
-118.7679
-42.1502
-55.1470
159.4964
13.4982
-72.5930
51.7148
-39.8350
156.2238
62.1564
30.2794
40.0962
9.2239
-200.2542
27.8018
-109.2695
-6.6697
37.3577
107.6948
24.2269
-188.0568
92.9076
-76.1334
-44.0465
-33.6974
4622.3030
-16.9857
108.9489
-29.9786
16.1273
2.9739
-75.0656
5.8722
49.1469
107.8800
-127.1267
20.6798
-129.6471
-55.2117
58.6683
-39.8306
33.5758
433.4124
89.6233
28.9923
57.5086
-3.8002
-35.0094
-55.2802
-61.7418
-330.8006
-329.3484
-378.7207
4.9593
-190.3725
-5.7001
-0.0828
-19.6512
149.9741
83.6587
44.6019
60.0873
-7.7836
-8.0990
-175.3797
2.8007
-216.6511
-54.6703
27.1148
-75.5981
-53.5970
-4.9625
80.2239
657.3493
-4.2308
51.9237
-1222.7467
-43.9897
-21.8103
-114.5320
99.3351
-7.9215
5.2330
62.0928
64.8752
-27272.2418
-29.2337
-1.0518
92.7180
-29.0633
74.3412
-86.0810
-78.2024
19.8484
-13.8885
-2.8769
35.8860
-99.9867
52.3928
35.3992
-9.1012
-52.6778
-9.2554
11.8162
32.5755
43.5880
-352.9593
-2.2168
-97.4017
54.1117
19.8906
-102.6516
89.6587
-343.9561
-54.5679
-110.9345
2.3105
50.9098
-3.6127
11.4095
76.6699
-278.1161
74.7569
-3.5890
44.2950
113.1999
52.6970
-89.7529
47.6608
-12.0493
-0.5940
72.5750
-165.7094
-9.6640
-10.4200
35.8329
159.5169
-1.7759
21.7249
94.6334
-95.4322
-123.7817
69.5163
-41.9151
11.7002
1253.1385
-60.3362
8.3160
-58.8558
121.4485
-73.0728
-68.4414
-25.1606
1590.1284
112.7598
-6.5695
30.1652
21.9729
-276.1107
-12.0025
-114.5073
-425.7412
5.0398
237.8552
-9.9243
31.6658
93.3643
-73.7204
-5.5011
-30.6979
20.6056
488.3546
-28.0398
-56.8558
-28.0585
24.5326
53.8610
44.5485
-27.9688
249.7214
-1306.3728
10.8313
42.6256
104.4901
-28.2447
-5.3363
1229.4314
68.0590
-271.5280
-165.1762
34.5979
9.6616
-48.2491
4116.6608
-15.0734
64.7042
-6.5879
-86.3215
-70.7502
-355.2535
73.5289
328.5444
-1737.8465
47.3482
23.1257
29.1244
-31.5794
-19.3213
30.8845
30.0270
-41.4452
112.0168
1984.5260
-85.6849
-260.7307
-26.5278
-8.8548
72.6335
36.8723
-37.7452
-38.8884
-1.0941
-8.0561
135.2889
116.3010
78.2850
68.9294
138.2959
64.8795
-34.1932
-85.2927
98.8508
-245.4941
23.6157
37.9734
-32.1746
-10.2520
84.8589
35.6321
6.9811
35.0875
5.8600
-4.0881
-388.2983
59.1727
-67.0454
-112.5831
74.7815
-1285.8543
100.4399
-13.8252
-66.7438
-6.6289
-53.8713
107.4723
5.0151
-14.2578
-205.9558
74.2273
-11.2575
266.4899
98.2730
-437.1343
-12.0119
83.2167
-2112.6798
-6.0691
-130.6592
-75.5877
69.3876
-167.5369
42.3537
698.4890
-79.7599
3550.2823
29.0999
0.8506
-98.7964
-61.5446
-76.0553
42.6978
97.9557
627.4721
-8.8468
151.8254
-211.9872
-32.6756
-2.6764
129.0481
45.6135
-132.5153
-223.4602
-145.0030
53.1246
-99.9522
-100.1708
71.9755
18.6182
-173.6113
35.5349
3.7436
60.1130
94.4325
64.2118
14.5306
-17.4487
-369.4719
-46.1500
25.9012
38.2711
-120.8239
-132.1897
-59.6913
-6.0892
-45.0530
562.6960
73.4565
-42.5358
-9.5684
-19.6903
94.9302
-177.7138
-93.9692
22.9435
133.9044
130.1880
-26.9225
-94.0450
3.5937
83.7364
-353.8488
50.5095
109.9881
-126.1036
-11.1835
-99.6302
-44.9491
56.4848
63.8817
-5.4975
-2.4196
104.1881
-119.1320
109.7514
-36.8161
84.4477
-43.2831
3.4051
8.7755
235.0524
98.5372
33.7752
53.9841
56.9956
48.8999
97.9279
-1108.0299
218.7142
34.9954
2.5229
-329.5471
-30.3907
-1.2539
21.3509
6.7940
8.5636
-1.7633
12.2475
-101.1599
68.4902
56.6914
49.1740
-58.7296
25.1213
16.6201
12.0933
17.0809
20.7994
86.6688
-67.4711
-69.1637
63.6642
380.7484
162.2802
-49.5644
16.2154
-189.5628
6.7727
136.1983
-75.2551
5.9513
-62.6504
-134.9542
-142.4598
97.5193
-121.7387
-40.9151
114.0206
-75.8246
-58.4904
-48.4281
24.3489
-33.9040
14.0311
-180.6677
380.8595
-16.1604
6.8315
440.1912
14.9354
36.1590
-89.1276
-67.1716
1.6047
62.0070
6.7652
-94.8133
-99.5269
-59.5422
22.3362
-27.6434
-29.1231
-80.0787
-44.9013
14.1749
-59.4016
54.6617
-175.1514
-20.7905
48.9160
214.5401
-65.0224
-47.3468
-3.7302
-456.4029
81.2110
151.9124
6.9746
101.4432
-286.3546
39.8243
-78.7145
-19.8859
-5.1153
-4.8159
-110.0501
-21.9057
124.9348
866.8157
-9.7509
103.8945
263.4978
-30.0297
2.7057
-49.1349
-97.3710
-96.8787
-66.5083
77.9874
95.0544
66.4751
61.1371
-51.3796
145.4366
125.4970
-18.3984
73.7665
4.5432
-62.4696
876.9117
58.8178
-283.9251
-32.7046
35.8267
32.4149
102.5340
27.9441
19.6841
48.8533
54.0412
1.6373
-14.8564
70.2608
-6.2971
-4.4842
-203.3596
-204.0347
-22.8240
-12.5173
-51.4559
26.2016
22.9506
793.9475
61.8358
-2.5620
-34.6062
-86.7218
-63.1935
723.2620
63.5884
-33.4559
-116.3236
-124.8671
-34.0117
49.2108
2.5865
-80.6144
-27.7946
-52.4421
-43.9951
82.0650
347.0933
896.8724
68.2217
44.9480
61.5137
-213.1899
60.0451
540.3773
-22.4468
38.9459
-9.0402
255.0553
-77.4758
380.0072
-56.6638
9.9003
173.0752
-64.7602
-64.1804
-128.9874
-100.1516
-94.3269
71.1935
-68.0164
-74.0046
12.2259
25.1958
130.8939
57.4592
-77.3464
-1251.4721
-206.8053
53.8783
1.2824
-98.9639
-27.5016
6.4562
1.2600
-48.6061
25.9871
-3.9663
125.4694
15.9502
17.3259
79.4948
-182.0870
-37.6170
54.1751
756.7563
7.9313
-58.6831
-16.1221
-40.0839
5.8142
-1431.1808
-6.4076
3.8191
-22.0149
19.0860
-2.4417
28.3130
-50.5680
27.9645
-38.4437
155.3621
1080.0194
132.3898
-3.1669
134.0628
36.9522
-331.0385
-17.2683
-44.8005
395.6781
-2.0839
-436.9857
-411.5557
-33.8444
-13400.0190
527.9923
210.6214
259.6944
3.4991
-44.0874
-124.7321
5.2215
197.5342
70.1989
-15.9006
98.1556
-62.1605
-1.6583
-9.5436
-72.4369
-4.8001
29.4219
-7.7606
-798.4014
552.4584
2441.7628
48.7610
55.4177
292.7577
110.5035
-8.5279
29.9606
423.6931
136.8517
8.8907
634.8293
57.4964
-83.6975
46.8507
21.2812
-123.7698
83.3678
-21.6624
30.8252
-8.0048
-73.9659
3.3226
29.3212
105.2863
-79.7418
-31.9937
131.4612
505.3321
98.9566
-2.6829
26.7412
-335.9479
13.5992
56.0264
-7.5255
8.9020
192.5213
-58.4589
28.2801
67.6398
-52.1852
59.5277
-15.7498
-5.4595
88.0464
86.2991
15.9518
134.0446
1.5152
-87.8228
-3.0177
-376.9412
15.1648
-318.8578
-64.5492
-13.8236
133.1288
-193.8209
-230.2223
-29.1184
-71.7452
-466.4305
34.6167
43.8424
47.6625
20.1040
130.7498
82.1771
4.3211
-32.1925
-257.7550
-73.5778
-14.0520
-41.7707
76.0086
-61.8749
105.4170
-6.1379
-6.7668
-39.7801
-105.2264
91.4983
53.4664
-21.5707
-20.2329
-60.2504
1330.8588
9.0067
35.1274
-54.4101
73.3368
20.0599
94.1372
19.6190
-56.9104
200.5154
-24.6842
-478973.4689
194.9230
-8.4127
5.5784
-49.7272
20.1016
-46.1507
322.9326
63.7239
-169.9555
-87.3542
50.3057
-66.4844
-20.3110
-132.4685
19.0975
-74.3176
-5.5958
42.8434
69.5110
-78.9092
37.3730
-44.7586
5.5941
89.4784
23.7002
-22.0060
297.7035
35.6180
1.0965
-38.5350
59.6858
-45.8042
-195.5489
53.2977
35.1113
-379.5448
-1282.7043
-43.2875
-4.7475
47.9025
-21.4483
-5.1830
-4.0865
-111.9961
-63.8957
101.3542
-79.5473
-22.9747
17.7197
-172.7191
-50.7496
13.4914
85.4270
-0.2045
-61.6306
-47.9245
124.8914
-11.4120
42.1747
-53.2277
-1.9530
-7.9615
10.0756
144.0529
48.9154
-16.4140
65.2439
61.2531
82.4320
-2305.3480
-5.8561
-25.6853
13.5917
31.7884
112.0556
-2.3264
-2.1113
7.1233
55.5078
-19.1336
-641.8717
-533.3272
-50.2097
29.5802
-53.5673
-144.3319
23.0552
91.7697
16.8625
-1.9843
32.3092
-34.1394
-57.2512
66.2824
96.2975
105.1298
243.6930
-3.8094
-99.7130
93.4970
15.1605
-11.6432
54.2372
46.8139
94.8960
-50.2317
19.3494
-35.7256
-53.3356
-55.3117
149.8529
34.8733
-35.2216
46.8877
-72.3361
104.8301
71.4903
140.2669
-703.1673
-295.4485
377.6091
-154.2203
55.7547
55.4106
-13.2109
73.7722
-233.0183
-7.3697
-2.7695
85.6760
27.4559
15.5560
71.9437
-31.7246
20.9450
25.4810
81.4961
-130.7754
265.2384
105.6930
-0.9126
42.1698
-20.4410
13.1410
85.7622
-4.1798
117.8663
5.6047
1.9562
91.9641
12.2434
32.4510
85.6913
-278.0524
112.9532
-120.9160
-56.3459
-30.5774
63.2333
-91.3534
-98.5315
-2.8587
-40.0334
0.6327
36.9568
-61.1324
40.4030
16.6187
-25.8234
5.7044
-25.4007
12.6432
-23.8799
108.2157
3.2064
-205.4661
-1005.1068
-8.4803
-135.3213
133.9143
-100.5875
-137.7210
33.2683
-82.6850
64.4619
53.5234
55.8956
392.6806
-65.5665
-202.9480
6.2196
87.5202
-3549.1899
-170.1794
-91.4428
-32.3018
-121.7866
-34.5222
87.0042
-35.3213
-22110.7107
3.7908
-210.9808
74.1046
464.1289
-123.1285
-21.5908
-116.4834
35.8153
-15.5395
-146.6532
0.0227
-39.4937
-13.7213
-72.4404
40.5768
-40.6205
-227.3708
-1.4022
-74.1924
290.8405
236.6610
1.8918
18.7276
36.9371
22.9275
88.9972
87.1479
29.9746
150.0540
-74.4788
46.7836
-35.1791
21.1162
-23.6308
7.1657
-176.5696
8.2131
76.8327
-92.5493
-246.6909
17.5532
20.1630
3001.6413
15.3731
-148.5694
-176.4564
-56.7327
73.9797
17.4948
-5.7774
-87.9649
123.0208
5.2628
-376.0268
1060.6657
-61.3378
-161.8937
32.0028
112.5858
-255.9900
-254.1006
239.6682
-143.4042
161.2350
9.4809
-63.8822
-1090.7427
-39.9448
-79.0932
172.6842
73.7309
443.5268
-71.7000
-23.5362
-51.5842
-14.0159
-4.2880
80.6377
-128.9597
13.8892
-268.2429
81.2119
316.3468
-45.9283
6.5533
2243.9335
-121.7591
-69.2371
-40.6981
15.2954
869.1572
74.4654
40.1576
-49.5990
41.4083
-72.2596
-30.5674
-16.5398
440.3807
39.5459
27.8284
667.0415
1.8152
157.3067
-24.3200
-189.8066
9.7962
5.3251
88.4747
24.0890
-21.0163
58.7617
303.5469
36.6489
-32.2486
-48.1092
-39.9812
63.4071
2674.7908
-70.7305
-24.2791
18.9862
-0.0313
-15.2435
53.5497
34.8775
31.8133
-49.8311
147.9683
-29.8862
242.2076
-38.8123
-131.2488
-10.4101
-23.0787
-52.8718
113.8267
246.1825
-299.8205
4.6413
11.7750
-50.5289
-66.1958
2632.8314
326.5746
44.0947
-34.1759
-160.8686
65.2938
-67.6797
261.7625
-84.7917
-112.0935
-54.9321
38.6023
110.1852
-34.7432
279.3301
-1242.0143
-16.0134
16.2415
-87.3370
-2.4523
-159.7959
58.6598
118.4968
138.9576
-47.2545
17.7604
6.7924
-48.4965
-143.5593
-88.2099
-40.2766
-116.4295
35.0216
6.1212
-86.6963
-4.1525
63.4976
61.0712
2.2293
-380.6984
-281.5832
6.2185
58.6104
44.9967
-18.8382
-19.4467
-61.1871
25.4787
15.4445
-107.4150
6.0575
15.5681
-84.5618
-2.3392
37.7014
2.7157
-44.7152
14.6977
14.0128
65.6048
-20.5387
-25.9297
107.6245
27.1780
165.3328
2.3594
-499.2391
168.3497
-69.0210
-5.3053
7.0495
14.3842
23.7405
1.6451
254.2970
-34.0632
-80.5323
-92.9715
6.9714
-15.0537
-11.3488
-66.2761
1494.3812
-273.9704
1.6532
47.4034
41.9553
11.8264
2.7077
-56.6312
-25.5695
-78.0891
34.1530
-80.1397
-4.0127
61.0100
-36.1941
3.5460
-30.5098
130.1200
-26.7712
51.1377
85.8107
16.0517
24.5521
42.0881
-23.1627
-9.8957
-1070.7007
647.1063
18.6286
228.0954
22.5381
-69.2685
-36.6897
-36.1495
108.8800
9.7558
-42.4607
-214.1105
-388.4732
-182.2956
-33.8562
-29.9300
-40.7358
133.4306
42.7094
20.5750
-24.5018
-10.3786
-91.1872
-1.1280
-21.8176
-38.2710
37.9115
42.7426
33.5073
53.9598
121.7319
-38.7368
88.1453
-99.5764
-2575.5655
-206.0972
-6.6050
99.0960
-24.1991
38.6258
4.2513
-36.3635
8.0568
-88.9126
106.1155
-0.5483
219.0233
54.9529
-43.7986
-158.1906
6.8317
-8.5712
-76.4597
-66.1613
21.0617
4.1054
-5.4161
47.1111
-82.5490
-99.5395
45.8879
12.0259
-770.5156
-37.4341
-4.8670
-25.6760
-18.3301
-32.0248
-240.3979
9.2307
127.2641
-18.3034
-445.3597
-89.0826
-24.6615
93.3514
-344.0773
-9.3231
-38.1994
-76.0510
-30.0611
38.6367
-19.3662
-30.0837
-83.0593
135.5202
-43.3152
-112.4977
315.0057
-77.1616
39.9645
3.8635
50.3602
69.0705
6.3713
5.2284
50.6975
100.4865
-89.9517
-141.6050
22.2101
-177.8949
-61.4842
54.8784
-34.6002
37.6875
-33.6309
37.5233
20.9596
25.8943
-17.6693
60.0607
51.7432
-73.7173
-24.4380
100.2220
-72.2430
22.6968
497.4456
32.9779
133.3271
-1.7519
-135.2480
20.5581
-78.0268
-461.2720
-32.2212
-5.5732
36.6809
27.7567
-76.1997
-211.4704
39.7562
-26.3929
-31.3726
-3.9819
34.7455
-122.6664
-47.3323
225.6060
7.3386
114.6059
-35.1272
-29.1073
32.3689
-383.3639
-310.2970
-28.7800
-84.4050
-17.4903
12.6334
8.5170
21.7604
-49.6009
75.9347
163.9699
-315.6266
-27.8105
49.9481
7.6399
-87.2446
27.0947
-95.3229
-254.5600
132.5127
113.1598
89.1742
4.7216
11.3207
-62.6375
-110.1161
-61.4476
92.5023
18.0551
34.6086
17.7574
-26.9989
-3.5806
80.4874
-15.7700
-68.4728
86.2137
21.6129
223.7601
-99.4098
-44.7819
111.6993
-36.0650
27.5224
45.3660
-5.8735
-36.2069
-34.2562
-70.5892
-729.1336
3.0785
-35.7382
72.1036
20.5137
-21.6735
-80.4234
688.3798
1.5105
42.3803
-30.7381
-12.8940
-292.9993
18.6438
-38.5192
-55.1526
103.9628
-88.8871
-24.9217
171.1075
112.0901
20.8745
21.2719
184.4747
83.8613
-29.0064
11.2088
-4.8062
444.1773
1632.4937
320.5609
291.2700
56.7526
-47.6431
-17.5970
-19.1279
-68.4075
76.9249
235.9949
-58.5857
106.0679
-62.0396
42.6554
-136.9642
11951.2151
79.1122
-51.9008
-49.4853
37.5301
7.4702
-250.9953
62.4916
92.2246
-169.0119
45.7471
-568.8893
73.2768
-3.6971
27.5716
12.3282
36.1743
10.8400
140.5051
-56.7423
72.9295
62.8405
-58.8580
-15.5733
-42.2884
-89.8889
42.4174
26.9711
93.0763
-158.4425
29.0460
443.5276
-303.0404
57.0292
5.4458
-83.4059
-31.0488
22.0445
63.8523
-51.6235
54.5361
-41.6331
-20.0362
1104.0365
7.2984
-138.1172
15.1460
12.0594
-40.9798
-389.4187
-71.7526
27.7342
14.5201
58.7517
16.3339
55.7860
-96.7992
-107.6722
-8.0385
-561.2953
-143.1389
-115.1737
-103.0160
-83.3745
-4.7588
3.8494
2.2909
-202.4774
-116.0889
-37.1219
-13.1429
-90.9849
121.8523
-31.2057
92.5307
28.3342
-3.7577
-12.0659
-100.2227
80.0883
2.0911
-237.9569
584.4189
-76.8044
61.9046
-142.3183
-574.3181
-1.5474
-1336.9409
-31.6266
-13.0313
13.4242
67.1507
0.0003
4.0393
-107.4379
54.9504
24.6714
9.4480
-215.9967
-31.8604
11.8932
31.7359
25.2416
-58.5626
1.9611
63.8552
-329.3375
-11.1604
13.3438
124.6551
-74.5351
-62.0328
-75.0197
-60.3738
-91.5739
-1078.6646
8.7252
-5.0526
51.6582
-219.8779
-31.0144
-23.3183
42.4699
393.8082
-1645.8803
-75.1890
40.2267
39.7209
35.4049
-7.1230
-14.1675
-80.2020
-36.9151
9.5135
-61.7343
-187.1608
-23.0405
3.5861
69.6432
-32.7827
-113.7621
6.1464
-23.2872
-2.0284
-190.2219
-23.1395
-26.4594
36.1268
-48.7138
40.2134
-27.2507
67.3853
-19.7071
-52.4693
156.1013
-284.2712
77.0951
-43.9042
-73.1975
-29.3265
34.0154
-90.6887
380.2208
140.9228
-39.8762
-49.9116
115.6373
-42.5385
-11.7851
-37.7247
6.7286
-17.1754
172.3873
-55.9879
9.8456
-196.0574
-61.7536
-196.5986
124.8031
45.8201
55.4078
32.3299
2.5402
-54.9849
65.3982
166.3916
40.1220
-7.3307
-43.3176
179.3697
48.1389
-87.2013
-156.7514
-23.7679
93.5696
31.4569
-21.4947
7.3617
33.5473
270.8034
8.2139
-18.4904
279.9106
30.4476
-30.7679
-38501.2553
76.3136
44.9081
9.8933
4.3607
-290.1716
41.6274
-15.6659
110.5043
0.0054
-10.3846
1040.7300
98.1388
7.8133
193.4775
-1.4718
-360.7407
-51.8543
-22.1714
-0.8764
-5.5386
51.6692
-59.5630
123.7257
27.3687
114.9406
27.6653
10.1251
4.5381
81.3641
-205.5562
-258.3971
97.2771
-17.1387
5.8171
-9.2248
6.3430
233.8861
128.9542
62.9051
-36.9749
9.1241
102.4419
-78.3838
36.9194
42.4532
84.5671
-20.9207
1239.5333
-91.5953
-67.1724
14.5062
5.7483
224.0024
-90.7891
3.3193
-96.1698
197.7027
-3.1885
54.9988
100.9599
-213.4255
31.2636
-3.4300
69.7124
-159.3614
-27.6525
61.4684
-52.6794
25.2504
18.8361
131.7614
1151.6282
231.4610
-182.9552
-0.0002
-99.0450
4.6058
-77.8068
-10.3988
686.2531
-107.0079
25.6627
-977.6102
-41.9939
-842.7435
6.0357
10.6134
24.9482
-13.4781
11.2482
12.1676
-3.1576
-19.6292
18.9050
9.1435
-593.1567
23.3987
185.6180
8.6475
-12.2678
26.5097
202.7035
-27.7514
46.9324
79.3828
40.8496
354.2762
-43.2259
64.3700
-48.6468
63.5673
-42.8765
1.0027
-86.7087
112.2539
-92.8901
-27.4798
-62.0699
-45.6221
-44.6173
2.6638
-30.2302
13.4115
-79.0002
-13.2701
95.2530
317.1390
-25.4173
9.3121
157.7873
7.3716
4.2089
36.1671
63.7501
-60.1314
7.0770
2.8478
-77.7261
65.2245
-28.2240
475.4171
-247.9515
21.7958
38.9406
13.9157
13.7365
3.7109
-25.3770
8.7482
-58.5196
124.0869
-59.6760
-40.4017
-269.1601
15.5066
62.3040
-33.7918
-89.8799
-236.3042
-38.6310
-97.9429
-20.1602
-143.8263
-4.5287
109.0527
-14.0609
-0.0119
2.0713
13.3831
363.7023
84.4775
-13.3508
-34.9660
-520.9502
11.4008
84.7231
21.4859
38.7399
-53.6727
-17.3105
-146.1541
23.4789
113.1042
-63.4128
21.4311
-29.7928
-268.8693
-118.3826
111.3600
40.2262
-51.4819
-62.3347
-8.5653
77.8946
22.7027
194.8273
14.2069
-16.5563
76.7056
-111.3401
67.9965
98.1187
11.5496
-27.6979
-10.4495
-66.3923
28.0871
-3.0864
20.5125
8.2456
-7.7036
28.6971
147.5087
60.9289
-104.0291
-73.3780
10.2209
78.8210
-65.5234
66.3644
-17.3410
1.3445
40.9325
-46.8553
1997.0530
45.7603
-59.0996
-42.4214
125.8307
41.2805
-60.1072
43.7570
5.9595
78.4611
-54.3510
50.9666
-0.9478
-6.4001
-2001.0637
-16.1636
0.0582
-453.1092
-29.9050
21.7156
76.2911
-41.1267
-21.2728
-3.5279
-20.2727
0.8386
-13.5065
527.3070
-5.8693
2252.3659
1240.1290
82.3163
-38.3359
-7.8785
-58.8382
83.0553
-18.3658
30.6941
8.1585
-46.4067
-4.8106
61.2827
-19.0130
11.4424
-266.4452
-115.9733
45.2295
-11.1509
15.5611
-66.8974
38.5163
25.7391
16.1569
-43.0334
-118.4527
-60.4332
103.7517
-1.3649
-51.4770
-27.3591
97.5976
-40.1061
8.6083
-3.3020
-40.5215
82.4438
219.4819
77.5827
-22.7403
-8.9587
-85.3615
16.9125
38.5816
-39.7046
62.6634
132.5226
-27.6584
-1650.1150
84.6779
161.4062
-7.9016
1.4517
-16.1443
19.4823
-48.2999
70.0099
-33.0143
-42.4862
82.9728
-42.0893
0.6826
25.3400
-2.2659
-19.8116
2.5772
35.1664
46.6631
67.6148
31.5698
56.1679
44.2251
-44.2865
52.2468
45.3495
42.4028
-43.6530
0.0077
121.6749
-75.9410
14.5541
65.6747
-21.3809
350.4796
-8.6095
-67.5254
21974.3259
-81.7863
-79.9885
-10.8450
-125.1161
-110.0646
-50.5382
-12.9112
30.7334
-14.1382
-36.8769
16.7355
-57.1293
-65.8886
51.5993
128.8014
-96.3288
24.9869
1.3816
234.3198
61.1772
-63.1632
58.1285
4.7014
-35.9055
33.7685
-105.2867
-56.8493
-10.4325
28.9737
-235.8723
23.2154
64.8536
65.8087
-57.2792
-1453.1482
-63.1755
-28.1843
-34.1096
374.3859
-37.1106
29.3195
55.6716
-6.5633
72.3543
51.3869
69.9965
-69.7618
22.9522
-40.0286
-79.1527
-37.1219
18.9378
157.6380
287.9100
27.1927
12.8883
-22.3682
554.0627
1.9404
-85.5245
-22.8126
-0.0099
-135.4216
26.6539
-53.4336
-164.1938
76.8645
-84.1779
84.2288
30.6970
47.9343
-205.0013
-0.7898
46.3899
163.2776
34.2285
57.9744
-34.9355
-13.2138
46.7255
169.5263
36.7075
-18.1114
-30.2908
25.9849
6008.7456
198.7182
-86.8755
49.4570
105.3026
-40.8263
-27.1163
-10.4687
35.4269
72.5023
66.2945
90.5900
3.9490
-39.8743
-89.0349
33.2088
-78.8633
37.7221
-5.6246
15.9732
24.8332
-361.7850
-89.8815
694.6562
-19.9683
-77.5986
85.3488
329.0262
-3.6505
123.5187
-98.7404
35.3135
120.7919
-34.6326
-414.9662
146.6086
-9.1314
19.1204
23.4275
-2133.8073
39.5872
-59.3691
9478.7668
-2498.0242
-6.5671
88.9061
1487.9317
-214.3125
8.0429
69.7340
-83.6036
42.1797
3.6782
1751.8117
32.9403
-307.6179
-13.8780
405.8134
-24.7298
-251.4160
-77.6644
-69.1313
9.7734
-88.6118
-15.5796
44.5794
-103.4009
39.6099
-941.4436
-20.0262
130.4356
-33.0855
-167.8875
74.3239
-9.0663
-31.6906
-84.6495
263.2562
9.0315
19.6111
-37.5961
105.2199
115.9974
-38.4139
-2.9784
117.3971
102.5507
160.1366
78.0666
55.2711
7.0389
50.2898
-47.1914
4.8302
45.8925
-84.2205
2.9707
184.4395
-70.5439
-23.7688
-241.5520
50.5874
-400.7620
-189.4971
-46.7321
116.4211
-42.1289
-62.1209
-459.6065
20.5489
-28.4229
-17.8914
-55.9706
-900.2560
-64.6340
-36.4486
7.5030
31.3788
-13.5385
2.1655
-702.6625
-17.7119
-36.6146
-17.3854
-211.7789
48.9371
-43.3689
-26.0049
116.5127
-115.5601
16.5569
16.2442
-10.2538
-99.3716
-549.1941
-142.7291
117.1728
56.0279
-28.1773
60.3537
-30.0585
182.8983
28.8644
-28.7868
-39.4826
87.9908
25.5957
12.3035
61.3627
35.5449
320.8256
-69.6147
-1.6674
57.6711
59.6922
-131.1252
3.7001
-2.4336
-6.6657
-62.8217
120.9443
-28.7813
95.1528
-93.7019
-297.0356
34.6383
-22.8970
-18.8948
128.0007
-66.7505
-7.6464
-27.7535
-102.7599
-188.1416
22.6817
74.8796
110.8741
-70.5651
-664.9715
38.9156
-75.8999
15.9197
55.5583
0.0566
-34.5426
-58.5719
15.4972
-24.3682
-125.4724
-420.8284
-2144.8441
59.5940
-73.6478
60.1068
-12.6619
-66.5642
351.2636
-124.4639
-6.3360
448.9833
-147.6131
-2.5125
-71.9702
-329.8672
-15.2644
-287.7588
70.3875
-90.6988
59.1975
365.3899
-60.5844
4.4814
-84.3060
-22.1816
167.0452
15.9553
-49.8713
-31.3223
-31.2269
-95.8820
30.2308
-0.5951
-12.9400
14.3712
56.4558
17.9009
-98.2120
42.8375
-15.5505
150.8578
-5.0781
30.7275
257.9366
-61.0850
27.1023
-44.2428
-33.0615
43.0800
5.9070
-68.8869
-13.0383
14.2389
-186.1925
0.0115
-88.6345
-130.0406
32.4865
65.4222
-157.2847
-64.8313
-58.9188
-16.5812
59.1784
23.8733
80.4197
290.4909
-1160.3410
105.3100
66.7598
147.1432
66.9680
-65.2503
-9.6476
64.8087
25.0265
-113.6023
-63.1649
-64.9963
-90.2194
-7.7683
211.8960
-18.4756
-2.9903
39.0986
-6.5896
-225.0575
66.7439
427.5600
-70.3397
-53.2659
-1386.5915
144.9992
-28.4029
-82.3995
16.1402
8.0599
37.6556
25.3536
-36.6287
-20.9380
-62.5215
-15.3163
22.4426
-18.1736
-61.8775
-1266.4306
-17.5746
102.2423
4.6105
-65.8349
137.6764
-461.4096
28.9028
80.5008
90.2713
21.9567
-51.0009
97.2842
-354.2927
-116.7879
123.5677
130.7762
-77.1349
625.3201
1113.6788
74.5248
-11.1076
-577.7276
-163.9430
-47.6499
-660.5923
34.4679
-9.5503
23.8856
32.6279
221.4349
-91.6736
183.1304
23.0608
22.4614
35.6928
-6.5722
-59.0682
-32.4239
67.0038
100.7683
-118.5609
-7.8147
18.1042
69.5084
288.2562
-77.6623
74.4057
-4.2764
130.0282
-73.6402
-7.0741
9.1397
-344.8126
-52.3109
366.2033
-20.4112
456.3878
-5.5408
-120.6347
-14.9763
-125.6648
69.3105
-32.1670
-65.8409
-75.9676
38.8852
-77.1971
-58.5949
31.0220
-129.7143
-121.6282
-50.1678
-57.1181
-61.6689
-63.8618
-62.2363
96.7536
80.6985
-216.8022
46.8882
15.2871
-169.6398
15.8334
691.3220
-19.3781
-91.4024
101.6105
-7.5447
-12.1765
-123.3710
569.0329
-16.4446
61.5220
-32.5500
76.4117
-14.8748
35.9290
166.4397
-17.5605
-489.4107
8.4425
-401.9565
12.1297
-14.6462
-72.4048
27.9125
32.8279
2.5188
-234.8533
30.9211
-88.1115
69.3436
-81.6400
25.7119
-0.8601
111.0071
-10.6590
54.5094
-138.4685
-21.1309
18.8333
96.8627
98.9456
-403.0908
-63.5317
-26.3496
-2.6363
30.6625
79.5449
-174.3827
132.2957
-119.9700
-16.2428
8.2859
-33.2176
-113.0669
36.3443
-326.0046
125.3051
-150.1833
-86.1811
-60.6758
119.3413
61.9378
78.6279
-92.3737
49.5924
-19.0781
165.1745
1.0157
532.3933
-115.3372
-110.6122
-41.4389
-13.0430
-168.1030
1382.1117
-61.7637
55.7147
-2104.8647
275.1073
-73.2338
30.9917
-58.8046
124.1828
167.7141
30.2412
252.8533
-17.4804
19.2097
9.3348
-93.0299
34.6116
8.0483
66.9486
12.0248
49.5579
-0.0013
-1.2173
-109.3964
-29.2895
-61.1126
-58.3594
-48.1560
450.2779
26.9789
-3160.4762
-57.5249
-39.7251
7.1961
-93.3205
-3.2493
1.0301
260.0297
-57.0059
6.9195
2.2011
2.7629
48.5353
-72.1965
155.7059
1708.9113
-6.2514
18.0558
-134.6509
146.6534
-41.6531
-133.1826
2916.8767
-65.6766
44.6030
-121.8488
10.8781
-94.6466
50.2176
99.3469
1.9575
440.8857
-13.1222
-667.4688
113.2363
-40.2778
17.8981
217.5415
-129.9504
34.2406
-4.8981
-1143.4503
17.9735
101.3136
1.6153
27.6645
-52.8442
-347.8300
-52.4009
-29.2658
36.3574
21.7482
-59.9419
-29.6110
-73.3257
-193.4992
-26.5958
-19.5655
522.8408
42.9738
-2358.2365
1.0177
88.6230
-62.5998
-104.3733
4.8282
-58.1385
-7.6070
62.3770
-9.6746
-196.8026
10.1372
-8.0462
107.0576
-90.6830
119.6213
251.2670
25.4359
-245.7436
41.4274
-36.6555
-0.0889
-59.0552
195.5197
723.3078
4.6287
60.5027
-49.1803
-31.3430
180.5664
130.0512
-38.6710
69.5462
-28.1783
-366.4252
-17.7594
-272.0214
46.5174
-1.5125
39.7385
-0.7123
-1283.8312
-1.2760
20.9897
-39.5777
-46.0009
-880.6273
-46.5933
524.6581
-152.6656
-104.3315
39.9420
-6.3365
-1982.0965
853.0690
-82.3336
-97.7091
345.6754
30.1870
-9.9396
13.3006
21.6571
83.5909
125.1356
-105.2092
42.8647
23.3742
-94.9485
10.5885
-74.7346
126.4775
-41.7478
-14.0839
10.0153
-2.7023
47.8407
-217.2926
67.5216
356.8144
-12.4979
-29.5458
38.4959
323.5502
-29.2653
-106.6009
61.1383
-385.3188
-74.3031
10.6674
-9.3357
1177.1679
-10.3926
-70.5572
0.1154
15.1139
-18.8499
-11.3135
-65.0149
29.3068
-25.8123
123.5416
-44.1480
4770.2036
7.0365
1.0593
31.4250
-64.3280
2649.6709
1.6264
43.4208
-143.3048
40.5499
-67.4502
-108.7493
25.0520
9.9573
121.4597
-43.3356
34.6383
-2.0796
-134.2851
-138.6357
116.6209
427.1209
45.4569
64.8727
-113.3924
22.4094
-18.1164
14.1723
-74.6931
-126.3102
-35.1305
-28.3846
36.1787
140.9359
-86.9703
-38.3854
-142.3579
13.1410
-33.7467
23.9748
69.9774
62.0610
-63.9956
14.9597
-101.0026
157.7845
-62.7717
-10.7338
1898.7147
-87.0145
19.4480
-38.4503
34.5583
-12.5234
89.6882
3.3115
-232.4743
8.7022
276.0969
-28.0520
-5.1312
115.9330
-1210.1675
14.8649
-49.2749
62.8780
28.1798
-133.0920
-6.2122
107.4234
54.0374
18.4184
148.8917
-404.1329
120.6760
62.8014
-65.0573
136.7535
45.5348
-61.0385
77.6648
9.9224
-3.6873
-39.2469
-11.5436
-12.6404
-86.3491
-72.8458
-183.2086
3561.6128
403.5813
-3068.5760
34.2567
1.9140
6.0895
-92.2518
-105.9923
18.2001
6.4371
-138.8526
73.2953
-18.3052
-123.4313
5.4091
40.8372
89.9657
-5.6712
-27.2393
38.3638
116.5754
4.8880
38.2558
59.6267
-57.2761
19.0593
-74.0637
91.9123
33.7727
1490.1512
29.4848
29.4924
359.5020
17.6286
142.3604
-103.7600
226.7171
-5.5781
-29.8061
-18.9047
59.7450
-44.8403
71.8007
1.0886
121.6827
-12.2335
-239.7443
76.4767
66.1697
19.8894
-75.1205
99.5716
-61.0447
61.5568
216.8280
-21.1740
71.2777
51.0845
-391.0308
45.9612
-10.1145
179.9593
-39.9879
-592.4238
-73.4368
-70.0923
-67.9218
-10.8949
56.7586
110.7347
-64.6125
2.2027
84.8452
-62.5196
48.6366
15.1145
92.2329
-7.4158
73.7900
99.2358
-1.0777
-28.2649
45.6297
-278.3284
-18.6490
-41.7692
-114.4258
245.1867
-77.5699
-60.4009
90.3429
87.8256
-55.7805
13.8457
19.3971
-19.0505
18.9940
-4.2203
88.0628
-1.7700
-1.6448
302.3717
-19.5012
48.0447
17.7480
97.9640
163.8842
-24.4360
-59.4522
-26.5475
-35.3211
49.3500
4.3064
10.7955
-261.4319
-2342.6495
278.9727
79.1988
33.4281
214.0261
35.6969
-185.9664
-19.3167
87.2682
141.5762
159.3500
239.3547
-77.9710
-34.4742
33.0376
-90.1764
196.0764
191.9701
-210.6534
75.1376
-0.8468
173.7839
-12.5194
25.1021
-153.8771
489.7098
3.1354
-14.4886
44.2747
-3.9826
10.6004
36.9533
-1.9968
-100.9407
-0.0632
-63.5689
7.5895
100.6243
-37.4792
40.5643
74.3951
-103.8033
483.5451
-67.6895
5.2173
8.4321
2.6693
72.5002
-268.5103
235.9438
45.6648
-56.8690
-52.5725
2.7369
71.2011
-3.1150
169.2492
9.1921
180.1728
198.1597
-6.8862
-26.9450
-10.0210
-8.2302
37.7333
-63.0642
298.0338
-8.7734
61.2746
229.6757
-15.6803
136.3051
-36.7405
11.1419
78.1980
2.5195
186.3948
-59.2140
146.2822
-41.9620
-42.7487
137.3487
-389.8172
62.4319
108.0355
-57.3495
-64.7283
94.5061
-16.8881
47.9365
-63.8402
-231.6278
-12.9280
-42.7915
16.1436
-9.0432
135.1685
-67.8489
-56.2373
-6.6224
-2.4544
-0.0785
-22.3427
-34.5246
100.8390
-12.9706
266.6548
51.9379
-4.1377
57.1342
-117.4636
-392.8238
15.6615
31.6666
-88.7641
20.6246
79.2775
76.8049
-177.9424
-61.3953
93.3076
-91.3585
84.2798
27.5600
25.6795
-1.0493
124.6895
-42.5939
106.7002
6.5652
-125.0244
-43.5407
-174.1151
115.9850
-261.4061
13.3965
102.3500
17.6263
28.5819
433.4974
85.8064
-18.8632
-182.8981
100.2654
-73.7035
28.9101
-48.7907
-28.3406
-55.3578
72.6819
67.5632
772.9120
-199.2921
-133.7573
3.3618
332.3733
6696.6705
3.6316
134.2338
-563.7439
319.7563
-161.0429
-70.6198
-434.3931
49.3261
-21.1094
-27.0609
-109.0360
-44.0189
274.6155
-84.8945
94.6842
-116.6673
159.4015
-0.8363
-6.0694
1.0627
-12.3265
-274.2982
-15.1248
-40.4797
3.8549
49.8267
-44.9142
-755.6594
-1880.6354
296.6927
88.7680
-1.1470
48.5037
277.0440
91.4334
69.2710
189.3161
7.5891
-26.9753
-23.7923
-91.3064
-37.2232
332.5048
-78.8553
72.6612
-34.5070
59.2998
2.6711
-8.2089
0.3545
252.3356
-55.2192
14.6095
0.7916
87.8338
-107.6725
-851.5319
174.7722
-149.0447
107.5737
7.0975
81.6734
18.5606
-36.6357
65.3581
-38.2711
-74.2472
1.9330
-3.5084
-182.0819
31.4005
45.1046
36.0911
-38.1258
-11.7657
41.0803
22.6425
-42.2016
57.2529
-6.2143
-310.9949
43.4667
98.3389
6.9529
-77.1832
-330.5787
18.7722
72.7100
1.2778
37.3525
-63.7316
-20.9120
-82.3240
150.3274
-68.3685
-32.5096
8.2281
-26.4003
-24.4712
-765.4124
102.2157
2612.3337
-527.0251
37.3492
5.0851
45.7854
65.7420
94.4677
-27.9913
-64.5430
669.8494
15.8631
254.4205
4.9511
-135.4852
-58.7759
55.5487
1453.3135
56.0712
70.0406
0.9295
76.0755
39.8287
-107.3041
11.9650
-4038.8306
102.7261
16.1398
105.2932
88.8845
48.8755
13.8192
-4872.1551
4.5182
200.0593
-26.2335
75.7723
-79.0140
7.6889
-149.3721
76.6948
-181.6798
10.0611
2.0463
4.9301
15.9012
-7.4231
39.3698
-118.2829
35.4290
-27.1623
123.3421
-235.6237
33.5902
89.3689
-131.9205
-154.2689
-16.0386
47.0422
-70.1321
75.7901
-131.2490
-10.4632
-41.0657
-48.8281
-456.6983
-114.9803
-92.2690
-35.3738
-47.4821
154.4417
13.2160
106.0502
-85.9683
-9.6707
-41.0585
-29.1557
-336.8078
-20.1309
-15.9932
-1.6065
-52.8447
-205.7633
53.0453
166.7519
278.6883
-103.4859
28.1464
-55.2005
21.7399
-39.0819
-19.5640
-209.2214
22.1425
-66.1604
-5.7192
40.3030
235.0755
-50.2362
72.2405
-156.4276
-59.6933
-422.8933
64.8506
-58.3156
-93.4961
66.5856
71.3960
131.3452
-339.0806
44.9065
-14.1684
27.9353
274.4601
-30.0339
-866.9199
-103.4111
-75.2232
83.6488
-32.5810
-20.1493
72.5278
311.1139
45.8080
-53.4463
37.3283
85.3959
28.1778
8.7389
91.1812
126.8115
-85.9625
45.0971
-53.4237
-96.4389
95.5013
-17.7066
-77.5902
32.3965
-93.5582
-60.9943
-51.0441
29.3964
60.4463
26.9899
16.4697
37.5151
-33.6862
56.3566
-5.6382
24.9809
29.0702
63.8964
-47.7046
-51.9468
-20.1656
-231.7013
3.8259
-99.1708
112.7884
306.5607
1.0375
-11.6063
36.9646
537.8588
86.0642
-174.6748
3.6880
100.9409
-52.6924
-11.8875
36.2784
60.5134
-34.3196
56.0579
-38.2521
-46.9576
-8759.7358
-427.5429
-123.2621
-80.1238
-15.0894
-222.4085
-66.2914
24.9371
57.9896
-51.7326
18.3087
48.3681
-72.9897
29.7623
-52.9589
54.2547
-8.9683
13.3284
16.6609
-1657.5307
347.8240
77.2408
-61.4384
-22.2179
44.3202
-50.8282
57.1197
25.7192
-78.8680
19.1321
226.2064
-171.6070
-15.7591
-38.3685
56.0200
378.7240
-102.7104
91.3558
-76.3501
43.0772
1012.5946
9.2426
-19.7729
-39.9141
-73.9309
52.3832
-61.4669
-167.2607
-23.8135
-57.4682
-7.1307
15.8716
-25.1958
-27.5720
-0.4989
23.3988
-38.3058
91.2235
96.0832
29.9447
7.6887
7.4048
-114.7648
-117.5656
98.7124
215.6173
-55.4160
520.9015
60.4891
-18.7014
9.8885
-59.3687
-89.8383
66.3877
74.7287
-12.4748
-25.0802
61.0377
3.9404
-43.6298
-52.6569
-54.9478
-124.2177
-23.4733
-10.8063
76.1318
-69.0768
-12.5181
39.4459
27.6871
17.9502
48.3400
104.7997
-12.9821
-51.8371
24.6933
11.3263
-120.2916
-26.0725
111.4752
-46.3079
73.5076
1.0592
344.2928
21.2942
38.7037
8.7901
92.2006
-10.5924
-8.2554
150.9405
-28.7159
-11.8622
49.3002
-136.5700
-19.4450
9.3620
-22.9444
-102.0826
101.2366
1747.8002
167.2650
-157.7571
49.5296
-385.6504
12.4026
-31.3099
-264.4290
94.0083
-63.9015
175.9111
80.5980
2.7365
-40.5216
-181.2562
163.1364
-297.4178
-29.9272
-23.2106
158.9273
-241.0193
-876.7868
30.3022
213.6402
-63.5195
43.8686
-19.6033
-43.5562
55.6996
-49.8747
-32.3686
45.8619
-37.3865
-20.8253
56.9489
118.4508
-52.7366
4850.2676
-6.8025
26.8158
-150.9717
102.2513
-117.1732
-6.4138
37.3350
26.1530
-48.6398
-110.5008
21.7288
-28.7652
28.7736
53.8827
-4.0313
241.9325
-108.7177
115.9794
-7.8248
152.6048
-207.2504
-80.5088
-970.1718
43.3207
16.0730
62.9384
-668.7085
-13.6365
2425.8221
-2440.4254
47.8203
-22.0274
-75.1199
2857.0815
-88.8691
-34.0246
27.0697
-73.9431
-16.9151
1.7809
-47.5800
73.5709
8.2710
-67.8843
9.6428
-1670.5283
-236.3599
15.2348
-12.3257
-247.8618
62.8126
-132.5465
-84.5465
135.0571
-61.8469
-0.3047
-92.7465
-154.8381
419.9191
0.1696
60.7902
-18.7745
-142.6839
129.9668
17.5538
0.0226
62.0944
287.4829
-195.6735
76.1165
63.4429
5.6511
-37.3149
201.1863
-94.0490
62.5254
-11.5860
1.1376
-102.9010
191.8948
-78.1152
-58.5133
45.7929
-36.2140
-479.9598
34.3898
-12.9539
50.3853
-338.1110
-581.5425
5.9952
-30.5895
10.5413
-98.5502
-136.4714
137.8266
64.8361
168.4609
69.2078
61.4375
-58.2803
-83.6062
9.7388
-91.9571
12.1249
-21.1142
-34.9723
106.5526
197.8705
-14.8227
48.2298
-32.5102
43.2840
-393.3017
56.0597
-1033.8083
28.9458
-3.8411
73.3813
-29.0592
23.7201
-26.0579
-220.8025
36.5217
328.0291
-14.5859
15.5110
-51.0366
389.3247
-32.4282
10295.9088
77.5268
347.2671
-115.1148
-44.5660
-55.9761
32.6000
32.9451
25.2534
-20.0255
182.6825
2.4175
34.6736
-0.4634
-27.7692
-15.7361
344.3024
-5.1963
-7.1021
3.1454
-9.6733
-48.2977
52.9861
-74.8700
70.6209
30.7114
1.7118
22.7500
-10.9289
3.4117
101.0088
4.3252
-117.2973
-108.5332
39.5427
0.8713
97.0511
29.7292
36.6814
-42.4598
15.1115
56.7643
23.2350
-83.7189
46.9264
6.6285
42.8652
39.9871
9.5593
-22.4331
83.3535
93.4446
-74.6989
-37.3588
-31.5634
45.2279
98.4831
10.7027
39.8527
10.7378
-67.8509
-13.0098
-91.7060
-110.1330
-118.4274
-238.0132
-1044.1923
103.1836
51.2341
-52.1915
95.2196
124.6450
-0.8386
-2651.7957
-145.3379
-117.8762
-2.8734
17.3148
-78.4069
-180.7175
-12.3645
-27.9924
-29.7963
-7.8834
20.7961
109.1097
-141.6882
-49.6238
-158.5467
-72.4356
125.3653
-50.2686
-31.8923
414.3677
2828.8689
-5.1176
-11.9299
543.6923
-71.2275
32.4312
-72.8859
-16.4046
41.7562
-102.5742
-50.0645
-39.4917
9.4799
-173.9601
-1358.5431
82.8787
32.5221
-52.1420
-36.9468
-187.7656
-14.0949
-45.9847
-48.1951
-65.6604
-73.2025
140.0615
-96.3892
-20.4223
-31.7364
-5.5332
244.2864
-64.4019
9.4117
81.1438
-44.1970
80.4565
-234.8222
366.2167
566.0210
33.9856
-54.2971
-64.6694
-1032.3721
-19.2326
516.1224
-36.4704
68.2944
-109.7550
-30.3643
40.2453
-19.8621
1287.7106
86.1348
-64.9951
108.8625
-15.6654
199.3638
166.9290
569.9010
-3.1677
60.6752
-161.2096
17.3829
88.8766
-126.1116
-64.4239
46.0007
47.7217
53.7554
-9.1614
-46.7539
63.8889
96.1666
-24.8355
185.1487
323.6255
-16.4212
-1751.0693
-3.4019
-18.3118
-11.9519
579.6482
15.5742
110.9288
-56.7688
-232.6058
-359.8574
-91.5853
-20.1843
47.0886
90.7284
167.2837
-126.2038
-103.9646
-50.4849
60.4753
51.2132
-11.8155
35.7023
-5.5283
223.0668
89.2313
73.6268
-134.4149
-63.0547
48.9211
-49.7158
-40.3478
54.7133
-19.7451
-67.2416
253.5006
-102.6047
27.8216
-6.6605
46.6214
1.0278
55.0040
20.9281
43.4943
109.7540
9.7414
111.2409
-23.6309
-25.7414
-419.0179
-59.0724
5.9754
110.2470
43.2294
38.3004
151.6383
-18.5623
-93.3643
-6.1128
-3.7024
29.2818
-55.1843
-7.0445
-6.6385
-36.6923
-22.3896
29.0807
-35.8394
-18.3879
-61.6234
87.9812
-49.3198
-28.8302
-18.3743
20.0847
-223.7613
-269.5675
-60.0790
106.4466
-54.1171
-43.3517
21.5074
56.8403
-47.2358
-24.0115
77.2113
-13.2747
-23.2938
-1432.6273
-3495.2403
3.7726
20.7388
-2.3461
-8.3076
91.4418
86.7020
80.2736
66.2634
-57.1154
-55.0399
194.1190
9.7166
18.1889
445.8830
-9.1047
-37.2580
-89.6348
-362.5288
645.7647
101.9626
39.0838
3.5107
66.9001
-18.4722
-61.3919
575.1208
214.4556
-16.2666
41.4912
-129.9891
96.5376
-10.5833
401.1241
88.2622
-68.6944
-115.2011
-12.6092
-55.4008
78.5923
36.4899
91.9362
-21.0236
50.6781
49.1371
10.5311
-44.2129
-4.4075
106.2956
-24.1742
-43.7591
80.0758
-71.7249
78.5660
8.8536
117.8612
178.6398
43.6017
-12.2592
61.5276
119.4350
-152.8616
59.9742
-49.6328
11.0062
180.5760
-164.3306
-78.6859
49.6950
38.0565
16.6177
-28.8031
-94.7556
-53.1040
13.1287
-75.2273
95.4205
2.3149
-777.6195
-576.7551
10.1268
-62.0164
-49.5152
-151.3281
-56.2406
-86.9592
3.2313
-200.8546
6.3464
-67.5928
18.6639
-6.7556
-211.8033
-23.3304
33.8297
8.3185
54.8266
-1.2915
73.1518
-76.9351
-195.2946
-71.2419
-50.0503
77.4927
-109.1827
12.1834
-40403.1382
-62.2948
77.9898
-65.1446
-14.7761
-8.6953
-33.5116
26.6004
34.3325
27.2592
-102.6527
28.3967
627.6536
-180.9195
-8.4464
8.9780
-1141.4864
-84.4752
-54.6160
-92.0680
67.2383
4891.5660
27.3891
15.2427
-160.0948
59.4659
2130.4397
2.3536
-134.5511
-516.6445
-60.2326
875.2556
-126.0019
-79.1654
-15.4385
64.1888
-478.7309
-6.4270
-56.6177
-2652.9160
273.6037
-27.1894
41.6369
27.1525
-74.9010
-95.4314
34.4225
-67.8991
9.3747
62.8697
-79.8773
21.0877
108.8571
553.6390
33.7476
-61.0087
3.4344
-230.4339
-4.7793
112.5452
-12.9844
-180.7522
71.3086
43.8733
98.0768
76.5607
-46.4998
43.4521
-153.4855
29.8736
-44.2035
-8.9302
-69.6188
38.9395
78.6150
-57.7091
88.9208
-26.4141
-16.5682
0.9004
-10.1080
-508.9880
-34.7965
-10.7884
56.4019
-37.1937
224.3603
65.4769
-65.7061
276.8070
-9.8871
-34.4790
34.5570
-95.5790
961.6352
89.2359
-27.4104
-12.6088
-51.6075
-53.2820
-410.8114
-19.5889
-11.5163
-127.4125
-531.6537
141.0264
-51.0250
139.3601
-63.0604
542.8145
-59.6357
454.8466
94.3225
-11.4039
88.7164
73.3827
22.6540
147.2668
-47.1056
-14.1739
-1509.5467
13.6451
-98.9097
3.2437
-65.0617
84.5066
13.3698
-44.1279
71.5624
67.7765
14.4371
10.9575
32.0073
-187.9149
9.0393
144.7288
593.6863
-0.8228
1061.6334
-58.2099
89.9261
-85.2521
68.2919
43.5471
-60.7580
25.3078
-47.7667
137.8420
-9.2143
35.4529
1.1438
-2.0227
-30.1318
211.8648
-55.6653
-57.8676
82.2480
10.1820
53.1299
4.2991
-204.2593
-48.9796
-21.1165
30.8021
-321.4702
63.1303
8.2164
-114.6841
-190.4225
-21.4045
-12.9859
-153.9434
35.7525
-192.8654
166.8843
-82.2582
79.9386
103.7995
161.2414
-19.1548
-2143.7067
-11.1642
-87.5413
-63.5058
63.1167
-13.4482
-72.2459
-134.8512
-83.6381
-41.9892
-2.9723
58.9172
-11.2710
-92.9105
30.0631
-81.1198
64.2499
-78.1877
44.9290
-52.7087
20.3191
155.6264
17.1390
-23.3787
-24.6897
-12.5380
-216.5626
-80.6888
-39.2584
46.1804
49.0709
63.2452
46.1332
-19.8255
-34.1837
-715.3995
63.7244
4.5976
37.1661
87.2227
28.7773
69.5577
1.5767
37.8948
-24.5770
58.5507
67.3547
-1.6345
39.0483
-3.6213
-435.9985
-26.5576
-36.8073
-5613.1086
-20.4954
-640.6251
47.1756
-25.4656
-77.7402
-77.8381
163.7969
-40.8474
5422.9040
-5.8464
-275.7297
-44.5815
45.6691
-43.0763
127.3930
-68.6332
52.3107
-153.3283
-15.0932
-105.2035
13.6910
27.5265
111.6438
9.2231
15.4929
82.6287
36.4204
-12.3500
1408.5560
3.9739
50.1371
64.6362
-48.5446
40.7187
-163.6207
-66.2739
41.5717
33.1972
-495.5617
-110.2699
-98.9327
8.4667
30.9422
-16.6959
3.9588
59.7118
320.8812
-39.0658
101.6805
-289.5233
90.5169
11.2441
100.1390
-1175.4648
-4.0547
-4.9490
169.7401
-10.8397
123.8327
-50.0751
21.8953
-270.9998
-78.6091
7.7402
-46.6763
33.3810
60.7592
45.3787
9.8866
-254.8471
-31.9942
1.5671
-90.6196
65.9393
-21.5559
-2.5234
68.5046
32.9836
667.1802
64.9381
-144.6048
-138.6095
-34.4425
21.3214
-113.6372
46.8536
-46.8477
87.3959
85.9346
-25.3796
-53.7963
718.6356
18.3121
14.4050
50.8027
5392.2959
-18.6106
40.4960
-31.6168
62.1360
48.4160
587.8653
-131.4496
-77.8008
-2.3997
-12.4825
14.7832
129.2763
18.6731
-39.2345
90.7051
77.2937
37.2034
-43.0175
-5.1409
-105.5469
-181.2705
166.7951
-16.5672
11.6607
-92.2201
-11.2429
68.1205
-8.8007
22.3829
-24.4067
118.0624
34.6887
-92.3214
132.6368
-46.9111
-45.1965
-188.6822
71.5587
-20.0084
-303.5729
271.2376
49.5260
19.0339
-187.5922
493.7630
-209.6421
-11.7000
-38.3363
189.2301
-617.2471
-79.5569
-116.5992
66.6369
68.2992
95.7275
-2.2599
-76.3604
3.9292
225.9801
19.1115
-78.8072
-640.5601
56.7993
85.2888
23.7507
70.3725
-93.2514
19.0747
-540.4401
421.6711
37.9636
-47.8268
-67.9585
-98.1850
-65.1849
405.3863
-24.6644
-39.0770
199.3928
33.8451
200.0227
5.0998
70.0577
4.6307
39.9328
-57.0628
22.8965
-764.3386
8.2887
130.5739
171.7332
-15.9174
-10.8938
198.1814
-164.3182
5.8668
-5.4755
-58.1148
-71.9249
335.9889
-116.3341
77.8285
34.5374
-89.4533
-43.3375
-53.8242
67.4834
6.0090
-206.9948
-76.1453
73.3196
46.1153
11.9231
40.3388
55.3096
74.1879
56.0808
17.8075
140.2980
-41.1619
-698.0709
-47.2417
134.4676
4.7132
63.6684
-14.3873
90.1878
20.4886
-19.4884
46.0653
28.9993
-27.1589
-61.2557
-109.7679
46.4329
-23.7140
-91.8504
-39.9551
-41.6513
37.8623
24.7774
52.9177
19.9852
23.9632
-43.9255
-93.4657
137.3563
22.3788
34.1113
-42.2629
-79.3819
-40.9078
-0.0004
-549.3868
8.6523
-188.2462
32.7001
-38.6496
133.1953
50.1173
112.1386
15.1000
12.5753
-27.9983
-2.4955
40.6290
-44.0722
98.3909
-13.8287
45.4991
-226.0206
-16.0250
0.1379
-67.8855
34.0915
55.2207
-282.1524
3.6043
93.2193
-60.1459
7.3478
-465.0006
30.8352
20.4485
-39.5822
101.2720
-66.0862
6.2725
183.8058
-52.4157
-277.8175
64.8949
30.9063
-37.5784
-62.2804
-36.7330
-253.0891
926.5386
-38.7860
55.9247
63.9266
-14.5041
5.3262
-38.5945
0.0012
182.6011
-297.8536
631.8981
-3.5472
35.9570
-147.3288
124.2835
-59.3068
733.5473
-472.1379
61.2397
-9.6435
-78.3230
30.2348
510.4795
71.0753
46.9976
141.2689
52.3137
134.5882
8817.0364
88.5541
-124.6535
-45.5016
17.5526
53.4969
92.0027
-15.1414
-317.6314
227.7949
-104.0709
-42.0621
-76.3347
-1780.2011
21.9088
156.6011
-34.8838
29.9417
-155.6345
-236.3085
105.0568
-13.5488
26.3086
143.2051
-33.3137
7.5471
3.2690
-50.9791
56.8852
-37.6252
-64.4632
-146.0939
-137.1857
-400.1662
-34.1725
345.6616
129.2688
11.1044
-3.5324
25.8734
7070.1154
-11.2919
-119.5710
31.8900
123.7862
-68.1363
-305.7742
6.2555
-277.1795
-25.3285
63.5707
-37.1420
91.9028
-41.1212
22.9229
-22.5586
-570.5000
-6.4126
37.7473
47.0003
-315.5500
23.1424
-102.4730
473.9755
-65.7225
6.3423
-13.6706
193.9716
142.1586
-14.5591
6.0159
157.4305
-24.3480
91.2604
-259.3680
42.9646
164.7336
79.6377
72.2424
3.4401
23.7027
-30.6453
2.9157
17.1743
-51.8635
-80.4120
-34.6100
-902.0576
-11.5839
-7.2308
325.5398
7.1096
-77.9151
-199.2452
-212.0807
27.6534
22705.4333
99.7115
21.1667
-2347.2349
-334.2769
-2.4337
22.4518
-10.6452
-1111.1669
-34.9441
39.0216
-65.3548
-42.5162
36.9564
-19.3810
-123.9290
96.7807
6.6173
-13.7931
-89.6532
113.1707
64.1699
-38.6558
-25.7040
128.5000
-55.7255
10.6928
-109.5943
-68.5839
-10.7334
12.3722
1.1978
-41.4946
412.5059
432.1423
85.6728
-85.6553
76.3752
53.8702
-18.8898
640.1271
-10.5228
53.4231
-40.4779
-112.3990
545.9426
-133.3644
240.1088
-150.3960
-511.6686
-46.3144
-10.6290
-31.0198
114.8971
-13.9254
66.5814
104.5583
-137.8762
46.1732
23.0489
-62.8313
0.9265
-90.4097
61.9615
-9.5819
26.4670
43.3854
105.8053
86.2222
-333.3570
-46.6469
35.3057
0.9304
-148.3619
127.7786
-47.5261
-139.2660
33.3612
-2.1037
42.0633
-26.2275
-322.8875
171.3536
-16.4250
107.0247
-70.4847
-141.9623
212.3072
-8.5212
569.9914
52.1985
57.2740
-88.4732
25.7170
36.5193
133.4128
1306.1732
-56.5754
27.9442
118.8237
-11.2396
30.1249
2.7225
38.3113
51.6580
176.9750
-183.1708
104.6746
71.4164
39.6810
-244.1875
-58.4648
112.2036
55.6636
-241.3434
831.2790
62.3668
-2.6241
61.5734
4.5532
-11.5729
-143.7519
-39.8643
-52.5175
-17.9480
2.3530
6464.8499
404.4672
52.1927
-163.4566
285.1280
69.0459
254.1795
-37.9957
36.5862
-7.7342
12.6263
53.8017
18.5419
36.6375
-125.3524
-41.5729
-132.1300
-77.1935
-94.0239
125.8027
-24.8450
-84.2298
0.8612
-44.1811
19.2272
-70.4468
12.2039
-3.8463
52.8798
170.7985
12.4818
18.6100
134.3383
-200.1469
11.1502
-115.0552
18.9021
44.2060
199.5340
27.1753
4.9779
-37.1448
-12.1322
80.5585
-95.2445
-13.1411
-28.9586
228.7284
-3.9571
69.6559
-141.8915
1.5364
14.0158
78.7512
-3.9666
-20.7076
-24.2558
-3.3635
-56.9750
3.8646
-244.4273
-7.9390
-273.7128
133.6879
32.0338
-61.4596
18.1221
88.5840
164.3837
9.0931
-11.6750
-0.0748
138.3087
-1.0119
39.8652
-8.5268
129.5435
12.7674
-143.3052
62.3572
28.3065
-17.7364
258.5497
22.2685
-61.1795
98.3504
27.2272
-0.0927
83.9083
-1324.2831
45.2953
-49.4684
-32.4298
81.6958
86.8936
-2.4288
64.5451
-44.0053
99.8744
38.6383
40.8432
8.6273
-14.7203
-9.4513
33.7319
6.5564
-141.5700
1.4459
-109.0188
-15.1103
875.0201
-7.1671
-177.8383
49.2864
-72.1478
-42.8007
308.5355
33.0108
20.7338
13.8975
84.2170
151.9251
126.3891
-898.7307
57.0118
-23.7609
-47.7551
6.0650
36.5360
-35.9186
-25.0473
21.2171
106.9297
-1113.4509
87.1652
104.5094
-63.2407
-93.9797
284.0960
152.4063
137.0735
-0.4133
-50.1773
18.2113
-1134.4353
28.0404
-71.2705
-95.3964
-22.9453
-5.3379
-1029.7018
3.4080
82.7819
5.7523
39.8943
12.0198
47.3885
-581.8627
285.9117
-32.5056
1.0024
39.5565
64.8007
6.0029
-532.2045
-143.7895
61.8291
73.6716
-148.1765
-16.3033
35.0798
34.4598
-20.4537
19.8615
-102.0612
22.6169
5.2880
24.0473
-1299.0795
-20.1586
-0.6408
61.5596
-61.3707
19.0778
-69.9247
106.8691
-4185.4355
66.0805
-22.2803
96.6307
-40.6429
-51.8439
7.3879
-15.3786
-25.0135
168.8690
36.6513
-24.6539
105.6226
22.1072
-15.4771
-316.8219
-32.7879
189.9913
72.2820
-163.0715
60.1439
-26.7246
52.0933
27.7742
-32.9586
311.7104
-76.5557
-5.1005
752.1682
-205.2641
-113.8178
-61.0730
61.0835
23.9417
55.3544
54.7603
20.5158
38.2314
-26.1069
69.1562
112.8939
-25.4941
-26.9913
-116.1560
36.9186
6.6131
-46.0304
-122.0359
39.4347
8.1268
477.7915
28.9816
1098.5021
39.6528
-29.4325
25.3985
72.4104
-150.7687
44.9152
53.0116
-4.2424
-500.4473
18.9849
-24.0732
418.8507
13.9951
0.0065
-15.1649
-206.3589
-568.5807
23.8392
-287.1442
-31.0625
17.3753
27.9401
104.0652
-63.7897
5.1179
14.7781
77.3578
-44.0939
-23.3040
-36.4819
93.8698
-14.7770
-110.7319
31.1052
30.5024
7.9534
91.3607
62.5540
66.9000
-59.3512
-195.4748
2696.2945
4.3486
12.0984
-56.0321
65.0114
71.7118
115.9998
-117.4671
-48.0641
-85.2035
78.3879
-82.6793
8.4246
-97.5700
-43.4074
61.5812
203.2463
-77.9058
182.6467
-7.5920
-274.0907
-46.1664
1131.7177
-27.3117
137.4589
0.0530
-19.6565
-353.9855
-200.2994
22.9964
86.7506
7.0839
42.4784
261.9416
-5.6485
-2.9241
24.8810
69.1520
68.0400
-24.9082
-17.8278
-42.4737
-23.9089
18.1296
8.2645
1.9104
52.8151
-379.9725
-39.1664
-70.9576
-1356.8399
207.7896
135.8702
-79.6111
35.7633
6.3424
-48.2418
29.1110
-22.7384
55.6581
22.4632
46.2778
22.5384
107.1521
-107.0760
-189.2025
528.0489
5.1923
-76.1041
-8.9918
-366.3328
-29.0774
34.4862
-51.6481
119.1932
-23.6166
-24.3642
-55.2694
-135.1108
39.0374
-447.2677
206.7799
-36.4389
-28.8556
728.4727
-138.2581
-26.8646
-38.3013
17.2504
-81.8273
181.3086
-43.0006
65.8407
-577.3411
67.3319
100.5731
-529.9585
41.5125
23.9618
-15.2960
-62.4786
-17.5618
53.1495
131.8636
-101.6538
122.9098
84.7365
62.9337
2.2065
-10.9641
30.0025
-6.3857
-121.5117
-37.7305
-10.3369
-60.1785
89.4165
76.6537
58.7104
29.4965
11.3028
199.3612
-26.7794
-65.8493
-203.3073
81.0210
25.4447
48.8485
28.2744
-67.5277
-88.8166
-91.8121
-92.3448
6.3809
35.8741
178.8525
-4.9865
54.7454
-81.6276
108.2718
75.2854
3.8405
-87.1345
69.4027
64.6761
19.3574
-21.5868
-33.3815
-50.3866
-12.5209
66.8006
-73.4743
-52.2129
-105.2748
57.0249
-77.6771
-36.2297
166.3618
37.4934
47.8594
-22.8855
85.1936
-74.8973
70.8622
24.3587
-41.6332
-33.8354
-42.3184
-27.0408
-28.5935
-82.2682
-5.7199
25.4134
299.1388
35.3465
116.0717
9.6071
-89.0422
835.7153
-6.5018
75.9041
-16.3525
-57.9586
44.4176
-119.0395
18.6402
-89.0248
-5.6598
-39.4314
24.2681
78.9828
-95.6373
79.3051
-93.4263
-46.7626
-7.4771
-29.8842
78.8903
17.3121
-1.1061
-659.8563
-1903.7784
-25.8872
83.7035
58.3278
4.8617
-23.5950
-90.4038
-154.5284
-3.2272
-17.8707
-39.6364
52.3146
18.6011
94.5677
-205.1214
-22.6779
-54.1498
-51.3574
99.9895
188.2574
321.9945
-30.3093
22.1219
-67.5103
-93.9970
92.5953
-76.6462
39.5263
-133.0085
-21.9963
99.2520
-3.9283
3.4042
22.6100
64.1766
-32.0164
465.8856
-307.7527
53.5728
846.5294
107.1519
12.7965
107.6123
79.3400
366.1318
-88.6257
75.0195
-197.4001
3.5018
1.5424
-134.9757
-31.1410
-59.1031
368.5209
-10.5245
-116.2076
9.4199
3.3351
-234.4100
-1229.9121
21.1192
-97.2870
11.6614
-16.2034
-43.9637
-91.1068
-29.2726
67.5564
-7.8026
488.4838
67.9891
-2.6485
44.5162
105.1751
120.0489
123.7620
-3.4624
-9.8614
-366.0348
14.4586
294.8647
66.3637
19.2005
2.3222
-0.4997
-60.0447
18.2844
60.9630
-201.3215
-14.7099
-1.3250
-32.0585
-231.4251
-64.5264
-29.6031
-28.3451
-11.7129
-154.3170
-117.1908
-57.8311
250.9312
65.8517
20.9235
-3.3720
-1.6975
46.6218
-88.3162
24.9011
98.2827
-29.4009
-19.1829
-1.4903
8.7686
119.5946
4169.7871
14.7560
11.1709
5.0192
-124.7604
53.9172
852.8045
-337.7807
808.2604
31.1414
-8.3434
-33.5334
20.0530
581.0318
977.8527
6.8864
-39.0379
68.6015
954.7430
88.6618
-9.5120
-92.8229
1.2276
-102.7562
-171.0450
15.4816
-215.7269
43.0990
-5.1220
8.2535
-164.6757
-37.5035
-8.8398
21.2163
24.1801
13.0995
408.5153
24.1077
10.3343
103.7219
365.5606
55.3007
-45.8867
-361.6883
98.5053
23.8936
-929.1438
-82.1773
-35.9700
-119.8048
10.5546
26.2765
637.7870
7.2087
-48.1432
5.3212
48.7943
46.9283
45.6159
-10.9551
-2196.6226
-179.3718
71.5115
21.8993
-36.2591
-113.3854
-5.3298
-30.3181
2.5381
61.2373
40.5919
357.6090
40.7213
-358.0477
7.1305
69.8285
-15.0875
20.3752
3.8014
71.1419
13.2351
234.8103
47.6441
49.0989
138.0397
-33.6119
74.6421
33.5303
37.6025
29.6716
-221.4473
-2.6286
66.7376
421.6546
243.1451
-58.4953
-90.7572
-162.2944
-15.4442
86.6147
-6013.2228
32.9523
-47.0784
-82.6755
39.9208
-67.2322
-232.7707
-23.9133
-318.7534
2.7616
-44.6503
-58.0532
-5.1957
-57.1972
-229.3437
134.1072
-43.7117
-49.0623
51.3574
-42.7251
-38.2812
-20.1307
-83.4324
-23.8064
110.7888
-276.7005
-55.6233
36.5634
-23.4935
708.6505
-61.2460
-44.4330
-21.5471
-5.2856
-245.5898
-75.7039
-128.0084
-14.1316
50.0373
28.2015
-139.6847
-49.5708
-81.0577
36.5262
-14.8977
11.9963
-118.1935
437.7911
6.0635
161.4571
-15.9093
-37.5330
-77.1008
-12.9271
75.3578
34.6664
-154.9265
-47.6802
-39.6852
-49.8201
65.2417
46.0569
138.8712
-33.5280
52.9143
-144.1947
-470.0947
-38.0605
-36.4398
39.5928
-280.4065
212.7592
-16.0444
-2291.5772
-14.6588
55.7117
-47.8887
66.2428
-25.0530
-11.6965
3.4523
36.7989
0.0000
-15.3710
-216.5766
-71.2209
-9.6847
-26.3125
2.2616
4.7773
66.8265
50.2068
73.9053
0.2858
-66.8426
-17.5690
-54.9081
425.5017
26.1043
-15.5774
6.1399
103.5178
65.9101
77.0064
62.8801
-20.8647
-11.0667
-9.5414
188.3787
71.9996
1597.0910
-13342.0253
6130.3229
-59.2305
54.7671
-17.6463
8.2927
-0.7407
-46.8268
-403.9591
243.6239
46.6086
-10.4402
-13.2784
-42.7431
-2.8439
-65.7164
5.0103
-94.5693
-33.4925
122.3465
83.5811
-68.8452
33.3840
-92.5522
-19.6593
-13.5603
2694.8577
-31.2548
-1.9094
74.3882
-237.3218
434.1860
-7.9773
-43.1171
-22.0597
-46.1732
-72.5942
-135.5107
21.5930
-11.0562
-44.1938
21.7976
29.0692
15.4040
17.8491
2.5107
-32.5997
-23.9517
62.6794
-212.9561
74.1910
671.3707
25.2623
-39.8104
-13.5933
-506.9886
107.4754
68.7376
-71.5582
-1548.1864
29.2387
-18.7251
-42.3839
104.6185
15.5802
-362.9971
40.2391
209.8813
66.5695
159.6973
171.0627
30.5915
12.5805
-14.3199
-72.5227
16.1355
274.5060
-31.3788
-103.6997
-18.1489
-2.6145
240.7244
47.1322
777.6985
-18.9407
12.7614
-853.1694
-95.3166
28.7238
121.7094
-195.4872
109.6849
-108.0080
14.1124
47.2942
-46.8599
-74.0655
-15.1705
37.6138
13.9272
-2.6433
22.5756
-85.1715
-9.2392
47.4656
124.1788
32.0484
74.5136
-47.1669
-31.6749
39.7821
83.3110
15.4265
-76.3832
23.5879
-51.1400
50.5349
52.7775
2.6317
35.2570
47.0694
-107.8040
110.8641
-171.9529
18.7603
-37.4398
18.5949
17.7528
-74.6285
92.8702
8.8710
-29.6095
-610.1669
139.6750
-5.4456
98.7555
118.3604
-23.3004
110.9218
-669.1666
-25.8351
14.8896
70.7963
-518.1705
-416.7566
100.5389
-1.9904
10.1941
-5.3371
6.3670
74.0471
-125.9152
-36.4121
-3.6169
2469.2817
-75.4550
-48.8982
97.1489
212.8124
-45.3902
-25.7485
251.6500
-119.6483
142.4779
117.1828
-0.0632
4.7289
66.0078
62.2518
-60.7813
-47.7442
45.9934
-86.9417
-13.1865
-70.1292
-45.3894
-149.1933
23.8770
22.2131
45.3364
-8.0348
25.4822
42.5925
14.2934
29.6568
-12.0388
-23.6115
81.9274
-37.0357
-40.0230
482.6201
-0.0367
-73.0844
-210.6873
49.4213
26.1169
100.7406
-322.0043
45.5930
-14.8567
12.9005
-91.3623
66.7573
88.4258
-37.8473
-853.4244
-212.2230
82.0138
4403.5887
1575.4364
812.6480
-7.1903
145.8527
4.5830
64.5683
-76.5849
170.1605
-52.6330
-69.6908
126.1864
102.8532
149.9119
-77.0476
24.9401
171.8594
8.7877
-18.0660
-124.8126
76.2007
-82.1196
-75.2686
76.9456
22.5528
-0.1392
90.8588
0.2197
29.3586
-142.1179
-126.9512
-39.8736
54.4717
203.6117
123.8116
-1.9402
-44.9594
-99.8355
-152.1274
48.9050
33.8726
327.6785
-54.1128
285.6052
-65.6447
101.2542
3.4565
-53.9113
91.0222
10.2262
16838.0029
-60.9667
-54.4121
-131.0095
-67.4083
-29.7995
-248.0787
58.4613
-52.8194
10.3847
-10.1760
-711.8803
-23.1399
53.4944
-0.0101
-117.2584
-7.9142
-578.5132
89.7872
2.3147
44.5176
-108.6426
-55.0512
19.7281
71.1400
258.0401
-0.0085
71.0307
-680.0390
-1866.5586
67.1358
-20.1129
4.5388
-3.6878
177.5451
99.7234
8.8154
-4.0694
134.4043
-141.1911
-61.5567
-53.2509
-49.9297
-6.3493
14.5691
143.5024
-31.7409
-1224.5318
-24.4610
51.1815
-24.5539
48.0188
-37.9040
72.1949
39.5028
-0.8925
-44.8083
-49.1325
-44.5054
-11.3018
-80.7372
387.3515
-25.4234
-231.2150
-48.1259
-16.3973
1450.6602
-106.3882
23.3623
29.5182
-18.3939
-8.7577
-50.3355
-28.3149
136.9922
40.6453
-32.7707
-79.5876
524.4503
-19.1358
-81.4639
-153.9729
22.8571
10.2795
-77.5838
-116.2890
18.8222
6.6878
-18.4799
34.7515
23.3234
25.0028
78.3626
-246.6765
-17.0518
-121.4065
-5548.7644
21.6275
46.9200
45.3406
-9.3385
-38.9780
-2.9116
-35.3220
20.1545
-326.5648
26.9280
-16.0797
-39.7768
30.6982
-119.0090
62.8018
43.9929
104.2484
-25.7034
25.9135
53.4641
30.5011
-15.9298
86.3488
-117.3016
4.1958
207.8837
-53.6803
28.0984
-11.7310
20.8539
-8.5736
69.1181
54.3719
-140.4405
330.4726
-33.2732
-43.3071
49.6380
45.3134
267.6332
infinite
-36.8463
-1299.5703
-29.1454
-673.0416
172.2948
-36.7518
32.2509
41.8498
-51.7656
-47.6146
36.4651
-7.1291
-22.7572
301.5961
17.5386
103.4703
-4.9949
26.7820
-3.1299
-93.3792
77.5035
-56.3511
-2.6677
46.7151
1276.5281
-25.2021
12.3642
55.7804
-562.3510
-13.5886
759.9613
-45.9250
4.4815
111.0075
-954.7465
-122.4790
22.7547
28.7147
45.5884
-91.7074
-44.0089
29.4774
14.1081
30.6275
4.5664
-97.5348
55.8749
136.4836
66.8398
-4.5317
7.5779
45.0949
-53.6734
-1664.8957
-51.1944
16.5486
-200.6008
22.6006
-28.2158
-70.5252
-31.2864
37.0338
49.2548
286.3990
-92.0574
65.8369
-15.3453
29.5813
-16.7213
31.8865
5.3830
210.3138
-73.4099
28.3981
85.6719
-112.0870
-677.6115
-44.1021
133.6121
-44.7328
54.8473
319.5335
-55.1480
-97.4645
-32.2009
-16.2655
48.6338
98.6740
46.5405
61.6245
-20.6965
-55.5913
25.4240
-46.6045
273.7592
-125.8110
-33.1374
-235.2468
-73.2351
-42.1100
198.4658
-126.9941
25.7540
-19.3610
-922.2029
19.1898
83.3521
104.2831
-87.0740
40.5002
-205.4129
-5.6594
21.3723
52.8241
-36.6497
1525.9002
62.9309
-212.7895
75.8213
-189.7656
55.5642
-85.0741
61.3654
-57.9710
33.1417
-99.2469
45.9688
-1.8424
-63.2844
16.3829
-88.7627
458.4789
65.9922
23.1695
7.5884
-50.2016
-32.5329
-53.9591
14.8936
24.7424
31.6758
36.1053
152.7066
-66.0435
1.3962
76.7116
40.2747
-8.5305
1.7325
49.6093
-11.5055
61.2824
87.2558
-26.4489
58.0956
-3728.2703
12.5817
10.4578
-30.0951
-23.3876
108.6484
-1586.5726
21.4648
35.3290
-272.8395
25.9897
8.1484
115.1043
-98.4929
-23.7213
6.6075
-61.6370
41.1022
948.4255
27.9716
-28.3713
33.3401
164.7798
382.2461
-71.8406
153.3228
-265.1565
36.6583
10.7704
1114.9894
44.3388
136.7493
-66.7785
15.2102
-81.6955
-21.2853
57.7323
-102.1305
-70.9109
-116.1542
24.7376
18.1147
13.7999
-60.9857
44.9917
45.1408
-1.8790
-27.4225
-7.6373
-177.0345
-316.4441
-73.3050
69.4306
-6.4230
111.0484
-73.7748
213.3567
15.4101
-1.4160
26.4692
29.3452
19.4075
72.4485
-29.5356
-18.4163
-12.2868
81.8502
11.1069
-10.7398
-102.5090
-42.6261
-179.6740
46.6981
280.7888
-53.0630
-31.5505
131.8589
-46.1524
-163.2129
925.9748
282.8064
61.0322
51.2409
-42.3824
4.1775
-52.2899
454.5708
86.3731
-1057.6234
73.5214
51.1339
-11.2862
-863.4765
-109.4345
-143.9125
113.1712
-22.9463
-260.4540
124.0517
-67.9149
14.5173
-78.4244
49.6840
138.2271
253.3907
-594.7499
74.8246
-4.6151
-48.6909
-44.8930
-45.5078
-28.3784
20.2604
-29.9159
51.4742
-183.3149
-7.4187
10.3104
3.9264
-2303.5787
-16.9934
-50.2921
-79.4064
148.1476
-45.8161
-24.4202
-55.1386
-4.0892
22.7037
-200.4275
35.8686
-286.5589
-355.2299
28.2506
64.4704
-66.0517
478.7343
-3.9763
1.2684
-164.3603
-14.8053
142.4951
-39.1642
20.6892
-245.3295
-47.3879
56.7258
-57.4538
-54.1405
44.2886
2.2826
-46.8950
82.1434
-1309.7275
96.8066
85.4514
-42.3125
78.7818
-60.0860
-24.1033
31.6797
-103.2560
-411.1849
-64.4222
39.7568
68.6627
-256.9640
37.9210
-5.2440
37.2629
-13.9801
-128.6639
18.5371
-12.2709
-250.8560
124.2088
26.6423
49.2276
55.8851
93.4553
198.5609
62.9791
-71.7106
20.7335
-0.4951
79.0276
86.2484
-29.8831
4.8133
144.2680
26.1531
27.6747
63.1302
-6.3265
167.6951
-106.9469
-2.7598
-105.2086
-2.4884
188.8027
49.2799
160.7240
40.4218
-182.2011
4.5486
53.4823
-75.7372
48.5168
-944.1152
15.2026
41.7023
-35.8233
-199.1528
-9.9079
250.5948
-123.3244
10.5565
18.1930
-20.9056
-178.9673
-7.6769
-69.9247
17.2331
13.8180
14.4071
302.6652
214.0488
-20.4412
91.8720
44.1133
-77.2222
-12.6983
370.3749
-0.0143
-171.6789
101.6783
7.8254
-22.7875
-67.7691
-80.6728
-43.9014
14.4215
309.6349
-30.7003
-21.4688
-20.2605
304.9705
131.0251
71.8363
271.0306
-242.7931
22.0550
-62.2238
536.1575
78.8531
-100.9037
-278310.8719
219.6218
14.9672
19.1830
74.0146
-212.0910
54.5711
0.4659
-30.6734
-65.9706
187.7120
36.7011
-556.0819
164.1954
79.9695
46.4983
217.2257
-13.0390
23.6605
-141.2855
-176.2542
-434.7687
363.3201
-0.0219
-4.5702
51.9687
23.0008
64.8730
-45.1675
-39.2363
-45.0823
-51.9769
12.1146
-21.5033
30.5742
37.6448
5.2111
12.8310
38.3660
15.3233
11.5394
-57.8533
11.7182
-75.1637
-83.4820
-16.7465
-56.5478
88.3186
15.6399
43.9647
14.8507
-103.1595
43.0839
-214.6602
-157.4849
-50.9307
-23.4937
52.2597
22.2708
-137.3374
45.8694
429.1780
25.5707
-6.6315
20.5703
-125.8716
48.3301
-170.0878
103.7901
39.7955
-29709.5616
121.5227
-30.1570
60.3242
24.4108
-1034.1743
-66.8551
-48.8053
81.0942
109.4261
-9.7448
27.4590
23.0513
64.1966
40.1936
42.7953
354.8936
17.1861
-80.8118
51.9585
19.7526
20.6716
316.2239
-17.7689
-300.0177
-84.2284
-44.8388
-6.2328
45.0617
68.6651
-65.2879
-14.5091
10.2721
-79.1433
66.4591
-121.1364
1.9946
131.0334
103.8608
-92.8928
42.8524
-28.6774
-27.8104
-83.1686
-183.7704
16.5442
-45.1378
-8.8113
85.0745
318.1676
20.2969
51.5941
-7.7526
103.6841
34.7236
5.9839
-86.0002
36.7218
24.4459
-4.7670
39.3011
-79.1758
51.5911
-45.7817
73.7497
-68.1950
-25.7680
12.8985
165.0409
-56.0277
-51.2329
49.4115
101.4599
80.5400
8.6657
-316.9629
-264.5670
12.4475
12.8492
34.3292
-49.8950
-114.6540
-19.8673
13.9357
-37.9813
6.1223
1.5974
-38.3410
458.9783
-91.1548
21.4057
-73.5001
-201.0249
-47.1821
539.8627
31.4611
-109.8653
56.7611
-18.9886
30.9307
16.2799
128.2050
-51.6592
45.9660
56.9542
-73.3150
-82.5813
50.2532
-37.0103
24.5401
-54.0222
59.9314
2.8951
34.8144
22.8320
-10.2361
9.8288
41.1607
47.0793
-154.9550
-68.9623
18.1548
12.6926
-1.6049
-27.4816
-9.6320
-28.6641
101.8133
-22.4224
-204.3743
1380.1383
53.0321
36.8045
111.8958
47.8774
9.5068
48.4104
55.5906
153.0576
58.0348
24.5673
-43.2683
189.5990
-0.1142
-8.8798
217.6758
-103.4736
162.8749
-749.0011
427.2161
14.2443
-8.2807
-175.4226
11.0506
13.3409
12.0205
63.6217
-42.6135
68.9754
97.9157
-50.3403
-19.2676
8.3142
45.1896
-75.6691
29.3244
57.0198
-35.8607
-7.3269
-113.9284
-154.4909
-10.8226
374.2316
-194.3090
32.1264
-28.3804
-257.1684
-46.0698
-9.3669
-51.2320
3.4801
131.1406
-6.9713
92.6223
415.0980
5.2606
-9.9689
40.4613
-69.3320
71.1555
-9.9958
59.4098
-1.1498
7.7946
9.5757
-5.2921
-43.1657
-49.0025
42.6737
-15.9399
67.7269
-91.2400
-1959.8877
16.8527
25.9902
-53.9366
-19.5045
56.4417
33.8763
2.8992
-60.3089
-13.1583
66.5544
-7.0626
-29.7055
65.8654
-193.2885
5.8261
-11.9656
30.7606
27.6467
28.4868
-15.3029
32.2486
1530.2936
2014.0175
-105.0449
-242.4163
294.6454
-27.3178
-47.0571
-71.3216
7.5557
69.9170
-109.4796
-532.4629
21.5722
0.6002
18.4685
-159.8255
-4.8939
9.5607
-110.9380
0.8766
-6.2498
29.7369
39.1896
-44.8982
-23.4958
74.0910
120.5377
-18.9351
72.6489
-9.0185
3.2653
906.4506
11.9583
-27.9643
358.3354
-41.2103
-120.2771
17.2845
0.8799
-54.6377
47.3241
-33.9364
48.3681
176.7205
1328.2743
-11.3330
140.9841
48.1806
183.6306
23.2964
221.6913
-1.3748
-7.7991
213.4499
-113.9780
27.4967
-118.4764
79.4209
8.8748
168.7216
27.3200
-35.1968
-44.5060
39.0537
-192.5444
52.2857
-367.8850
125.4336
21.0808
-254.0299
345.9329
-187.8694
31.8966
447.9000
12.9043
-11.8800
70.0915
-41.9513
-27.1478
188.3259
-22.6809
-204.1701
-39.6625
-18.7753
49.7708
-57.9198
-51.0814
8.4302
281.1188
48.8637
508.2165
-233.9871
37.8053
154.7062
-35.9434
-3160.2408
30.0104
1.7911
-640.9782
13.0064
-236.4365
-6.5869
-297.1617
-150.4470
-17.4013
115.1941
-44.4527
3530.8405
38.6125
-60.7494
87.5855
-399.3873
27.3621
67.1864
114.1065
5.1847
-69.3966
158.9490
69.5421
24.7504
107.2384
-6943.8365
-144.0799
5.8088
-48.7625
-13.4799
-33.8877
18.8678
-140.6708
-14.0951
-14.7100
-44.0519
11.4037
-2154.0554
4738.8123
58.7572
92.5146
-87.4797
104.3642
-36.4484
-202.7353
51.3896
9.0458
-119.7841
50.2358
-73.4988
-11.3683
48.5589
-401.8798
12.4697
92.6720
-43.7523
-55.7082
-44.8256
-11.8489
133.1950
-161.5079
-22.7319
-59.0358
-15.8712
0.2934
3132.5451
-112.5063
-102.2765
-241.4777
12.6261
83.1844
-486.7928
67.5302
282.3663
-39.7859
14.2509
48.2597
-55.7901
36.9735
-59.3365
-78.0212
-16.9900
9.5201
-502.1387
12.5355
242.3981
-301.1991
-57.1752
557.7670
28.1746
-113.1414
-0.0591
-22.9655
-12.4911
56.5543
8.6690
58.0648
-37.5316
-60.7204
2.7699
-16.8802
-94.8157
-133.8914
-116.8946
153.8468
-246.8924
219.3947
-41.1159
64.5367
-0.7820
23.2809
-178.9869
49.5358
3.3343
-0.9094
88.1700
-34.1889
-7319.1320
111.8507
31.0016
15.5069
-30.3473
-32.5063
-590.2786
1106.6146
30.3505
25.2525
185.2361
-16.1612
-139.8781
37.1981
-219.7849
-189.6538
-24.1335
3.2426
44.0297
6.6663
1611.2657
24.7288
-252.2072
-7.5553
479.3159
61.1867
-41.2695
-62.8429
-121.3104
-87.6476
15.2032
730.9759
32.9386
-90.3169
-299.6883
-0.4045
50.3186
125.3009
-47.6154
68.9790
-245.2501
-572.3148
-29.7095
-3.1505
48.2559
3434.4979
951.1738
25.6065
57.5647
-30.7349
-43.8454
156.0907
-99.5427
125.6444
55.9413
82.0769
-45.1528
-18.3212
-8.5215
-83.0126
6.8020
-59.7787
82.3087
-102.7087
-23.2605
-7.8225
-541.5189
-30.5270
122.2238
41.1298
77.1819
43.6893
9.3658
-29.3324
-46.3021
-20.7202
-36.6311
63.0631
-19.2451
4.3996
-194.0486
19.1124
-254.0626
-31.6635
36.9027
75.6931
-14.7025
-14.3343
151.4812
10.7645
206.7114
52.2502
-593.1606
-67.2275
-388.1712
16.0752
-36.7346
-45.4909
-88.6222
81.1429
-194.3088
-64.4748
-69.6395
-21.1901
54.1320
98.6947
-83.0240
-63.5818
-12.3066
-60.5614
-66.6221
71.8241
457.4021
113.5616
-4.1771
35.4764
80.9950
15.7105
-26.7585
-81.2798
-3280.4283
106.3720
-46.5931
-1.7432
-862.7619
43.4504
305.6612
-20.3657
-65.8511
-47.6477
-363.5413
29.2387
60.5524
56.2027
35.0051
-7.9195
-169.9297
62.7805
-277.6108
-39.3366
533.6436
102.8322
-13.6508
38.0372
-147.6684
4.6466
4.1220
-88.5122
45.1422
521.5324
-71.5765
249.2022
-9.7343
-82.7256
75.4755
-48.3607
-41.4445
18.0082
-4.2889
67.2256
-24.1978
-75.5685
-10.9402
-138.6796
-105.4114
18.6345
10.2968
-1455.1109
-161.0568
-28.2606
-48.7878
12.7830
21.3402
35.1901
-251.4836
-45.6245
36.4559
-290.5873
-11.0084
28.3749
35.5409
428.4880
-14.2462
37.7057
30.1535
-1720.8771
1.1338
109.9108
-1632.9492
18.4733
-20.0478
-41.1563
50.4081
-182.0417
10.6001
-4.9076
14.5502
-32.6469
80.1142
621.4020
-83.4653
-52.2074
-230.0724
-72.4266
-1953.0305
-21.8396
-40.3824
6803.4612
-27.3075
872.8761
-153.7872
12.0598
-74.2938
42.0348
-72.9205
36.8662
95.3165
-394.3443
-80.0152
-244.5862
19.2359
17.2231
-129.7184
39.9446
-0.5458
33.4587
-3.1043
-1.1828
78.0758
2.3316
54.2053
16.6258
-75.3144
330.3818
1227.0726
54.6804
-347.2174
-21.5035
35.4372
-195.7132
-126.1988
329.1764
-59.3112
-52.5789
12.8986
47.2643
70.2719
9.3444
-8.3842
-171.2547
-47.3291
36.3770
-8.0763
15.9477
-30.5972
-38.6290
18.6024
-66.1467
4.5980
-29.2645
-29.1733
-74.0497
135.9311
-39.2550
-13.6404
201.0418
72.5115
-1749.2889
53.3199
-503.4217
477.8995
-15.8696
1038.1155
-533.5652
-70.4731
2.2579
15.7181
-6.1139
70.7833
-770.1486
20.5058
-63.4729
128.5201
77.3770
-237.1903
-37.7008
55.2795
38.3242
45.5950
35.0488
145.9425
42.8450
-6.9958
-49.2184
52.8532
9091.3541
-48.3076
98.0568
33.5897
-102.2400
11.3873
5.9387
181.9794
-32.6805
69.5245
63.0716
6.7525
198.1535
-37.7650
-55.4489
-49.5053
1.2820
2.6124
27.7276
35.0802
0.4174
-77.8485
188.3375
161.3991
483.6269
24.8109
19.6267
19.0545
-30161.6779
-110.9471
-23.0137
49.1272
-277.7657
67.6134
-7.1847
-805.5402
-232.4523
70.6205
-12.3430
17.7555
-125.8266
-28.2228
81.3738
159.8623
74.1066
38.7555
232.0794
-76.4065
35.4918
16.2034
14.4151
-50.9950
3.0009
83.9386
62.8920
-148.7629
-80.0178
72.8645
414.2000
-3.0030
27.7010
51.2777
-85.2510
208.3447
-449.5791
69.8507
284.0869
47.1436
-21.1182
-25.0310
-69.6783
60.8643
17.0064
-14.5306
-90.2175
-211.4707
-37.5436
123.9736
-81.0040
39.2139
12.6484
18.0262
-20.2118
-107.8532
-5.7635
-154.9464
34.9511
-5.7676
bad light
0.0000
bad light
0.0000
0.0000
0.0000
bad light
0.0000
0.0000
-30.8132
0.0000
bad light
0.0000
28.9775
0.0000
0.0000
bad light
0.0000
62.5950
0.0000
bad light
infinite
0.0000
71.0836
bad light
92.8532
bad light
bad light
bad light
bad light
0.0000
-7.8596
0.0000
bad light
-4.6804
0.0000
0.0000
0.0000
92.3334
0.0000
0.0000
110.1358
0.0000
0.0000
0.0000
0.0000
0.0000
bad light
0.0000
-19.2848
0.0000
0.0000
-356.4277
0.0000
79.9079
0.0000
bad light
0.0000
0.0000
0.0000
bad light
bad light
0.0000
0.0000
0.0000
0.0000
32.5888
0.0000
bad light
14.6315
bad light
-4462.2420
1454.8783
bad light
0.0000
75.7776
72.7680
bad light
3.4220
bad light
-69.5637
bad light
bad light
bad light
0.0000
0.0000
bad light
56.3785
0.0000
infinite
0.0000
0.0000
-97.5202
0.0000
0.0000
-25.3652
0.0000
bad light
0.0000
bad light
16.6452
bad light
4.3232
228.3253
0.0000
-92.1316
0.0000
bad light
0.0000
0.0000
0.0000
bad light
-74.2000
25.5219
0.0000
0.0000
0.0000
bad light
bad light
bad light
0.0000
52.1324
bad light
bad light
-31.7794
261.1110
-23.5270
0.0000
0.0000
0.0000
0.0000
bad light
bad light
158.4350
bad light
bad light
109.0413
bad light
46.1534
0.0000
-24.5979
0.0000
10.7235
bad light
bad light
0.0000
0.0000
0.0000
bad light
0.0000
0.0000
bad light
0.0000
bad light
0.0000
bad light
bad light
-49.9689
bad light
0.0000
-61.6157
0.0000
65.5543
0.0000
0.0000
927.3751
0.0000
bad light
0.0000
bad light
bad light
0.0000
-3.6086
0.0000
0.0000
bad light
0.0000
bad light
0.0000
-91.9959
138.3066
-26.8228
-47.4057
-40.4328
0.0000
bad light
bad light
bad light
0.0000
83.2803
-11.7639
-59.5389
0.0000
76.0227
-3.7614
9.0203
0.0000
0.0000
0.0000
0.0000
bad light
64.7443
bad light
0.0000
bad light
-21.8066
bad light
bad light
0.0000
71.9435
bad light
bad light
bad light
0.0000
-35.5063
0.0000
0.0000
178.0747
0.0000
0.0000
0.0000
-38.9042
0.0000
45.7028
bad light
bad light
bad light
0.0000
0.0000
0.0000
bad light
0.0000
173.3649
0.0000
134.7608
0.0000
66.4504
0.0000
0.0000
0.0000
bad light
0.0000
bad light
infinite
-26.2633
0.0000
0.0000
61.3472
0.0000
1.2519
0.0000
57.3133
0.0000
bad light
0.0000
0.0000
0.0000
-81.7909
-27.7868
bad light
52.5534
bad light
0.0000
bad light
0.0000
bad light
bad light
0.0000
0.0000
bad light
0.0000
-2.4060
0.0000
bad light
0.0000
72.7564
-196.7427
0.7292
-39.5595
0.0000
-748.9210
0.0000
0.0000
bad light
bad light
bad light
-8.1795
0.0000
0.0000
-332.0351
-11.3489
0.0000
26.8351
4.7118
0.0000
0.0000
bad light
0.0000
0.0000
0.0000
240.5282
-468.5342
-27.9493
0.0000
59.0991
0.0000
0.0000
20.8129
41.9186
0.0000
bad light
-16.1874
-5.3078
-133.1013
0.0000
0.0000
bad light
0.0000
0.0000
0.0000
0.0000
bad light
0.0000
bad light
0.0000
bad light
98.6495
0.0000
bad light
0.0000
142.3062
0.0000
0.0000
-128.9428
bad light
45.2544
0.0000
bad light
-25.1164
0.0000
-59.0710
45.9067
0.0000
bad light
0.0000
0.0000
-109.3757
0.0000
0.0000
bad light
0.0000
0.0000
bad light
0.0000
bad light
0.0000
0.0000
0.0000
-41.2741
79.0235
-152.3637
0.0000
0.0000
-120.5111
0.0000
65.1938
159.7598
0.0000
-220.2405
bad light
52.2546
0.0000
4.2794
49.8738
-5.7835
153.8122
0.0000
bad light
0.0000
-31.7588
162.9287
-706.6842
0.0000
0.0000
0.0000
bad light
0.0000
0.0000
0.0000
0.0000
159.4963
0.0000
0.0000
bad light
bad light
46.7158
0.0000
0.0000
bad light
0.0000
bad light
bad light
0.0000
0.0000
0.0000
0.0000
-31.5275
0.0000
-48.6465
-75.9766
0.0000
0.0000
0.0000
bad light
0.0000
bad light
-102.7610
4610.1490
bad light
bad light
bad light
bad light
0.0000
114.5744
0.0000
bad light
0.0000
0.0000
34.1077
0.0000
0.0000
0.0000
18.7872
infinite
-503.8556
0.0000
bad light
bad light
bad light
0.0000
0.0000
0.0000
-66.9863
bad light
0.0000
0.0000
0.0000
0.0000
215.2022
bad light
0.0000
64.9982
0.0000
79.3864
-43.0203
62.6374
0.0000
0.0000
0.0000
0.0000
52.1211
0.0000
0.0000
0.0000
-436.8782
0.0000
0.0000
0.0000
495.9657
bad light
0.0000
bad light
infinite
-32.0953
-59.3959
0.0000
-33.8355
0.0000
0.0000
bad light
-6.8812
bad light
bad light
0.0000
0.0000
0.0000
0.0000
0.0000
4.0435
-24.7538
0.0000
0.0000
0.0000
-10.4414
0.0000
2936.1442
bad light
0.0000
bad light
0.0000
bad light
0.0000
bad light
62.1271
-104.8119
0.0000
0.0000
bad light
0.0000
2284.4175
0.0000
0.0000
0.0000
-26.2101
0.0000
0.0000
bad light
-61.7184
139.8071
0.0000
bad light
0.0000
0.0000
-57.2950
0.0000
0.0000
bad light
bad light
0.0000
bad light
37.0995
0.0000
52.0317
bad light
0.0000
-149.9336
0.0000
7.8101
1.9771
0.0000
bad light
23.5622
0.0000
bad light
0.0000
-297.5050
0.0000
0.0000
0.0000
43.2519
0.0000
bad light
0.0000
64.6296
39.2383
0.0000
48.2946
-67.2550
0.0000
3.6123
-63.4920
bad light
0.0000
0.0000
0.0000
0.0000
bad light
bad light
bad light
0.0000
0.0000
0.0000
0.0000
0.0000
0.0000
bad light
0.0000
bad light
bad light
0.0000
-85.4260
0.0000
0.0000
56.3829
0.0000
0.0000
16.8926
bad light
0.0000
-50.2362
0.0000
bad light
0.0000
0.0000
0.0000
0.0000
-5.2387
0.0000
0.0000
0.0000
-116.5713
-10.0681
bad light
-94.0459
15.2463
0.0000
bad light
0.0000
0.0000
0.0000
bad light
0.0000
bad light
0.0000
bad light
bad light
bad light
0.0000
0.0000
-10.2545
0.0000
0.0000
0.0000
bad light
infinite
0.0000
bad light
0.0000
bad light
0.0000
0.0000
-559.2548
bad light
-105.7127
0.0000
-52.6207
0.0000
bad light
-163.2809
bad light
bad light
bad light
0.0000
0.0000
8.9880
bad light
0.0000
4.3146
0.0000
28.1017
0.0000
22.4085
bad light
-33.8200
bad light
0.0000
0.0000
bad light
0.0000
0.0000
0.0000
0.0000
14.6077
0.0000
bad light
0.0000
bad light
bad light
0.0000
-82.2433
0.0000
0.0000
0.0000
0.0000
-87.1815
0.0000
bad light
-60.9813
0.0000
-478.1208
0.0000
0.0000
bad light
-86.5400
0.0000
-100.7450
0.0000
0.0000
bad light
0.0000
0.0000
0.0000
0.0000
-73.3463
-1281.1492
0.0000
bad light
-75.6322
0.0000
74.5236
44.3525
0.0000
0.0000
0.0000
bad light
-10.7978
0.0000
infinite
0.0000
bad light
infinite
bad light
-55.2424
33.4593
11.2632
bad light
37.2175
bad light
bad light
0.0000
27.4289
0.0000
0.0000
bad light
bad light
0.0000
-11.7514
0.0000
0.0000
8.6687
infinite
0.0000
0.0000
0.0000
-85.6874
0.0000
0.0000
-83.5734
bad light
-93.4956
0.0000
0.0000
0.0000
0.0000
13.3997
0.0000
0.0000
-6.1764
-95.7328
31.5098
0.0000
-28.8118
bad light
0.0000
78.4230
0.0000
bad light
0.0000
0.0000
0.0000
0.0000
0.0000
bad light
0.0000
0.0000
-596.5340
6025.2919
-3.3812
0.0000
100.9344
bad light
-18.0623
bad light
0.0000
bad light
0.0000
216.9056
-92.4690
-256.9066
0.0000
bad light
0.0000
-27.3817
0.0000
0.0000
4.7491
0.0000
-71.9676
0.0000
bad light
-35.1319
0.0000
0.0000
0.0000
0.0000
bad light
bad light
8.5765
0.0000
0.0000
0.0000
0.0000
bad light
204.0923
0.0000
bad light
0.0000
0.0000
9.3250
100.7731
58.7655
-1.1675
bad light
bad light
0.0000
bad light
0.0000
0.0000
0.0000
0.0000
-156.5243
0.0000
0.0000
0.0000
0.0000
0.0000
bad light
bad light
bad light
-330.5365
bad light
0.0000
-81.7877
0.0000
-63.8545
179.0767
-28.7130
0.0000
bad light
-32.5453
-175.4103
bad light
-1.5433
31.8866
bad light
0.0000
0.0000
bad light
0.0000
0.0000
0.0000
-3.3484
94.8128
103.6300
0.0000
-32.7158
0.0000
0.0000
0.0000
-24.0637
-8.3583
bad light
bad light
-19.3142
0.0000
bad light
15.0071
0.0000
-115.8516
bad light
bad light
69.7737
0.0000
0.0000
-4.9826
0.0000
-5.8336
69.4678
infinite
-165.1027
0.0000
43.7518
-1571.6141
bad light
0.0000
0.0000
bad light
bad light
bad light
36.4201
bad light
bad light
0.0000
2.5245
0.0000
bad light
bad light
-23.5715
0.0000
-18.7930
0.0000
bad light
bad light
bad light
bad light
0.0000
bad light
0.0000
bad light
bad light
0.0000
0.0000
17.8266
bad light
bad light
-36.1080
-106.8168
0.0000
0.0000
bad light
0.0000
62.6396
bad light
-22.0963
0.0000
0.0000
0.0000
bad light
0.0000
0.0000
0.0000
80.9870
-78.5352
bad light
-90.1576
293.2215
0.0000
0.0000
0.0000
0.0000
0.0000
0.0000
90.9281
0.0000
0.0000
0.0000
113.0476
0.0000
bad light
bad light
0.0000
11.9186
0.0000
bad light
90.1794
bad light
207.7312
-78.8974
0.0000
0.0000
bad light
45.9548
0.0000
933.9681
0.0000
0.0000
-0.0174
bad light
-12.2536
-44.6758
0.0000
-55.9241
0.0000
0.0000
0.0000
395.1273
0.0000
0.0000
0.0000
bad light
-14.1054
bad light
0.0000
bad light
0.0000
0.0000
0.0000
-10.8791
0.0000
0.0000
bad light
infinite
36.2745
-84.3327
-930.7191
0.0000
bad light
0.0000
0.2496
0.0000
bad light
bad light
-44.7175
9.7738
0.0000
0.0000
0.0000
bad light
0.0000
-56.0578
0.0000
0.0000
bad light
0.0000
infinite
0.0000
bad light
0.0000
0.0000
bad light
64.5947
-173.5711
bad light
0.0000
0.0000
21.2355
bad light
bad light
0.0000
0.0000
0.0000
-25.1060
0.0000
0.0000
bad light
0.0000
bad light
286.5546
0.0000
bad light
0.0000
0.0000
0.0000
0.0000
bad light
0.0000
72.8317
bad light
0.0000
0.0000
bad light
bad light
113.7339
-32.2036
0.0000
0.0000
0.0000
bad light
-9.0657
bad light
0.0000
0.0000
bad light
bad light
0.0000
51.8638
0.0000
51.5699
-224.8789
bad light
0.0000
bad light
bad light
0.0000
0.0000
bad light
0.0000
bad light
0.0000
0.0000
-21.9888
bad light
bad light
bad light
-101.4131
0.0000
bad light
94.6498
bad light
0.0000
0.0000
0.0000
0.0000
0.0000
0.0000
-2022.4372
72.4057
0.0000
0.0000
35.2298
0.0000
0.0000
-32.3766
bad light
0.0000
0.0000
-72.6319
-37.0139
bad light
0.0000
-67.8156
-25.7832
0.0000
-3249.3669
0.0000
0.0000
0.0000
-215.9948
0.0000
0.0000
24.8778
0.0000
54.4965
0.0000
bad light
0.0000
-20.2511
0.0000
-81.3597
0.0000
-510.2988
-71.0411
0.0000
0.0000
0.0000
bad light
0.0000
0.0000
bad light
-30.0812
0.0000
0.0000
0.0000
0.0000
0.0000
bad light
0.0000
bad light
65.7524
-54.7308
6.3671
bad light
0.0000
0.0000
bad light
bad light
0.0000
61.2977
bad light
0.0000
0.0000
0.0000
bad light
33.0314
bad light
-100.0352
bad light
0.0000
228.0169
-20.8066
bad light
142.6117
0.0000
0.0000
0.0000
bad light
bad light
0.0000
bad light
bad light
bad light
119.6177
bad light
0.0000
0.0000
0.0000
0.0000
0.0000
0.0000
0.0000
0.0000
0.0000
31.6452
-157.3976
108.4707
23.1863
0.0000
bad light
bad light
0.0000
0.0000
bad light
bad light
-21.0362
0.0000
0.0000
44.7290
0.0000
0.0000
bad light
2.0138
0.0000
76.9599
0.0000
-2.3428
0.0000
0.0000
-16.5722
0.0000
62.4313
-12.0244
0.0000
0.0000
0.0000
16.4162
61.0726
bad light
0.0000
0.0000
bad light
0.0000
0.0000
bad light
0.0000
bad light
0.0000
bad light
0.0000
0.0000
0.0000
0.0000
0.0000
79.0171
0.0000
-55.7114
bad light
-128.9730
65.6950
bad light
45.4845
56.8973
0.0000
bad light
79.4127
0.0000
0.0000
bad light
0.0000
0.0000
bad light
0.0000
bad light
25.3007
20.9046
46.9708
bad light
bad light
bad light
0.0000
bad light
0.0000
0.0000
bad light
-160.0645
0.0000
-240.2496
-159.9646
-12.1901
44.4464
bad light
0.0000
0.0000
34.6107
0.0000
0.0000
bad light
0.0000
0.0000
0.0000
bad light
bad light
-104.6899
-30.6848
0.0000
bad light
0.0000
0.0000
0.0000
73.6881
0.0000
0.0000
0.0000
0.0000
0.0000
bad light
15551.8102
bad light
0.0000
144.7172
0.0000
34.0582
bad light
0.0000
0.0000
-12.3788
0.0000
bad light
bad light
bad light
1058.3407
0.0000
-187.1744
613.6515
bad light
0.0000
0.0000
24.9030
0.0000
0.0000
-0.0023
-14.2562
0.0000
-14.1533
0.0000
40.1717
5.4196
0.0000
0.0000
-41.7225
0.0000
-27.3910
bad light
bad light
bad light
0.0000
0.0000
0.0000
73.6019
0.0000
bad light
0.0000
0.0000
0.0000
0.0000
687.2658
55.2327
0.0000
25.9694
bad light
0.0000
0.0000
90.9068
bad light
0.0000
0.0000
0.0000
-44.6171
0.0000
0.0000
0.0000
bad light
0.0000
0.0000
84.0276
0.0000
0.0000
0.0000
0.0000
0.0000
0.0000
36.4154
22.6531
0.0000
25.1559
bad light
-39.0889
0.0000
65.4396
0.0000
-66.0875
0.0000
bad light
0.0000
-66.3291
0.0000
-22.7898
0.0000
27.2254
44134.3647
0.0000
0.0000
0.0000
0.0000
-25.5597
0.0000
-15.4203
-57.6460
bad light
0.0000
bad light
-29.3917
0.0000
0.0000
0.0000
-156.4092
0.0000
bad light
-16.1936
0.0000
471.9389
0.0000
-129.4204
0.0000
bad light
0.0000
0.0000
0.0000
0.0000
0.0000
bad light
201.5633
0.0000
0.0000
0.0000
bad light
bad light
375.8960
0.0000
-209.1840
0.0000
0.0000
0.0000
0.0000
bad light
343.8094
62.8362
bad light
bad light
bad light
0.0000
0.0000
0.0000
0.0000
52.6345
0.0000
0.0000
-19.0747
0.0000
0.0000
-445.9081
-19.8457
bad light
1162.4613
0.0000
-81.0060
bad light
0.0000
0.0000
-102.8203
bad light
0.0000
-7219.7576
bad light
0.0000
0.0000
-34.8979
bad light
0.0000
-498.6180
0.0000
84.2325
0.0000
0.0000
0.0000
0.0000
0.0000
8.7397
bad light
0.0000
0.0000
24.6300
bad light
0.0000
bad light
0.0000
-66.4380
bad light
7.2045
0.0000
0.0000
infinite
0.0000
1469.6649
-2.5746
-14.5141
-18.8830
bad light
infinite
bad light
-41.6640
0.0000
bad light
0.0000
-68.3678
0.0000
0.0000
0.0000
bad light
0.0000
infinite
0.0000
bad light
bad light
0.0000
0.0000
bad light
bad light
-83.7496
bad light
0.0000
0.0000
0.0000
-4.7934
bad light
0.0000
bad light
0.0000
-47.2980
62.7721
bad light
0.0000
0.0000
-48.3815
-1126.0647
bad light
-187.4813
230.1637
bad light
0.0000
-1245.1393
-14.2271
-49.6865
-2.9018
0.0000
bad light
64.9926
0.0000
0.0000
4.5408
0.0000
bad light
bad light
0.0000
0.0000
bad light
0.0000
0.0000
bad light
-126.2136
bad light
-32.8840
0.0000
0.0000
0.0000
29.7733
-15.0325
0.0000
5.0582
bad light
0.0000
bad light
-26.1720
bad light
0.0000
1521.3036
0.0000
169.0599
0.0000
bad light
0.0000
0.0000
bad light
bad light
0.0000
25.9041
-52.7461
0.0000
0.0000
36.7337
bad light
0.0000
-125.1973
0.0000
bad light
0.0000
0.0000
0.0000
0.0000
bad light
-21.9728
34.6810
0.0000
-164.8372
bad light
0.0000
0.0000
58.9232
45.9793
0.0000
0.0000
bad light
0.0000
0.0000
0.0000
0.0000
-15.5640
0.0000
0.0000
0.0000
bad light
54.5830
0.0000
0.0000
bad light
bad light
bad light
0.0000
-9.8141
0.0000
0.0000
bad light
32.6421
0.0000
0.0000
1.6054
-19.3763
bad light
bad light
0.0000
0.0000
bad light
0.0000
0.0000
29.3758
0.0000
bad light
0.0000
bad light
-4550.2232
bad light
0.0000
0.0000
0.0000
0.0000
-25.3365
-31.6890
0.0000
bad light
-69.8986
bad light
0.0000
0.0000
35.2071
0.0000
bad light
infinite
250.0449
57.8701
bad light
-109.4551
-30.1392
0.0000
bad light
-41.7507
-472.2879
0.0000
-5.5680
bad light
0.0000
bad light
-25.9960
0.0000
0.0000
0.0000
0.0000
bad light
bad light
-6.8428
0.0000
0.0000
0.0000
0.0000
bad light
bad light
0.0000
130.4195
69.2487
0.0000
bad light
-9.9089
bad light
123.5591
-8.3428
0.0000
142.8987
bad light
-95.4022
0.0000
0.0000
19.7659
bad light
0.0000
bad light
44.8165
bad light
0.0000
0.0000
6.3429
0.0000
0.0000
bad light
0.0000
4.3088
-40.8132
0.0000
0.0000
0.0000
bad light
15.1522
993.7161
0.0000
0.0000
0.0000
bad light
0.0000
-372.9027
bad light
0.0000
0.0000
0.0000
0.0000
bad light
bad light
0.0000
141.4640
0.0000
infinite
bad light
0.0000
-16.0068
0.0000
0.0000
-62.7403
bad light
39.7437
bad light
0.0000
0.0000
0.0000
0.0000
0.0000
-23.6967
bad light
bad light
bad light
0.0000
-62.4314
0.0000
-9.7786
0.0000
0.0000
bad light
bad light
0.0000
0.0000
bad light
0.0000
41.1751
bad light
-13.9252
0.0000
0.0000
bad light
0.0000
0.0000
0.0000
-1167.6814
-6.0597
bad light
-97.9135
0.0000
0.0000
bad light
bad light
0.0000
0.0000
0.0000
0.0000
0.0000
173.9229
bad light
0.0000
0.0000
bad light
93.0863
-11.8827
bad light
-365.8885
0.0000
0.0000
-424.9089
0.0000
133.1410
-139.8653
0.0000
bad light
27.8644
0.1732
0.0000
0.0000
-133.6832
0.0000
bad light
0.0000
0.0000
112.2918
-36.3747
0.0000
15.7434
0.0000
0.0000
bad light
bad light
-28.0574
0.0000
0.0000
9.7036
-129.7345
0.0000
bad light
0.0000
0.0000
bad light
0.0000
0.0000
0.0000
0.0000
0.0000
bad light
0.0000
0.0000
infinite
0.0000
-134.4094
0.0000
-25.0624
bad light
bad light
-265.7097
-33.5162
0.0000
infinite
infinite
24.0000
0.0000
bad light
infinite
155.6220
159.5178
infinite
