162844048
23
2310121046
4679599602
8019153824
13679571428
9869826380
7470012932
6312007422
6183618196
1139725228
843425966
739054406
56885552
9916854618
3137341954
11838389970
7940173240
7668776666
5261455790
141451204662
304691712
33062255142
37594208660
3898125176
9941970932
262302210
1285784376
4065455370
139314670
5865193384
1497426706
12915675370
7581128970
61467738146
4425689842
2657660030
11641762496
29259101982
29002811818
5364118342
1147781980
3859123172
8778228038
4908606674
34766624406
5486434486
2652014200
71044561208
1311114316
4792088950
5210917982
2595067612
1805933168
815379924
2273652036
2039823120
289035978
1788537908
13936685578
2600927068
8208853712
1421284296
2310883996
51521830392
36078806852
600777348
882122790
24848640622
12843408746
7944964566
5029732616
4854315152
16844684762
662881478
723703852
20574533686
2874215758
10027879102
23423724684
13551182202
389287608
2677618802
86656318770
1869196982
436804134
12006696740
3917961876
541847090
193728264
66514743950
12124374148
35756658844
383794368
288486654
6423001388
15171260750
18641523566
6683442
519804732068
5103830320
