769792
710496
56295
216733
549765
201852
899019
226498
841995
769792
39784
238968
217503
78975
71199
769792
678892
31509
612598
295105
667876
809919
526792
3159
1000255
710496
960988
671409
25105
238968
710496
123084
859968
829696
588676
611793
960988
692712
304717
325615
68800
346288
152608
665919
1000255
446760
1000255
638950
649638
62968
390847
697248
773896
559188
936985
365638
355995
297463
687919
325615
6880
101299
361989
236754
191205
21375
446760
51759
515907
414895
475380
414895
1000255
859968
960988
697248
386415
936985
223524
936985
549765
549765
129438
446760
428980
899019
131242
702189
297463
325615
381429
261378
741928
250105
428980
899019
201852
255010
899019
688
254740
186624
692712
710496
428980
769792
397840
67149
241506
51759
214506
78975
231579
710496
1000255
162720
697248
378400
611793
325615
692712
182650
629680
611793
336195
336195
47538
465088
118408
588676
100255
859968
649638
564912
114268
100255
338296
261378
1435
559188
62968
394875
145273
197428
559188
697248
116478
629680
392566
295105
336195
515907
107329
809919
174793
279328
841995
325615
279328
715959
205785
559188
384912
899019
789250
284598
233896
809919
346725
404932
649638
201852
279328
729688
497682
390847
611793
378400
355995
152271
515907
899019
841995
789750
319059
44676
573768
325615
399784
201852
687919
67950
114268
519745
341653
208624
573768
226498
809919
899019
936985
365638
611793
936985
168520
936985
1000255
123538
588676
719199
899019
260338
899019
526792
286416
535968
829696
140035
446760
673920
201852
404932
369189
809919
201852
435784
236754
729688
100255
304717
250105
936985
136854
859968
515907
1000255
936985
291375
899019
611793
231579
936985
435784
462672
236754
468535
390847
145273
42898
697248
100255
414895
899019
829696
899019
68800
1000255
736695
769792
859968
526792
78975
678892
446760
260338
414895
121086
158193
100255
62968
936985
588676
375615
729688
361989
649638
515907
829696
197428
960988
702189
428980
435784
312475
462672
769792
78975
428980
100255
769792
661288
376992
450688
687919
307183
146952
132430
186624
588676
697248
632875
899019
526792
162072
267034
794088
1000255
611793
769792
279328
741928
611793
769792
21375
78975
899019
414895
10251
124978
162072
559188
281736
960988
329346
1000255
638950
899019
815958
769792
829696
692712
100255
809919
291753
702189
404932
899019
414895
238968
15624
33655
207391
109525
729688
515907
100255
442975
936985
254740
67950
611793
1000255
295105
201852
304717
446760
899019
267034
110758
661288
568750
936985
715959
939658
899019
281736
809919
789250
283198
135045
368104
611793
486720
809919
296320
535968
325615
123084
769792
241506
229648
393246
215860
475380
769792
960988
468535
899019
741928
56295
390847
899019
899019
6880
710496
710496
665919
279328
414895
936985
715959
741928
462672
769792
531297
741928
381429
960988
778936
29632
475380
100255
702918
515907
611793
899019
697248
778936
189702
899019
134275
312475
449676
769792
611793
859968
562950
243175
809919
773896
397840
549765
416065
197428
53865
153436
899019
623758
428980
258795
588676
638950
100255
381429
649638
1000255
78975
661288
960988
789750
702189
649638
549765
486720
33655
297463
462672
899019
515907
486720
611793
162072
710496
475380
617728
611793
859968
227448
1000255
100255
227448
736695
497682
304717
33655
78975
428980
428980
829696
611793
638950
390847
435784
535968
162072
899019
729688
352966
67392
936985
936985
614965
67149
295510
588676
476892
678892
428980
381429
139500
936985
428980
741928
164583
171598
549765
571648
769792
118575
715959
488592
729688
535968
632875
1000255
243175
168520
809919
661288
397840
638950
152608
307183
564912
936985
152271
223524
312475
638950
325615
769792
899019
960988
171598
78975
168520
859968
559188
62968
661288
33655
1000255
798682
62968
371893
304717
899019
186624
468535
476892
149782
341284
515907
611793
611793
131242
246150
381429
378400
435784
769792
611793
960988
279328
52168
673920
205785
122746
428980
325615
936985
697248
100255
486720
661288
103968
279328
101299
182065
446760
120843
304717
205785
149364
661288
149364
134275
899019
150826
936985
486720
279328
611793
67149
260338
769792
529672
325615
936985
611793
168520
567648
549765
588676
899019
33655
18225
37845
936985
307183
665919
414895
1000255
960988
632875
162072
1000255
649638
667876
100255
231579
279328
936985
361989
960988
201852
936985
960988
899019
530379
312475
258795
1255
491688
571648
456840
386415
899019
798682
936985
102051
139824
262984
178294
486720
1000255
611793
515907
535968
638950
193257
390847
841995
687919
207391
261783
588676
149364
936985
465088
428980
1000255
899019
562950
515907
841995
899019
365638
205785
623758
210375
559188
172822
336195
588676
171598
588676
899019
414895
267034
312475
629680
769792
899019
325615
361989
936985
226498
671409
899019
284598
549765
218488
588676
312475
611793
212868
428980
661288
960988
253750
1000255
769792
100255
115672
697248
936985
6880
458640
446760
78975
611793
611793
393246
1000255
251896
960988
623758
936985
1000255
486720
172822
692712
397840
936985
297832
782896
661288
571648
182065
307183
960988
535968
297463
562950
105021
442975
100255
229648
36855
397840
131242
285376
829696
404932
515907
649638
710496
571648
107163
1255
736695
132430
679500
414895
1000255
960988
41665
439582
346288
899019
62968
1000255
125248
617728
251896
649638
475893
381429
899019
41665
960988
15246
769792
100255
361989
102505
769792
588676
829696
361989
371893
564912
447916
312475
286416
319059
809919
100255
312475
571648
573768
12505
679500
623758
245182
162526
312475
562950
769792
78975
132430
841995
678892
149364
250105
519745
497682
312475
809919
1000255
260338
112468
325615
149782
611793
614965
439582
62968
665919
798682
1000255
736695
155277
63895
41665
588676
162072
149364
841995
1000255
361989
899019
1000255
769792
78975
346288
692712
936985
414895
632875
245182
419287
162072
697248
390847
397840
649638
710496
859968
118408
671409
623758
6880
123538
493857
435784
549765
859968
841995
67149
376992
573768
899019
39784
208624
361989
960988
702189
126846
456840
226498
809919
519745
21375
78975
404932
1000255
899019
516879
899019
251896
210375
899019
815958
665919
809919
347913
435784
201852
960988
531297
286416
611793
859968
189742
326452
497682
325615
236754
328419
182065
428980
336195
899019
78975
729688
6880
62968
123354
529672
378400
149364
782896
263074
378400
778936
475380
769792
515907
638950
283648
936985
475380
859968
178294
241506
336195
815958
899019
526792
231579
829696
162072
809919
31590
168520
899019
809919
131242
829696
390847
859968
710496
190827
47538
859968
841995
390847
229648
588676
661288
201852
661288
841995
186624
936985
182065
325615
687919
859968
939658
785295
368104
611793
352966
736695
687919
782896
226498
809919
702189
638950
649638
428980
769792
176215
21586
399784
168520
381429
245182
936985
1000255
649638
456840
56295
267034
936985
697248
665919
304717
559188
859968
105021
37840
124483
782896
226498
1000255
