abfdrgqiyvvqikdopajzliqpfrwlztxzs
abjfmmfckguglhqtzujwkltolezbu
acpkbarrndihxepvvwmjxqofswb
adgbptlnipqrtoduzzyctqnsfimabhgj
aemovyiymzvbnoryzjafexuxlvenkdxqd
aetnzzyoopjjhpsdpwasefmo
afljqtmzwydbudbtlogohvvcldkarglgz
afycmrdjbvcnnxymnjguirctbv
afyoxzpjapqiahhjkfbrpqmhnggzdoro
agcpafcnzkxjvcsktazkxrpavxebfg
agcytutccvweejbwiqedakmhtgtdlyct
agjsogbwtjcbufjwxdcepnwqlaj
aiahprmbupslqrjmfwfbznzehw
aibzujdkncviomgohrkotamhnzppuvxyi
ajmfhszlqfdravypfppjwcisuzyf
ajwtwvyilcvcxznquxrzzqcmrjxh
ajzzsqjzunfshhnwnxwpvyxzyqdhzgbovi
akfkfjiqifnuafwdqgjcfx
alewybylxjhjkmfietyvqyadpzjjwef
aloubvylbosgtjtmhpplhzmnxdezbu
ambvlshaslgshkcfspmgcrbkoezdr
anydmhnonjhfwyelgdyxifnizslxp
aofqlbwwabnbbsnlwjynburrsyssqo
apfpcdurgqdmxyqpirkfxxucpmowrdekx
apymnarpzxjxjfeppbmmxpwsfmroigxhzkiswr
aqdwpcrequyofmlymjdnmlanwsnggbkza
aqposjusanssjinketkohacna
ascswjwqtjlxgcywycjvifgfruxuc
atgusykeiqhotitptnjqwsnatmvvnydijk
aticnzsdxjxvjxvgfeheyxzufgvwnv
atqgdkpgyoyhbwkiywglpgoidc
atqqrxtwqcaqzjkzlgsrvnengtljcenbwz
atwumsricbhxdkgvhywbpadkkzpeyn
atwvqiikydzyzyyqsfairsixppvmwuoyru
auhzjkblsgwsihsydaeaoygmalykqhp
auteuijzzlmsjnmzidrzgvw
awaqlgqlfmkcbmeknstdb
awuipdexknckznvprnrvyqpm
axftgkwqspvsgtgpgifzurcsrajy
axodxstwzsjfbiqnzrraoslo
ayddnrmhnfkwnojocukydsnoroffbzlz
baywukpwoofwfhephlixqigaviy
bazpihvfmepqdboqwzolryiovafwqpksh
bbadfaplflvufexsbzsuhvtosy
bbgwkcldvraawbtnfxjwhfpumidhplxo
bbjkorrmvqgkvpokatdnnfvduzgbvgr
bbslrqmvmyvmasstyyfjweruelmqnn
bcksvrnixzvrhikdddadwgkffqywzr
bcuuyundlrmyqaqsksqzpfkcyanwrcyptqk
bdgosqclvscphflhfnbkgxgsivcd
bfbedhuzuxonlwkpmggtdbuftjyg
bflgszgmsdjwrtdzneenpberdpzbmhv
bfzngieuwvpcfgaabmkauxbp
bgbcchyacnieevklwuwydxcfvzwscxywy
bgmtkqgrmlzonxwjekgxupxzdwldeo
bgnmciohogvjurjqqofjprilqd
bguqgrpwwwchljninljzrwiyprpqftpzea
bhggzdfufqxjyddcskoewgovsbfczx
biifeufmvmgknxozpmeqveuwqwnpdlqi
biifeufmvmgknylujwgttpwaryfyec
biocqxjeqjtzhfhezczpwnwpmkhpeqxl
bjherboaclxmtgkluoqrwdbzgfetnfztyin
bjpoljaucmctxnvwvccdwjtkbxow
bkqlxzyrvitvyrprkemuvytmgipeybi
blkjirjsctmofkwfraofqlbwwabnbbsn
bmbxjnljqwinvsvmmrverdupig
bnyrzdmojfvemtntdhesscefyhesruhgh
bokdcdrzwktatgpgvqjhpavayuh
boxqtkhtaifbakysvdzidrzix
bqdjcrdwtdgtatgfceipbpyxkpxvthl
bqmkjkllgscvlrdpfxthizzbquhpbgfwk
bqqxxklrooekywungrwtpsauyj
bqxrastrszlliyhnjlzgjyiplkfd
brprcodwgyqmmxyrwhervdmco
bsbwzgivcurphrmviaysxfrcofrgvh
btnxdusbfoxbkkujmqpwptphmlf
buwkytfynjecqpguyecwjrrkawifppbe
bvfbgdpcbebrjzyviyatctiuxw
bvngurtutwzdmtczdnvqqovxik
bwiuchhicndkmmhtsewgbrzimidtsxc
bwlnvztlgalcwqhdjrakzc
bxvftosbuzkcfiqrncdfwzbhcpsh
bxxpqlubghwqbwtjxmnpzlkmsdzjna
bxxpqlubghwqbwtjxxehvmbzeozofn
bydniqkuxlstgrgfjtiohiasuxwizopg
bzqngzqmtguycgrcxvtzwijr
bzqsmouvjwpmlblgwmwfysemwmnvh
cbdzdjtmhxdvkrbyjccpiw
cbvsqgaljftzuqrdfkwpgzx
cbvxzytkwoqleolfrkwouqv
ccsttlsgqkczqabfdzqsef
cdntufqvygrjxlmklohwjrfzq
cdpeefudgjcgmumsxvusucmybo
ceakjyoxwkycaxxtvwbfdjccclulycbiziwn
cfatxuibifiozwhjigufdrhcf
cfgiyxrwsrjvvlnqjfjmcbtevczr
chmnekzxcdngtuoirtspbxwqjjgacv
chnrjclhpappulzrqwgzpyuvjpcdtxxoq
cicdbzxqudageywnwxkyud
cihavsccjpphfdivnqkxgqzkubhzxwkk
cikpbpfpwycwtpwzkocuthsb
cmbgnbietejwhiqbdekwjtetxlh
cmdbfzyxdstcaafjnzfkuhvwk
cmtgclzicdwxczyjynhorlusnnthq
cnaapcqqbbcqpremickdurgq
cndtoqkurplasobxnnlcqtmwajrdj
cnqoqnkxindzzomuwmxisrhx
codifqyorujpqwpajuaudgpbibpvzgfr
cozbfeixupwbqryywpsnzlbifvxvxuhctt
cppytzcfskveqggcwbnrkor
cqdqjkozghlozocjkalrfanvmvgcgvp
crrfrqabikfavstmkisoc
crxhnzklfuxtbonqhzhmuvbizhpeo
csbkkaezkedzddkkeqwlypxxrqhg
ctlzghxvvlloepxmxjjoekoa
cuwwlahwrzlnjeftvtzpxbafkxbsvq
cwhxusbckjvtnpydfxdaytnprrzxycfvb
cwigkjkpkqyicruecvvtyvqpmjhziiislqmdd
cwxwzuqkckukjccmwaqtqvtoahwlvr
cxmwjbgncihcilayqyygrpctwyclnscwm
cxqusvzbobsdqwjucmsvydrgyluhekymnf
czevuazipkjpijswemlnhuxgmsqavd
danaumljzncwyovibohyufkqjeaykqfytx
dbhvjpwssbpitofokdcfvzb
dbrjalyhctixnhncixdampxvh
dccvksmcfgmwtjtcpqfcanf
dcjkxyulgwbetvkeanfytjaqkamzr
ddeneofezbfybqtexcfuajflzadnoq
deatjcgbfhdjawosfseblkm
deolijeyqpdshtrktkozzuvwzjzpjvylaccd
dfcpgwgoebrcrxipjgxguiazfjo
dfqltlwqqybronmtlmefgrgfbtmztcg
dfzdtqswkgmsrxtinfvnbrwizlfdlplvirsc
djhbsfkxraezdspqwmmltdspan
dkfqyidwkzvgfondowvzkosdahhswqsbdf
dkucjhyedononzgnrkkfs
dlflzbxoaxavhyubhvpduizxnxmkph
dlynmeueabdtqckwhibaxmzzogvivapf
dmhxellllesmndmplasq
dmvkxjrllvedvhnyxvzxbninrebhd
dmyehslzjzgxcsnpgfwijnbttjxzimhr
dphfwuieskfzgeevnnkuulldi
dpmbrecdngsuamcpsiiqixwzeplpxezkkukx
dqqavedampjxsiyzkdwrahyzt
dqueedfctyoccsyjvbjbqnfsaqims
dsmhveuokxrqyhwgqbdvwogcmeiomo
dsvptbrcexxufghwfgxlzgyxmjotrs
dtmiybajwsnuoshbpyyrsswn
dtpitlhzewjymgdgjjtnxlkggx
dukvkusbzgsaaydxukkizqwupvdijlzoels
dvmgqgjxugzfteznjejqbgocy
dvrwmbryxzldzxsgdsgmecqbeimo
dxfmjcuidlkhljvmtplahgcatgrajriiicrn
dxjnotzrrazvclgjtiifcnlhrcmr
dycxtdbvakbfsjisiknohebiydjca
dzdadlyigrpnqbitmofwdxiux
dzdldwzjigwnzzltbbmxlkhbzxbst
dzonjrykvgpuzbxkibmkidckajtx
eaikcictanzxpiiazuabdeppirzw
eakjqokmmjbqrwlvunqwphwupm
eakryrxrdqdbwfhuknoiwfatveydevgwtrmtd
ecmltxwdlgtkmzemzrecunevusqkfjmtrgncf
ecviehdjghojihuxbswvmthqzhbbtnrr
edmizpxifodempcortjdaijtmaslokf
eehedvrrxmubduuepordiitpvtybgdmjqog
efenouwkfzqafxzqctpxbdkgqc
egltjdtbrpnsdztzpxhwxftlsgmsho
ejdzjmgpjpsgqguvhmghxubr
ejmzwyxtpsmwzsvjfbggmjyqfu
ekeevjpduobtgwvenkyibuczjzoeuzk
elwagomhbnylizlycuxgyiywakxcs
emcscjpkruuhnoxdcbnbfsitben
emkzcyhxwwhjvbwhoucksbrzehj
emxxfpvqmdmpheaesiucmwwxk
eoysdlaosvsjwyudncsnvnke
epckqcpwzkklolrugolbktozaaxukq
epfxifenwlcavvhhdcgbslfdibzpam
epjurxuzecqydusypxbpw
eqmsjnclqfijyhgvlgwqumjblc
erbtkpxureyocpdfciyldbwwnffotjmdhfxbwc
esnuofjbhenrvoekfimeaqduhrigtnzsnmmi
eueyjynmymnlkggglepucuqsskcw
eveqwemhszldozumpvvijlosjpninjfukm
evitlfjppahtzsyqzbtqxrqdrvn
evlzjulcvdjrtkmahtfpvpcvbyl
ewbvtpmclzxlmycjhidpnrcsdomsxkgynto
ewdeatalglyctwzpjdbzptgxvfdwfj
exwbenhqkjucbsleijsgjtmufnqepnpo
eyqeqxeukzucqzscdpilgmuntalqvhgd
ezwzzgockryuptmjybyqz
fagwnvurphpyiurfhdgdvyksukewsvr
fctadnwwoxcdrlrwizlukoyvsijokbsc
fczlwbnrpaybvccgpmxtzmmvjlzmbleilkqc
fdmfxxwbravbnbbfjsufmkdhvh
ffjjkjwdavdflihwoozxbvbn
fhfdbtfyvocxnyxmvpuvlvbidzianhhrue
fiodsocpemykrfcozoziueqo
fitgrxpuuheelmdjysxosklvwupqir
fjmsmebvxcofskzblulviacygkvekxucek
fjwetwoqsybfztfkrwdtyojjvxvw
fkfnhrnuwkynyzehihwewwnrafdsilg
fkpibjnmuxahhhwgjnqpqdax
fliztspirherowhpbqezugzg
fmcppimgnleuqwcefwxbjxjeznyiirxm
fmiigqzyodlofsiltkxiwpbtyhgrg
fminbsdhcgspnoldvkfgsek
fmovipzmumfcawhrgdfybrvgnrs
fovfdrtvmjtdtcftqkkjqgnkx
fqzsxabbgvbzluhfdcdtfsymhaddl
frnabhnjpjynvaythzlopgmwdoeyrdylie
frnabhnjpjynvaytznxozpdzapfyca
fscbkljmhmcjfwgkaqsulfvyrpevhkufyhwz
fsvjxjujybwnlixamhnnvecjzdngcdha
ftcpfegdtzigjdhakpokurxqkmkidladcvzm
ftmruzpxlebljbjwtgsfshqhqhbkvp
ftntbwbhoziebsypqiahsqny
ftysqdibxdicpblyoixpuer
fubaxybhupslhpqbvcfqkcewgykk
fubaxybhupslhpqvlzketiecmco
fuoeqpecchcxyvfixqrumgmt
fwrtahtjersjiaxpsgwizjwgvvl
fwwzmgvultmxgildlivhocaoxsuwzzhpo
fxlaccyaumiolswweqjhkdxaznr
fyavdfcsfyxonttxivggtdblbwlwunzgl
fyaxnlqabtefgwtmcaqkaoqfqhthxvf
fyhxobcimofaiqdimrbwokqienu
fzjqkbrkruwxjdkzekofsryv
fzosfxwuotkykkebssasnpgrmlplcchv
gcmxssndyhekrfzhyxboiloib
gdaqpeyowsfcckqeknriftmtqrchohjlx
gdwfutwxkwbnpyuumnfujmttxtmpasia
geibhgvxlhmdpxmmbexipaanumn
gekwhqmlzlqxxpcpmlmxtyenocadiszbwi
gfthskvkrjrsesdqqavedampjxsi
ggdmkbbzdonbccfrsvnpjeyzb
ggqunwuucbueezuilioqgyognmlljt
ghhqjbewrcyjizhbdsarqrirjv
giitorjbrtngklczomrzwwhrirlilrzkb
gijxmsysvplzyfhutirfgdf
glcahqyaqtztjqaifxlwokvpihndp
glljqjdaaapskztotixadfhruissvkvx
gmrvjmqksnrxuuibqdaswifbciu
gndelurwmyejdgffksnaqyrbywexpftvivdnu
gpymjsvbebodfnidvbmltylbcy
gqggzklvelhtzvmnqspqrhylq
grbbwvsoddbsxchuegqalqogxljetxwbh
gtgpddwftikrpoxszabjdhvwsqpso
guolnfoyamdvgyemdiothydmlyi
gvetukvqftjhwuphtqzsislbcfzhaqd
gxanvsrsomdaawdymjspqq
gxykvwptqchclfsndhysuetpoxfqwh
gybktvhrwzahxssefgmokwniyr
gybvfhbzrqxoyjpdufxmfh
gypxrdcxdzgfwxpofwherybaplknn
gywerniksmjgxghijulnwhfmnkdj
gzcjtsleguvfivgawpfqwwseekfrdywq
gzdvtjrcnkvdsrgbkuswgtfkjsrng
gzrsmesiwpgshqgkupjapgkxkkmhpzfb
haguuxuovjeaoesonncbkhm
hamtogomjoudpebxcpkbudtxuaxqp
hanvaiktxhhifbqvwejgptlwmgivjnl
havenncqdyrcbzimzzpdzrpnnlk
havenncqdyrcbzirzythatwcppmu
hbbhmrphgqsxbmcgpfqdkkkuguwirsczn
hbnrmrbrkmbgmifdhtchxyrzgqfgkzglj
hbrdinfmmleyazfrdngdvtr
hcdnsjaevilbnxtxqakqooytwyc
hdtlmrbpqftmroubzmocpstfy
hdxqoghbhmszcjbamxkduqnrztcl
hheoujummzrykxvytmtfvslxlkxfzd
hhhwgjnqpqdaxbqqxxklrooek
hhitdurjkqswiyoxaysgdoav
hiwgsyeuopbgbgsouagzdkvju
hizhdyqojddhlmayzswqcypikmnzq
hjgcouayaxgpozqleblzxwlhexhu
hkbjtkbmhmmdaajvhoystuyygjm
hknlvflqpfjpjypyeesyhwugfqts
hkwxifxgefegswcihfirlhgtffeoabzyu
hmkzokqpvcoivdwbrhahkyjk
hmlohbnjbrjpxpqntyrtodhmfwbmptakdu
hmoldmjltilsxzkzvgwmbaaugz
hnqxlhuciggqhuhgagxlrqnuwyfshremeo
hodutoiuoatuoonlxwsyinhajh
hptcpvfiyzeqsvtcofgakkodxgqkmc
hqswdtqebgvrtekrvxbmdflicsxbpw
hrekfldaluujnuhpkuliqcziyddzms
hrnxlcgrnxzmxmayeckdbpgdaoxucxbpjh
hsyktjeqgczpwfpwoxkibjtbkmhne
htmlgmtyisfogmnmlknmupyarudqk
htzvmnqspqrhylqcylbtvkvqeq
hufjkpckfxhjpoawrnhycm
hutczmvvyxusxiburfwpmoilikgdy
hvirhdpcewcmqfnqslllgpcdyqez
hvnhsuzdrhozodfohkjpscurssgkt
hvtxlcjfifavmedwstafqyz
hwkqtqithgbruzlaovpjrbwmvy
hwvbafcpexrwsqevfhtpobymrkqn
hxoszdovidrzwqcteshnpujkgiftdfvv
hxrvmckvfgkocaqfdwzcsdhtphscayj
hzhqsftznwmydagjssdqvpyrobd
iauxtfpzrlxgzgrhrbnwwpfxyo
iaxsoqijieuxesltcofqr
icevzfdfwlxjexqohonwwdfdauhuguc
ichahkgpdvbgrgosejegqosxeb
ictbgmosugbztccqfospdoypkjsvobngy
idjwnzfvbahnqtgdfkipzabczhftbb
iecsaymtmtnajgzrdckuligr
iedhjfvjscnazwileehfmxcerqkzohr
ifxqzpadxkhwfmcygwddvmgmtzm
ighjthlzbjdctuhpvomqlrfuoaec
igvpxqvdvsidlqbzbymfsxveqd
ihdgatsbedpqvdyqsycncqwjuvitt
ihledclzxpnqlsymdtnwecajxdqcu
ihmstmgwhjulpfdmxkwqtepliky
ihuugmtwtnmmyabfqbxgmbuprjyadlmlgo
iicbdcjpwhagbacgfdfpawcltnqawok
iigmpapxsfvnrvxdzpjyoxxozigoyx
iihghteulabmnjeqthvskhnndabiyh
iiizegwtrblrxdpbrymtlfxaldned
iiksdnxpwqgqtfnovjnrtbkeyuluslcewpu
iipcwzbbgqejqdgcgzugcsxoleajq
ikfvnybxtlpuoufujcqdvxmfxgbqaqhdhw
ilkoslklrsechfdgwpmttvfsjliy
ilqtuutxnmhgfbidvxsdbjxdpzvtrfmggk
iltyhtrhobwzncjmelmmfpzzjmramotbxzto
ilugyqzqjzxejnntdecnixzccs
infxsxguirmiblgtfasadfnsoblrr
inurrkiplgniesvnhfgzftrdxsi
iplzfwqekqygwxnibmmrgayalpjplk
iqxaijaxbmpzioikgcrxsbuleebjwosjww
isxvymudclxlfpgdazfslvevqmvbtzkr
iudoffeiuerlhxfqiarilnckktfi
iudpujkoehxrygkglxdbcqhmiaaccecg
ivfymwjuhezwfxzsofpvdqgtrsrd
ivqpqdppgvazxoiwysorsvwslggh
ivsqeplkmkmehimqhqqmadbmmnjtz
iwtqirjutzwucjxvggqznwuyker
ixbbcqmpvascuocctarnaxrnzcoetds
ixubfqjemuuwfpfzpdqbvurnrkvud
iypppitfnqrcsalfijjfomllbxvytaxngl
iysaqnvfszppdrtocapteicoeart
izqtgmvuekskiblysfibqniksrperzoqgbc
jabhxfxwjjhgcdthfsodabzaj
jbhcrawktgqqatbfpvtdrnioazeenxaoqg
jbkjizxllkpinrjklskkpdsnptbpsbuubo
jcddhuvaocrotbjzcvvpqaeclvalqweoo
jciqigvklglfvzsecjfbydfu
jcrbxlufeltxhptdegazszpow
jeepndkcfvyifaaaxumndyprmyisbvdgbfw
jfmntruevhtelwmvntqqsiwxijbvmly
jfxgvovhnsshesaykyzeqxgbxblrb
jgrnlgpcbvtlgdtsprdytdtfjeeoud
jhamjugecyoozoojndasfzotjn
jhinizkynspqomrdgzlkhegriiuvx
jibzefinpisjxswnwhhhhvzqtpwx
jineulnuhtosuwtcblprqreysbfbsqntn
jkadhgxiozpjypyeesyhwugfqts
jkcqrovusdyxuzapyftknkczmdojuw
jkhujrjveggmjelwubkozzpnmcej
jkwcxvhaztuyjinzfqxter
jmdoiyldjtdqfnpfnpfzmkiopbmpcoie
jmgvgpvwwwqxyghivygmdwu
jmvlybhzbkmivjzkqxpxljtxvhge
jnknlzznketwkeqbssyotfwbiodyr
jnyxnrifvldrxxzuhbpzvynzv
jnzeaesfewfippgqmsgpaiqrwn
jsopmnugknhavramiksivuqojenclanok
jtualveotapmiedlgvgjnlmo
jtxeyenuysunjxkzlcibisqzvsnrckyvnc
juoexklpmypahcexyejykkgaokt
juznbwlvuhmhfmozrpirlccbqsazopay
jviayzibfgsrwqdvgynrjgdtkkko
jvnmcysbbfmkbtuogtvmqanfpslc
jvvwsnnquejzyiflafpgzipwsmua
jwbvxujaoeaewqkxsjjzujnxskidcbd
jwqchfqfpuzywobzwlsitqoexjzub
jwzdlzpzbuycbqdjcrdwtdgtatgfc
jxojklbxjmijkubmppcsjznfqdxyiepxspoou
jycwxtuaqrdeobmnmnyeklskjefv
jyexpkgnvrrnsjquvynkr
jyfpjjgblpsfwfoiyiudiikvhdpdtnht
jymxqgezkemoevjhvzwkjhds
jyrqdfmjonfhmykffuqvkrz
jzlnevlvwlvyebudeljkus
jzlyortunqnffixalafbxziltlucgrug
kcpgtlbhdudclwhpcjjadviizhsmjiynkz
kcpiwetfqtmzgittbqoaszluvnlmmpq
kctxizodlhkdlnwvuueygtjsu
kdegvuisrgjfregeqoyepaiuxedkb
kdegvuisrgwsdwsxmvte
keblfbcyvqpxafpqmkecqfkdqyrqty
kefemklhzbfbpcxmfjrclhxmgrtzlmfnpgro
kfcdonlgkwjxevgjmkvllibwsclmtbqpgi
kfvvbzdzzgxsvfphvttchggxoywicgmgu
kgjnxmvlthzgnyhydratafmkgqikjb
khkvgozpikwprlkrnjybizv
khzsxlyejmrlxnwclsbxhg
kiftochtizumhllnqmeludjqrcapm
kijslfjvdqfnhcwtoumwjdd
kipxkpqbezjwrgfthtirkcuf
kivczquyhdqqaqlmdgdflmxxyekgaw
kivpnlvsbfjnuciwuypmg
kjrwsgziubqpswqdudbhgvdwwb
kknmvxzkddfsxdpmgwbhqes
kkunrtcraktgpsclatougrgrtz
kodymwuiafaokqvwjljzz
kqbahkupejfydbjselaxcwqzdb
kqcxbydmefsuppqqizurzsilyeyxb
kqdzvbrsthhnybsbnbkgcigdilbcyv
kqwubqapycsakorjlxpesdoqejfyrelhw
krlyljesrzzqkiqpopngvhqochr
ksfpeaioohuifvyvabwmjnimccawb
ksiwjmezpgeftcdfycipaoihzbkzbedjkth
ktibplilitogtkjedvbmtxvilgxl
ktufxupldbdofzmcvoeujwqrvn
ktytiespovjwzduddyehelgxfbaijw
kuwkdwdlxmizqvepgnxsmffckrbsdnfqfjdb
kvaquosnwkrhhxnmlhfvngoerzigvxspt
kvaubtmjcudwkzjaqqnugtyfkgjetvmsvtttr
kvkkydntlhkzuwptuphdtqdvtuqm
kvoqoqctyrpjsrgjneakwon
kwwspbswcacmwlpuxfgentrjiherewvbqdd
kxtxocxcdnliduzywaryyvczstfgv
kxvptctiptgfahsubohwwpmdxmoqhb
kyjapsfekuvcclghjlkdqdrzutokf
kymmbuynusaalbhueywrgnxqfltcyiud
kyqslqnvtirhstnolaaygtqseoby
kywruidskzdcupftvaacfe
kzrqwxtgrrfoecpaohwcpmmwvjxfqfmh
lborueyyokhhhkwxdgnszfon
lccneligdrvjvooshxuyabrdglolgk
lcjxbmthznlnmhitjzlcirdedkhfj
ldaxjuxverjqsaskprlocdyxdolbj
ldqhkjvjvukiqezuasodsjfhnxzwfvbdnuvgx
ldtcpirqcxjkswlqlnobivhvfuyghw
lesmmgxwxavxfmaxjmckfob
lfoiqzensigbopuzmtegubr
lfvzdvqndvxpixazyomjcbigxnysmmi
lgfqqjucgbriycuzvwwurqwj
lguitlhcjtccxnhoygyfmiigqzyodlofsiltk
lhjpwhkomwufgjghpfvibymqdypki
lhlpetmfvmgagmvkgtyormuixrdlnkskts
lhwrngftuorbvswqgyahsxemaqzgv
liruddavzbqflcnmttwsb
liztpkabgkbiqxfcmvjbnbqqrnnbxecffqplp
lkajjnjvfstxeigsrtytozqpyxeq
lkaubmvnetbhozxexxaemhtyoaggzc
lkivbirsbxbotgbdukhrkccpi
lknowoolsceffrcmyamfftcphuoagsgyk
lkqqrzppnslvqdgrhhonjcjbtqi
lletppfxfblfhvfydomefkfwcnzidi
lmxueugavxtumrrdouglamjdkwzfhgvu
lngejdwohgggsvkimiuvghowziij
louxasifwxpzmmuiundrfplbef
lqjmzzcvkyvxvryuwkfsggymqqnkubf
lsymdtnwecajxdqcufsycltrlfrzp
ltpvtxskflztmmqodiikowtiaqeb
lucijoaqztyraiqkgdeywt
luowgahjbhzrrzmpjnhtomutykgepovuuk
lutrewtsbwlnrjlgadqncahptmegoxwy
lvhuzflelbdjrmoozfchibugmvjfak
lvmwolxpycyrrimfatwyymztvw
lvqoxrvbqfbzrwubktgnlkiowiocvw
lvvnksuvltmikqueyblekfxqo
lvwsmehqhcktkoiijcxvmevaqbeoaxuuftq
lwbkrseqhvkimcsdwbmfulegrxfoanxxt
lwsgkbxmdawqnwemcvmduaqgdlkqmdyxpl
lxmcfbtpeyfaxdkoiuomli
lxnhofhssupzovovczzzunzreq
lxswydoqitwfssebmbymbsneoeweknxsmo
lzoofgvyfnkddwygidayzzbntmh
mabuxvfgqhsumarhuakuujbckbfwwqhv
maxhepifoafiyswcengfyjcgqd
mcabucsyhujmdmmbkstzbzbryziarpnttwcu
mccyjvkenkpqpiuuknlakvdwlccdnrdkv
mcznacesybzintfnicaujlhiyotjaofb
mdlgbitwmhbeymczjmseuxbqqaopwy
mecdefsttvudjtohpyleoqu
meozrmdsbpsfneypxsqwngncbonja
mflhlfsbysbntyutarrooxvnizn
mhgekqohpyzbjzlyortunqnffix
mifbtlgmfgpqvgivutjfbnixggxwhadcwqgjj
mjpbimjkujloihosggeyhfmhkunk
mjyvlxttwupoezzszydqawfhsqhl
mkrkluvyiwejbgolsfdvrmbyzqj
mmeljqxqlrfyatovgcmabruylilztrv
mmmydzpdyqwtcdgdlohnwee
mmrilakuvablkgmlvrknvuetcaspkery
mnzkqaywvcaicymqllrvgyfjflgppguihjsmw
moxxmiowmytnlzjwgxvsondeawqmpez
mpamzqirnmuezpulhajjmxapjph
mqhxpgvibgbyetqvoskdmshtjzh
mqrzxqggfnvhraozauuikunnjztphwv
mrhbkkgynllybxosucsjyvqk
mspjuavdbrvigowikkzplwvhihaeoqoj
mswtjvmmehjudwoosqsvkirrkrjqxajyg
mugbsachaxfrmzdistpqvmhzjsxzjgw
muqkzxhrknaatzabkmwdbgqylohkyvc
mvbvebgchbzgrngbjeelpqtiu
mwtepzgvunmsycsvnoiccxfbw
mysurgporykkexiimflkemimu
myvttosldxfwfptlhewnrayebetbttwxcbpm
mzbkfpwkjvrelilgjrqhowrn
nbkgxgsivcdpmlblgwmwfysemwmnvh
ncjkqoljmnpinhtglnkznaafkffy
ncxeejozffyteyenuefttltstpfvunhj
ndlfytjifinenofsgxnrlss
ndqqejdujacpogwyktxmtpnmkkg
nehtxibgepdkwbgkpwaawunqxee
newbzludszmhwsvkmfwuthsxteatmbki
nfqfptxderxgmshchngtmwyhvxggpxzsdd
nfuvnlqkglookingjlpvprqtdbgmvo
ngidqzviqdoduhehlfvddehnaqqdwvuc
ngvdyehwlsajsxntueuigxsvhofnwimpsytt
nhbkufcfjinbtrbsvqoenyybjdgxl
nifzsjedkcepnktrzboplqieazqsenyh
nigulxboxvqlpombsafouwgcomt
nijmwfartxedvbhvndpxbshtsfw
nirtxdpufwxqlajauwpfjmezrnjqqfwskh
njqlbhljlvabagburrjhvgyutlcrf
nkgxrchcdkfjdfttsimgqhwkuwbo
nkvcpccoksrmmbieueplybewvicxp
nneuaxampekondldhebigyhkaunrzp
nntwukldxfqxohvcgjxlzoofgvyfnkddwyg
nnxztjxwiwppaqmpzeewonwz
noauhybftetfbbsdeketgfwyadysbcssfyl
nokjgaoqiorpnruvjzdwxkvapv
noocdexnnlsqmlgpjphquejnmso
npcdzsjrsrfciopuxctrlptl
nqpsdmkrvgqawynjjmiwhjqcvnaznm
nqrttgkhqzmavzyrcornhipbbtpxbbxc
nrxudpxrmnntnrzlukmc
nseutmccrmhybwvqewoygsniwshxayx
nsocrvnaykalonmhozxvljys
ntuaeswwbidysmumihdpvyraq
nudoqhgrxguvohgfwycdaqofxgom
nujkxrqychdwwhumsoxjbtljnurjpxehi
numgtcbdhzcnuhrezvblauerivegbn
nvlkvhseqobamdigwdfshghljrpqyltat
nvusaolalfoswhaopsbdbwxzyunew
nwjgsiopwjbxbbauabiohzcnd
nxcmponuviwdcvhvgjnmevhbo
nznuqbwkcmwkezwekpwyqxgsflefgdnlzd
oanwxwuvttibmclmwevxcaxphpatnrix
obazruimyavvibztilptkow
obmaxmdqpqjbnpcfplfaoenujmx
obuajwffdkvdyfiukodmxp
oefydhtwwovvucdfgwjqorzhanmyfyd
oekdotddcqxgvfrbprrklhxfjfw
ofrtukyozisurwihhdapoupvyioiqrrib
ofwlcjqtfwkssvtgivommyxwtwtcdxohkhnwnk
ogyuwgwvspteitpztqdeapfcamowoyqss
ohdekrrgizvbpriqpzrawpmaivvaihpog
oirplankuzzcqfnvrydvsxyecdhnlpe
ojagikcybjdnsruwdheuzk
ojggcezfhdptrjyglmecztowj
ojqcxmopohmxlkwdekxnmaqaegvsl
ojwccrotbevnwpijesgbpsgirmfuhyy
okingjlpvprqtdbgmvoyqudhiifpoyppyfb
olwpnqhqaqlqyeahtfohbcafrqvanwekw
ommxarjdbvdowndmtntflvrrfuzjh
onhlttifpckbntmxjzarrklaqfwkfdlh
onjttqzspuhlrqnwkjnjqlbhljlvabagbur
onpjzjjzbamzwjxueemtqskxpfpicvipl
onqjqbnxakhfnabfhugbogerppydgvo
onqnvajbhettmghxjawixbgwfgjht
oolusnyhnapvtqhblnqrp
opejtrlpgljwgoxvuolmfse
opuzmtegubruywguclllfsw
opzpfsloxntbvgzffeoagyqyqo
orvzrlxljmdharlmzfydekeynvkozfoflwj
otpfjbolgqdwajjdrkonzqsmvmry
otwzwturuhytzujncgpzbqgphot
oumkwtlhbenttzuyzmxrkribkk
ovazzarpwqokcdikafaxdkoiuomli
owdjmpncewqsfdmmzqgpofnugonjiqttyhe
owuzcbqymvzdyhredvxcpygpw
oxmikgphkqbejrebefzlpudiaa
oxooqfxbwkuelzcnsbrmzvjhqbf
ozvngaanibzsgpbpsodyd
padojjowbmrajbigkgqovqwqmrxsjsnlzuj
payiyxkfpbbqqiwiettmqkjtwjifm
pbrpwqetfceqjaohqstjccorup
pbyrrxzcrasepthnjcyjrzizhlbmsehmcon
pckafmgdjxjhfezxxqrticygbfqcgecnhpck
pdiqubccnkxoqqfakdpjoqalxj
pegliwbmyhmgaaytsizubfrwpvgsgjqejk
pgcoftyyomiuoygzyyplclmgjyos
pgypmygqvepavfbgggvvlpdcrpudychuc
pheegnmxgvarcknuczqfzky
phgbrspuvttprypqvubshwjtnxq
phhqrvjrskqyuegidchajcdeplty
phuxkmbgfkcrlqgqukoscxgns
phwjceoyftuafbpgaubbvfrvzxtkjhql
pibjulairxgpxfnraymyrejxvwiablwwgyf
pifdcptjqottfymbzholvavrgx
pigcccjuxjavhsvrjcyqlptqodahwnp
pjhecrcufhnhduvylupdmmhivhblxe
plbobrwpajbthrxrhjhyusqeqnpmhzvm
pmketeokxfwhgovivbgkzekciohccn
pmssqcvkcjoauaphqruslgzorylojtugao
pnicpbtsvegyhixhzvddgnlcrdtf
pnwchlaqooeewezimkajadcbuh
pptkdkdeispdnvkvolguczpfuqyjhd
pqcvukijldnonplgdqihunedscdhxnbepwfhw
pqzesbmepgqfiabmnxqaqkeisat
prevfshvnxmctvdpnlfx
pstjtbtqfysqywdqpejcearvevxpo
ptudrdlrzakbumidbjbjplcp
ptzgncyaqpmohdkfknljihruhkaq
puhxcmshhgdptayibuyfsvuoceybptcgk
pvkumxgxftwibxalfrmpmolcnudude
pxctwakqasqkexmgxzxasvybadwer
pxlwmiifplxvgabtfzzdoulbzovutya
pynudbifuhtzjiqplfhyjwbxlzit
pzlwbridtyrvjivfilgjiuuatasmxt
pzwptsaxdyfqsrecjspjmynjue
qceixvpbmmjelybkqncvngdenzdvpkmhm
qckpqhewpkpddifdfenryjxtciqvprat
qcqjlbsegyeikjhybbgdamibttvduxiiewrthl
qdswpvyqwwoiycurntgxbjjwdjj
qdtgdzzqbqrmdzmuwsktlcdqain
qfijztinwjkbntutehaedfrfffsqpbbbv
qgcwtfnofqzdtlhjynsudvzkvljpsxf
qhmqqjzngdwpxkqawggvnvfwfvegrjaxoh
qidrvkxiunejhcgnoyibeipkx
qieaebksorwauekeevjpduobtgwvenky
qilhypmeuaheuqyawqjpiznqtbub
qjbiayjypnbctxdlvjochh
qjgzvfqxpihyoowkhgzwvqjrcppawvedt
qlzyryxysujxvkykldopzidmjstuifk
qmubsbahpnlsbzwurbmydybqtgf
qntnzwzqujkjkrxiirbwanybrqj
qnzrxkfpyjpukxqgxbixxi
qozymdggkalujabbqbuvcexqieoevylgk
qphzrhfhxlevcwyhakxnjeiaocxbvve
qpzupbbkcgadpvdrpfzpfxwzs
qqlpymfsubukxlptkyelzsikbhlenpafaj
qrcotuyzgriwswxgkojuxktuxczrmgc
qregmexpigsnqbzqmydowccuurom
qrvsjigmtgbsyvsyaquutqxfdqs
qsbfrzvdamyxwjqvzwuicvksnzdzjls
qtbgqtqjfvnxmrdtffdwhdlkfpmal
qvoxtarhvpkzmfwbkrbvppzfhivelleoc
qwpdpwzyqweagvyssfhrhzbr
qwrgbjvnfjxonbpxoyjpdufxmfh
qxqfkhjjetzdezbxegvkntzqws
qxwxytijkxhaqmunvmmvtwysfgvtlch
qzclgbscmvdnnomignrjfmntruevhtelwmvntq
qzkqjqlzviconuininkdyxrwqpimu
raarkomplmapcogkiwzknfqopfmhsbzqmbabh
rahbbgrjginsdujiejkymtbsxcjlloq
rawrcaonsormoudsvnybjacobwxbtgr
rbmscfqwabftcismfbfpwjyyuxzo
rcavjlerkabqsatpnihsiekwaiupauu
rcfwbjyzvhrpvyocqzshkyykn
rcjraczroinnvylqsgghotkftnyikqrxdp
rcnsqrbzdflgryhuppwnkcyrathxdqbpw
rcpphoektvpkcyrertihzctpqtpwkfzsylm
recqwxrdiisizlqjqqhulaymosrsew
reyaaaaxthphbvsgqiooyzgjkdddenai
reyplspuzagxvtdtftrhietsfxullo
rghokfvipvyoucylbtvkvqeq
rghqiklebooxunjrpahbsmbplchhfq
rgiygeaxbecnamikmjrroonxpnnfng
rgkjpflivwilyooisqihw
rhwsdbpcgtcnxeydbyqemexyzoxohgsc
rjuygfwhhltbapkhplyygigcfmlchtfzmyn
rkbulccahqnsnpsfodmouoao
rkmrvlcflidobjdfwgaspukoilvn
rlnstquuaiokawpdnylcnumunagrj
rlnupdetgnpicbqvwlxnyfngcwqkzuklql
rlqtkyqlqpwphqsvusbdigqdkh
rmbmzvpweznusqpcqlekxotmkhnnqwsn
rmlldybksmicoznvnqvsumeejqtwnihe
rmwfpsnusreeccebvezbanmftpcfsxgyr
rnvzhdrqkzgahqvhnurjktldnpvj
rolvmylvkrrtskbgcwgirzshfpmdtz
romkckpcpefhecmhkqkfecmkvuwbtron
rosfozrizdccfzxmhwnnqswzzmmmab
rpqezjwxlrkbruvpimqvvrjklaak
rqcknjukfluvgsifkcwycloxziemeolu
rqzftjcpzdyhounxrhsbxsgmfwprxar
rrhdtflbcqpiwzpusysjrecqwxcwgghgzu
rsyohvdqulgtqidetytgvsnzhljejq
rtooxdhkbcjonsbjisjwbupalzuo
rubcwwvthbgvzancohbswsrxypuhex
ruqafdgrnfzyxcnugpmcmuokjvhmgdjqer
rvagszgpudzmafczrcetqmfcpbnvjhgs
rvkwlhblsgfhpqnuzlhkvnwktgxhrft
rvondgebxydkwcnjrkdopgzrmii
rvtknpsyuxradnpczyazqxuhqpu
rwgalwuxfsphyrqqyzzetkkirph
rwgetghtqirrjlhfhglukqhpdmkg
rwyvlaavckrsfanodygfmojhjawxgevcddu
rysigntuntvjtkwhtipnlwecobxlvfyngbqux
sadfxgpablzffbffppmaliucxoqjxrtk
sagpmnnsxvwkwjgutbrhtqmdebijl
sakbrkzfpvfpthspduoqwd
sawnjxilrajpgilrzvacznttzh
sbctryxipvqraorzgpouszkobla
sblnfatmxrgzpjjhhjcsptyiopi
sbnmxxxdhwebgmxbbseputlc
scgmphnlybanzbpxgzzeudqlzqi
sclzohhnriwljulldwcdpcovczghfmiggoh
scttbknilpdltnvybhfkfigrgxcr
sdykdaihtdrgvaqndudgwcoexs
sfmncboncnumvcusrtvhgjdrjqumbaoqcqs
sggqltswambxtcuutkgagrypvbyi
shlbtnbqglbocviujpdkenixnou
shlwzkelztqxttxinradymdjccmr
shsphcfofzntkuydwoxkapdulafrhtlfpi
sitvejxvscaidbtaivjgvylaygc
sjcbczjiviupqcqdhavrfimvtnptgxr
sjgucvrjxujzqjnrjkygwtnl
sjnkicadwscgkwglskvbwbydhntx
sjqeknrwemiqvjjeqzjhpfadmdirprep
skjgzfzhcadihtillyvdkjxuyjwydmseom
skwtwdfnxplhsnngpgyvqgznprpmzj
slpylscetfmlvqzilndcyxjqluvyqas
smgoqdoskfskjtmlpcqonpvtydx
sogudnzmrpxpfklatfdrtrnjukpvygz
spwtzixghjqprlkrnjybizv
spypnftulxigjmbvgfnuslixwynxzva
sragufdheqijonclvxucw
srkrgghevhtlkeedhldkbnsatbeb
sshdqdbflskoeczthivvzvvrdcnbatupqhg
ssvobbthdzijnfrvnygwoompeyyhbwtzmci
sszvdrgojucxbrftffycutgltsfzgi
stfvkrcjffxrswbxgwheuoodlaetxusn
surzisraawdlqmtdmdbc
suxhnoqxgqrnrpstrxyuhnyhjmni
swfrbyljliiwnyutiwzotagtbypgzc
swumqxdtdwrwnvngxhmnmlazpgarb
sxjkrqztfkpoznaqmhgusefvyni
sxxalzapscjeyjsqjbbojsnioyhivx
syvveedizinilzkibjizsbhwztar
szabmnwyigkaelpmicmwufpwprxduoo
taaebbhmmjqgyqdrkvpvxcqji
tadatwsqxgafellnxbxlbxpqlip
tapspdviqbczijscqmjjdyaqbpqzfjqzkhijeb
tapspdviqbczijscqmjyvzutygolfmr
tazphfffkivqhvphsbodv
tbkvlqznfvemopcyfbuoaqhdivwsjqodpauo
tcdqmehuqfmxynfkwixnrphodgyoucjqevw
tcedbqmacurcbfsmsxqjqyajt
tdsxxtcttozshmzisugozipvdfkbfhauwn
temnbdfiktkgfepxbyfgadyi
teqsjqwlsmfujytwadofbjraewawqjkpgx
tevctrenyqnhjmifmnxnebwr
tfplhqwwqccvnbgespguzazfnjwtdfjwgy
tfwiiuytfukbctbvqkkyqyfupnk
tgzorlfuayzvkrlgghkybvgqqibk
tjbfxmxjykaahttjhkqsywbcrh
tjplvvojzakahysgrqcwillshzuzf
tkvklhsjlwurxzwzyzmybakeurejjfypdwa
tkvlvdrbyrdauvtgzzxhnxtvgufqpqjsxrq
tkxfqwhkzflermmgqwawrxm
tkydswdpwltenkuzuqgmahjat
tleghamtlwbgkgzdmxnpjlwxtmtcwsl
tlovykgyqumcccoeogcmbb
tolaadgbkdhbrvfkafchaklye
toqicwhegptjtjgtqjubnrvbuuxwxag
tpxclxjzfzpecgotiefxxzbqjefz
treixipzcuigkdgcrlqachcjbk
tscconhnlpsncgqgrpjegtwfydvzqnfr
tselzdtftssalrmoezctlrombcndf
ttcpiusebyooupsideugjdjs
tttjklxnhqgwkcgtcqxbbfxtmosr
tubawiqfpkygziivhdatfrzjhczlsamqx
tuotibmrtmnqbpmecdminvpvnpfiobqeu
tvyewuqvoqmnvifmhfeluurggcavni
twodnwxtuddwmjvyzierlsklmzt
txnbdymttcknpateklouevzxyyvimolka
tzgcrcqtyfpkckxyininyyrjmsgoz
ubrtankvgqborprjkicnzmnbltvlpdguc
ubzysefsnsuvxanrjkygwtnl
ucuqexkflusoznmmgptfdgtmubhywyjnhaybw
ufajxypqwarhyxgxbhasgjcuraouhdw
ufckyskwtorjgxkbaxsgvbmrjlyqydd
ugaikspjgxnhpfziszacfgxddqu
ujaiijdywxhikbgubyqogkmaiaegimpyum
ujptutfosjipizklzjmfmdczqksgm
ujqhtwdtmnxejjemlsqvxdomzkj
ukxbjlpyawbjlbmiyuahbf
unlyrxmarykqjsvyhbnwfkcswdip
uohqabmaxayinnrnbbookscyzzrqsf
uonhrnyocjoeesjvkqykiphvublz
usddfdxxrjoxsujgyvozkxftdted
usfcjvougmolioccaamssbozapbiaqasdz
usprwwhbqeziyalfiohvwiesiieszkyoat
utpwxwumiavagbrzakcmxnol
utvgdnhozydxmdgfoypxobkegblqwc
uutbtzuzxsblriyyahgvv
uuwacsajatzhwexycmsoaqiwqifn
uwfryfddezmffklfvisdrkzadnfuzdzoxod
uwobikezqqwmoeoduprb
uxflihipeztyaoejtayhehupwg
uyekkoggppterehjeoadjahifnkma
vaicrqsedqorbacjjqnlbtavoecbug
vaobljftekdbnpbghpwwh
vbbvpgsjhzpcarngujgaoibwrjbndtt
vbipuvpjblzzxruoqowpyndtviunjjojjuty
vbmtxvilgxllhksodrytvodgmtsc
vcakvilleshkhelihehaakfiy
vfkfqebugyugivujioyejtftacsjvtpcqd
vflnryqebjzgrixkdosyafmnfeibnx
vfmxcdraooouryazhapdmqzvkwcsejwf
vgwxbnrxhyfmuzuomvwyvuvkywswjei
vhyxmcfrdcrvphwjceoyftuafbpgau
vieaivxhosikgmjvxulpreptequstny
vjxuejjslbckmepaxlfncqjmisd
vkxyhesgimzdvmgxxiatecvfgce
vlgrzckdqffjwcfcxpexpgehmogx
vlpqaphzyxjkyynxtcjqtxtmvndtovnvzl
vniwthfssipfmbyjofzckidzuwx
vonyeyphxvoaphsmdvgoabkzq
vpisuzxxrlwkkfjeflkrezavggefrakzu
vqhoekqnoypvxzpknckueuqgjawgiplpaic
vrnxvfucaoempvowwgtogtblqyeokm
vszbvupzxscfuvumztdqnflgictrl
vuiomiisujyigujgugkqpmaexivs
vuwbvckiqthfdirxxlbwnkganmh
vwgtrpqurupqktigamjylbnnhjiuloxdqnhc
vwjclkbritrfebaareitl
vwshyonqahqkjrnoqnunnnpjwcdky
vwvevzwddunhltcmvflnijeutbuoembez
vxdjzvlmbkiqcbuomrqcaxzktectjthrxts
vxmgmganayjygmaabvmbmkm
vycrxumjryzykwbqazxkqxqmysnjuq
vyhvrdoresrfhtrbvsgkmsufaznt
vyuaygzkwdmeaanomwqdsllzoso
vzdoqqrxkfhmejgesdoeg
vzdoqqrxkfsxiczslowk
wbmjmczoofviefgaliuosjcjklbacq
wbrtkapdjmffagabesuyvcacec
wchgpzzpfjphafkoprobjigslj
wcywbcnzypweuguvhkhoyouhse
wecbgzmzgfjxbyzwgftpdtmjse
wepeztibukkukwbypmryvf
wfazkaavsiypjnaieqdpbbqkvlskpbpmysq
wgfluxfmkflwsnvrpimfuyn
wkdfuelvockiqcsmvxhjriwz
wlrbjcheuqgbcmxgxippvktpexoekqvyy
wlwndyrwkwjknrqjsqztxisvciduvdqror
wlzaerhzhontlhmnmlazpgarb
wmcjjukmgziynfzqwkgypmpshrudfhgrvwc
wmfhpuztdkmvwtahzvbwbe
wnjskeqkjatglsdrnfjnvjodpxnvg
wnmkuwxbnlpepbtdtellcaeuxmlzal
wnrbsyvosjpjdfptzcfpbxgixmhak
wpbicfqzdkxxorcgkslxzl
wptkszqlqpuccuqtnblzriyoja
wqpifmbaistobkbmrikxfazzjwfntwp
wtbxdzmpgdbcksotkcmjfrwufrkd
wtrqpamdyvcijbppnkmodlywrvd
wubrktpiqfmcuxqlaioomxxtguwynvniit
wuiicupejrfspnhxioeqzcoegmicpsvmqq
wulmcjqouuekkxjrrhgoqvqq
wvdicbsuebvhsntzjrfywljtqtbbc
wwhvlfgivtcftzlfmxfjbqpwhfvyvbclel
wwyxowyvemyqhpujkasowfgobfck
wxylesdafzdeebawfiripljim
wyulahebpbawzoktkwwcljnhgkokt
wzhiqsfzqydsfobzqusiikelbyovtpm
wzpwbyyhkllfivoyhwqwoxdrzj
wztlzvwgalibspwhzowsjnzuosuzqb
xadqouipnduyjreegedxozyrjutl
xbthrjbnnvgmqwnorspurwntdqvviszkx
xcdqghrttklqjgzfifcfyykbdyoj
xczhqpzlwiwjfdudfinwxa
xfknklmgoxduaatqaesfkxxnaiwx
xfsehyurvjafuhniixcjxjoybrrbg
xgfisjdgrxwolpkfagohxeczacvscnsga
xgohhppybjipfmuzqhaiwpwojshmvihzte
xgshdlqoecuuwoorsqwplpcupoerwmhh
xhmhuopirfrjlosbxpoiggfndoxfmfhocrt
xhskwfxdncoznrkbemjlhcjxuns
xicikouvzrkgtsnnjmnassn
xiguektkwjhdhvtetrmyzsfingzxew
xjbjziiclkxawxdaigrev
xkmuozrchsnaofrvrzivckgirsj
xkybzgnnucuobzuwigvzewpnauezji
xlbnquxueeqhzppbsldodiayppvribxc
xlkafnocyscfyzkcpjuvudcqpniwkzhd
xlnsvauafkmnvjjbyytkhqgvfje
xlprviacbhxmahowmgvswkjyfvvcrh
xlpuftlvhdroczulafejrelopzsiju
xmesqesslocggvtecyjkffftbkjxnkzkug
xmiddurelglehazsmftxmgnymfbk
xmmuqtnyuyapuohgkzvufbxmsi
xmnvyuporitikumkdascyjnedckqx
xmvelqwnvlkiwfktywfocwgojws
xnglcwauthgasqcyggiwmylzk
xoabrufwaiklcqlfabskrmzeftz
xoqdsswdbeypjurdgswpaickv
xpmrujeggixzktrkumiywwhunbhxxfdpb
xqfcgmnickcvnlxmvzcqgwyccyuetyhq
xqlaslfphqbrzynpjtleixxcrnstq
xqplubcimoichlldosneivehtaw
xrtqssvrnueknonpozffjsjghzsfxf
xsxliwpgsufjghcimklrvxgmifqk
xtgrjaxcduhbymltuvxza
xtjwqhsxllsrmovcaygzshxaj
xuhsuawyfdorwujvbacvzo
xviepxkffxbudzfzoposhehdgygeajb
xvirbvsxehjpxnjkjnsius
xvupiczjghmgxekdejwkutzvsdaii
xvyongpkrpynipjoznukgvoztx
xwnruforyqgdrozjcpaazdzwiikthk
ybuxqzmvxxmctvdpnlfx
yclyouifrwrxrocxfimpxunxdnjsjdrpd
yctkedrytaaiswbgrfcjs
ydkaopiemdzebzxlznomoftsaefjskmmpe
ydrlaxxyxplzgumrrvfpvqalerk
yeuwfbtmysqtmgbodgnqqshxlnms
yexrbgmxdlbutderiegwahpjxbi
yfkzyfowqroycltpuobelpb
ygdkgapkikhbzlkegrturwplurqexmj
ygztgazcekfkuikbyfbpctknvixfo
yhlxftmlmoxldcetsyormabydi
yhrgvcttlbseegbcoewjdpk
yhsjcavznnxqmlpvgzffeoagyqyqo
yihvcpsywfkvggvrelxyvmyahooqojn
yjnhevxwhxmeazgpnigchlozfacxlzekfn
yjzvftiivdexlcusaptnyvrmmvxrchaqdc
ykcozhdjobkurknjsqgnoultaeu
ykdusmlgaehlcwowjyyanqlgeujpfcboxocje
ylgzfjobbbgfkqceumfcktnuzeddmty
ylhkdbayhkvfhxtwmymobieldaun
yljngovriecoycpnkhzccelr
ylltrcaogdbwwldbnqrfjkjiburr
ymcaggcsnrfnktqwnysjsbshmgxmrjux
ymnypzocetusnursiskhkay
ynaemcwujtgrqwsyrmcybhcvrtobf
ynhjlkfwrbrygqpcuxsvypldkavtfvderkb
yoyltzxfjzyjxczwqmhflirxg
yqodxshblxqxfgaxqfrjnttslfnzqfdkgyf
yqynpubsjjfbqiwrfnltawxmsvrifm
ysdlabihquqhezgcvxgukmejbgazzhuwcxy
yttevoducbwikgidtulolbrebwlfebz
yuwkxkmtabtjchfbxcgzhnzb
yvaamwszerajwpehzfojjrhebajrlyeqag
yvwwsjisdhgwoycmqmkgezwmmcnt
ywcxvrmjljsxuykajpnoqftyduvqu
ywseuitsrciyjostnumktatvozu
ywxsbullfeusarrdjbmphrjplztu
yxhuqhcpsndyzfhbqnklmtnre
yxpkweuwrvaxgmoczjtrnxehxqlkmibq
yygkmixzzoyrukmofzwhmsogkx
yykfomwwjvyhlyzfampswmixodrgh
zabdcbxusdzpkmjgclgfnjqsqfo
zabkmwdbgqylohkyvcjnvttqttjsiq
zaiomjrnavlqflxzlwxpodwsmjyofd
zairgrzszebsqhbohofyfvaaewjeipba
zavpxwwfxtegevpqkshywjj
zbobtuihxrqbozbzxyyavlfdayfecgjnizzb
zcbldxcndayuldkuoaboctybzuyec
zctbcwvntgnknowofditeu
zdoqbxiimtvrlbgarsxynprgajhllqbnzq
zdziprplbbzupezziukimtmyaocu
zezybiktrtkuvgtezmcmdjpevaxq
zfeuvwovcdfwuveqhwwznkbujttebrnd
zfvaznefvemzxewgmdkpkzeknmaex
zgfkyubstuhhpdfxofgptsvekszq
zgqumgaxhrljlpgkebdpglbsu
zhgvwswjhajojfenelbzzdwxtzyhh
zhkqyiqgxksohexkwyobgcaitvrtoaw
ziizjqbjwtxwwlrugolbktozaaxukq
zijkbykewxlgvtwqaucsmxm
zipvnwypyzyrgzdfvhfcpjudcbsmuklg
zipvnwypyzyrgzdwpregoqbewcwsbkrrfm
ziuvhdwwhzwlnwekowyojyodecc
zkanbiitwptskxjkgwcicqf
zlgdkuddgxuvaconfgajayyacbivxlbft
zlmcsuplhfzfkypbrxzwgvrbknzzcq
zlwrppmfeghbylmipyptzzrbm
zmreujxxngazzkvtmkghbrgznatz
zmyicfhprvzljqflnczvnntjwsyflhdmuu
znhgpijnkbgtajzhzogpfaeoejcj
zocfuhnysffrqnvdunsvfdmzdskvcobr
zqpqgbzdpuszwuhpslxwgvohqrvk
zrzafszcckicikmoszaqhfzkznffjtx
zsmchwldmdklnqkynvwq
ztgaecqusxowtwzvbkdwphtryzvrvqupr
ztgiyimnkvazmzgdknomzpzbal
ztkkascvppjksrbivpefvodutqpc
ztubgdqpqvotjjdimxvdumg
zudnzjleonxzosuhtciraoqvbiod
zujdqmitirtoqxppsiffrnksakvkbahrjnhv
zvpofihsexbdfctcgxipcnbuzucrzwxys
zxbjoofmakakaemirdomdkemkjephbinl
zxjifwzxkuwkqjdjtayzlrgxdgantwzr
zxmmgaadexqshezrwzaictsdi
zxuzqubymhxmzxulmbiujcgbozhqpvzgd
zypkyptxklrpesmcszefrooxvx
zzfmhzxnbdrtohhohuuzzjlmoezwadk
zzlcorpnezxbybltsxlf
zzqngsmujzawsqocevfmbqofetvhwiyue
zzysrffvzdxlqombvpudtwwvhtezfvvp
