162190216
778769139
737579405
155833096
758103307
432604080
1604193733
1492801355
120879410
511949200
389532950
1984375897
1110084075
109303450
619429056
1357580515
1098925149
1229228063
454221886
1876654947
1698558437
209135934
1333218297
521472263
735410863
484752526
233621286
304904209
1125456971
487156007
864451175
1140126501
132774120
1229891311
1335145971
845847939
1661725687
1791479069
1743869357
956922841
892441268
1749068723
1900255777
582138547
23037416
170372310
1817187991
1002564229
220319004
1277603695
1898938909
890251148
581425533
1303483989
964793759
1494835455
706878874
219207286
163175250
358199671
188633198
990432387
663350905
1670235415
270526304
810774797
786196956
1361498557
1519906827
381883829
1581008749
1338290999
1939004129
1528957153
323840427
679095552
623925325
1131858013
1693998981
1500276763
1527567803
1387529121
1851759349
1793361885
365992297
451750308
523314230
1734570103
1904324947
144990978
122177039
922802093
1760159591
1144800759
1067980681
1955749191
52377634
206900516
1695155801
957352061
992695375
1634373771
296766530
756801606
1261405009
497025822
1645097429
1265214417
393497806
1695124263
804099678
1432283501
163841712
1270408745
1798487631
840202235
1181903817
1202959321
1092574689
26577745
1939606445
1885721069
863843027
1936620857
574197951
52887196
1291790909
906116857
1851250097
1090521241
564350357
1305372439
648374675
935382971
1630318323
905621555
1568658659
330255050
1693877699
1268526315
1850587797
321446784
766680165
630503829
1639198543
1004376101
1417085745
1563683231
896354161
1846446775
1720153921
1198559909
649834567
1834093627
1153534847
767926681
14364092
357764932
1355714795
1271646955
640411031
643410409
360266688
896881537
1514832115
1158271489
963511401
807995059
553562689
1317750579
417892350
451314324
804244008
478660130
9829786
656609202
852353167
671506619
1665362495
1646149239
1987342663
1486128099
793378469
1416233949
1897572953
1942308111
1463018803
1378402223
1199727155
1468296421
749955557
699506838
1162969381
1600555339
329854262
98606980
1020909043
112658280
1682282235
950862283
307502988
712094251
1659615365
941724727
651538259
1286871185
1880791501
413789757
1440031887
1485333881
1508944325
1486926423
1266952259
1612263501
360974795
1157781403
197068082
1650271125
287634894
1801301903
911885713
303922672
1867007245
1490081533
359091078
194010850
1172107169
222324846
349510139
956054173
517874133
762740705
1555084697
515737208
1374933409
468068391
1788850339
1541890709
1949113611
1792304341
64295778
1590025897
1445797187
215290099
550594312
517953969
960323015
269338339
1562992129
424214551
1373589745
783115757
125076374
1942746427
33485062
1867022769
1524409637
273519629
384076843
503481478
1490311471
60851198
606940883
1109989423
1766910285
952686352
1858888229
1355939149
1307775023
1857736391
1440510239
812593839
1697867369
1503617075
120217196
1044633625
925684475
2372620
406405497
1149393059
456256617
964746765
1202280121
1376597053
1987542267
1849836309
1945004561
482859584
1967544505
579219847
481390491
1984573853
1231372713
586868397
1794503299
349453551
1147926143
246600136
1800489981
1712603967
785520889
777861673
1473035271
1188694191
1235675833
412529218
104036118
502155255
491578238
1120925239
1527166271
460546505
59920172
352160707
1303318207
1146355109
933976262
7765362
172532018
1898300753
1698348091
720763339
1259191019
1763803153
1940823819
1948247575
460684867
799792356
1301311309
1426930905
1998089837
1853803281
855541007
1227344735
214180556
1437757217
469336521
249040998
226908187
943749673
1866748911
174898994
1450079909
408804582
1207786533
1028484127
1808682285
1341389529
636906574
643101507
1995808923
218254852
128962804
643970038
1893033687
1594738965
1946133039
877398729
1122298851
484187011
102837076
1880604199
1873411347
1927976009
1235110377
1740215087
77302966
1801641635
426593142
1677351617
1048412793
769680909
611788525
250144228
1361909621
1419509055
583459809
1847199575
613901591
1135555531
671781866
1316196413
744489004
1867081917
1919669653
1424892879
1369274105
482826634
1131700859
484067944
1165418907
681053118
1221739531
732199697
1478966875
1250390985
1540364729
435342301
1928692731
1473909991
101788178
1873936425
995012949
583890215
1463567501
186444100
1744868311
242059112
76845512
932504721
1690496439
1730630693
1531588513
1400081081
756435465
1479414839
1085999905
881267193
1875788417
721355225
1739252611
109018214
1865581223
895278629
1280559953
1541592031
130363678
1988509097
1732654593
533377114
465659086
633367372
1467367443
1080089921
294078504
316055146
1410821179
1843860293
1907458549
1384099275
277208672
353506035
1769195085
283495963
886990221
212934658
346722341
1831418047
172236050
13454486
1314073217
216110814
447169191
1823935383
207068604
1893240703
106597206
217062682
1275567777
840774419
1528295363
315728446
331920398
679405490
1538257401
1639534055
1047884721
1108230775
520563059
1669533497
1354542789
576931664
330114633
1915599373
560739525
636876635
1493961721
152205236
182160326
1146651607
1666321269
973250543
1661935633
1624023379
1349462103
1504638193
658716284
814340141
902506278
55483982
1080174255
1524660611
631412483
1085112315
1004266257
29712232
1122046837
92072184
255336364
1875058787
