62536000
62516000
62600000
62504000
62756000
62516000
62536000
62581000
62509000
62600000
62501000
62564000
62516000
62516000
62501000
62509000
62525000
62504000
62581000
62669000
62564000
62504000
62536000
62581000
62600000
62525000
62509000
62564000
62669000
62500000
62509000
62549000
62516000
62516000
62600000
62600000
62536000
62536000
62500000
62549000
62621000
62504000
62756000
62516000
62509000
62509000
62516000
62696000
62549000
62549000
62509000
62525000
62525000
62525000
62581000
62564000
62581000
62500000
62509000
62501000
62536000
62504000
62516000
62500000
62600000
62536000
62600000
62501000
62501000
62600000
62564000
62600000
62516000
62581000
62621000
62536000
62581000
62501000
62500000
62525000
62509000
62621000
62669000
62509000
62525000
62725000
62621000
62669000
62536000
62516000
62564000
62504000
62504000
62509000
62501000
62564000
62501000
62564000
62669000
62509000
62504000
62504000
62516000
62516000
62500000
62536000
62504000
62501000
62516000
62525000
62516000
62509000
62564000
62516000
62536000
62669000
62525000
62501000
62500000
62621000
62509000
62501000
62509000
62504000
62600000
62509000
62500000
62501000
62536000
62861000
62536000
62536000
62549000
62516000
62644000
62504000
62549000
62501000
62516000
62536000
62536000
62509000
62516000
62501000
62509000
62516000
62509000
62500000
62509000
62501000
62564000
62509000
62509000
62621000
62581000
62696000
62525000
62644000
62536000
62500000
62501000
62536000
62501000
62501000
62536000
62564000
62509000
62516000
62600000
62500000
62516000
62509000
62525000
62600000
62516000
62500000
62536000
62501000
62516000
62564000
62500000
62509000
62509000
62504000
62500000
62549000
62501000
62504000
62525000
62525000
62504000
62549000
62564000
62696000
62504000
62549000
62581000
62509000
62500000
62501000
62509000
62501000
62525000
62536000
62501000
62549000
62516000
62500000
62501000
62536000
62500000
62501000
62581000
62516000
62536000
62525000
62501000
62789000
62509000
62549000
62501000
62644000
62581000
62549000
62756000
62500000
62504000
62516000
62536000
62525000
62600000
62525000
62504000
62525000
62504000
62621000
62644000
62501000
62509000
62501000
62501000
62516000
62536000
62501000
62525000
62516000
62536000
62564000
62516000
62600000
62509000
62581000
62536000
62504000
62549000
62549000
62504000
62581000
62525000
62504000
62549000
62525000
62900000
62516000
62549000
62525000
62509000
62516000
62500000
62516000
62536000
62501000
62501000
62516000
62500000
62509000
62549000
62600000
62581000
62549000
62644000
62509000
62504000
62536000
62501000
62509000
62725000
62549000
62600000
62509000
62501000
62504000
62516000
62501000
62536000
62581000
62504000
62516000
62564000
62504000
62509000
62525000
62500000
62504000
62525000
62564000
62669000
62504000
62501000
62536000
62600000
62509000
62504000
62516000
62516000
62525000
62504000
62501000
62525000
62509000
62500000
62581000
62501000
62564000
62621000
62516000
62509000
62564000
62516000
62501000
62536000
62504000
62500000
62500000
62501000
62500000
62525000
62536000
62564000
62549000
62504000
62621000
62504000
62536000
62549000
62789000
62516000
62501000
62509000
62516000
62509000
62504000
62549000
62504000
62536000
62500000
62500000
62581000
62500000
62600000
62516000
62500000
62500000
62504000
62509000
62516000
62696000
62500000
62516000
62696000
62536000
62549000
62516000
62536000
62581000
62500000
62509000
62509000
62509000
62501000
62549000
62501000
62549000
62504000
62536000
62669000
62669000
62525000
62509000
62501000
62789000
62581000
62564000
62536000
62500000
62501000
62525000
62500000
62600000
62509000
62509000
62500000
62621000
62509000
62504000
62644000
62564000
62644000
62549000
62509000
62501000
62516000
62509000
62501000
62549000
62581000
62536000
62501000
62509000
62504000
62621000
62564000
62516000
62504000
62644000
62536000
62549000
62549000
62564000
62581000
62549000
62564000
62500000
62509000
62549000
62525000
62564000
62564000
62509000
62516000
62501000
62509000
62504000
62504000
62516000
62509000
62581000
62501000
62756000
62501000
62644000
62516000
62536000
62536000
62516000
62500000
62600000
62504000
62504000
62549000
62501000
62504000
62549000
62644000
62536000
62501000
62564000
62536000
62669000
62500000
62516000
62549000
62564000
62600000
62501000
62525000
62500000
62549000
62516000
62500000
62516000
62644000
62516000
62501000
62600000
62500000
62504000
62501000
62500000
62504000
62509000
62509000
62644000
62500000
62509000
62581000
62500000
62549000
62581000
62536000
62501000
62581000
62516000
62536000
62500000
62504000
62504000
62696000
62504000
62549000
62549000
62600000
62581000
62536000
62500000
62525000
62564000
62500000
62669000
62501000
62549000
62581000
62501000
62600000
62564000
62549000
62500000
62549000
62501000
62509000
62516000
62525000
62581000
62501000
62600000
62621000
62549000
62669000
62516000
62500000
62504000
62621000
62525000
62600000
62501000
62501000
62536000
62536000
62500000
62516000
62509000
62564000
62536000
62564000
62504000
62509000
62500000
62516000
62501000
62516000
62501000
62504000
62509000
62549000
62525000
62725000
62500000
62536000
62549000
62500000
62564000
62725000
62501000
62536000
62500000
62500000
62500000
62536000
62536000
62536000
62501000
62501000
62516000
62564000
62516000
62525000
62509000
62549000
62549000
62669000
62600000
62509000
62516000
62501000
62504000
62600000
62509000
62536000
62621000
62509000
62509000
62509000
62509000
62536000
62669000
62549000
62504000
62621000
62501000
62504000
62536000
62564000
62504000
62564000
62501000
62549000
62549000
62501000
62536000
62504000
62500000
62504000
62600000
62600000
62509000
62516000
62549000
62549000
62549000
62504000
62509000
62501000
62564000
62516000
62501000
62500000
62549000
62581000
62581000
62536000
62504000
62501000
62509000
62509000
62501000
62536000
62509000
62501000
62504000
62525000
62516000
62984000
62536000
62549000
62536000
62504000
62536000
62536000
62536000
62621000
62504000
62516000
62669000
62536000
62501000
62504000
62516000
62536000
62525000
62509000
62504000
62501000
62581000
62509000
62564000
62501000
62501000
62900000
62509000
62525000
62525000
62504000
62516000
62504000
62504000
62581000
62504000
62501000
62516000
62504000
62504000
62501000
62525000
62516000
62516000
62509000
62536000
62621000
62564000
62549000
62504000
62600000
62501000
62600000
62564000
62504000
62564000
62525000
62525000
62536000
62509000
62500000
62549000
62516000
62501000
62516000
62581000
62696000
62500000
62501000
62564000
62501000
62525000
62525000
62564000
62509000
62504000
62509000
62536000
62500000
62500000
62536000
62600000
62564000
62600000
62581000
62549000
62500000
62516000
62516000
62516000
62500000
62501000
62536000
62516000
62509000
62504000
62504000
62501000
62600000
62861000
62504000
62669000
62549000
62549000
62500000
62509000
62501000
62504000
62549000
62600000
62516000
62504000
62516000
62516000
62600000
62525000
62581000
62525000
62501000
62549000
62564000
62756000
62516000
62564000
62500000
62504000
62501000
62504000
62501000
62516000
62516000
62725000
62756000
62504000
62509000
62500000
62564000
62549000
62564000
62644000
62549000
62600000
62509000
62696000
62516000
62500000
62504000
62669000
62504000
62536000
62549000
62621000
62564000
62696000
62500000
62509000
62536000
62500000
62501000
62516000
62504000
62504000
62525000
62525000
62564000
62516000
62549000
62581000
62600000
62564000
62509000
62509000
62504000
62504000
62525000
62509000
62504000
62509000
62509000
62504000
62509000
62504000
62669000
62500000
62500000
62549000
62824000
62516000
62504000
62500000
62525000
62536000
62504000
62509000
62549000
62516000
62581000
62509000
62669000
62600000
62644000
62564000
62549000
62600000
62504000
62644000
62644000
62509000
62501000
62504000
62500000
62504000
62536000
62500000
62564000
62501000
62525000
62549000
62516000
62536000
62564000
62501000
62501000
62824000
62504000
62504000
62516000
62536000
62525000
62525000
62536000
62504000
62536000
62501000
62509000
62509000
62504000
62564000
62536000
62501000
62500000
62501000
62501000
62516000
62504000
62564000
62501000
62501000
62500000
62501000
62536000
62509000
62509000
62600000
62516000
62500000
62549000
62500000
62549000
62621000
62725000
62536000
62516000
62504000
62600000
62536000
62536000
62525000
62621000
62509000
62564000
62504000
62516000
62509000
62509000
62501000
62504000
62696000
62549000
62824000
62581000
62504000
62509000
62644000
62756000
62549000
62525000
62501000
62516000
62509000
62501000
62509000
62500000
62621000
62504000
62516000
62501000
62509000
62504000
62509000
62501000
62564000
62644000
62501000
62501000
62501000
62501000
62549000
62536000
62725000
62504000
62549000
62501000
62504000
62516000
62501000
62504000
62504000
62536000
62525000
62549000
62536000
62504000
62621000
62509000
62564000
62549000
62516000
62581000
62509000
62581000
62501000
62501000
62501000
62501000
62500000
62600000
62549000
62516000
62500000
62501000
62509000
62516000
62501000
62581000
62500000
62525000
62504000
62600000
