62507290000
62502250000
62501960000
62504000000
62502250000
62500250000
62500640000
62500810000
62502560000
62501440000
62502560000
62504410000
62503240000
62508410000
62504000000
62500040000
62502250000
62505290000
62500000000
62500250000
62500250000
62501210000
62500010000
62500010000
62501440000
62500010000
62500490000
62504410000
62507290000
62501440000
62501960000
62500040000
62504840000
62515210000
62501440000
62500090000
62505290000
62505290000
62500360000
62503240000
62508410000
62501000000
62501440000
62500250000
62500810000
62508410000
62502250000
62502250000
62500490000
62502890000
62500490000
62500250000
62500040000
62504840000
62501960000
62506760000
62501440000
62500040000
62500640000
62504000000
62501440000
62500490000
62501960000
62510890000
62509610000
62500640000
62503240000
62500010000
62507840000
62519360000
62501690000
62501000000
62507840000
62504410000
62507290000
62512250000
62500250000
62500490000
62503240000
62501440000
62500160000
62504000000
62523040000
62503240000
62500810000
62506760000
62503610000
62501210000
62501000000
62508410000
62502560000
62518490000
62505290000
62500010000
62507290000
62500160000
62500000000
62502890000
62500000000
62509000000
