500001620000
500008820000
500013520000
500004500000
500003380000
500001620000
500000180000
500018000000
500006480000
500000020000
500035280000
500100820000
500002420000
500021780000
500001620000
500076880000
500002000000
500000980000
500016820000
500004500000
500002000000
500084500000
500005120000
500003380000
500013520000
500013520000
500067280000
500000500000
500081920000
500005780000
500005780000
500018000000
500003920000
500000980000
500000320000
500024500000
500000980000
500000720000
500056180000
500007220000
500006480000
500000720000
500005120000
500005780000
500021780000
500046080000
500012500000
500003920000
500002000000
500000320000
