500242000
500072000
500800000
500000000
500578000
500032000
500018000
500512000
500018000
500002000
500032000
500288000
500002000
500050000
500008000
500050000
500002000
500392000
500008000
500128000
500722000
500008000
500008000
500018000
500002000
500578000
500072000
500050000
500018000
500050000
500072000
500032000
500128000
500008000
500032000
500098000
500072000
500072000
500578000
500338000
500338000
500098000
500200000
500648000
500162000
500002000
500098000
500050000
500392000
500032000
500072000
500288000
500882000
500018000
500008000
500288000
500162000
500128000
500242000
500288000
500032000
500098000
500002000
500032000
500072000
500128000
500032000
500032000
500072000
500242000
500242000
500098000
500008000
500018000
500128000
500392000
500098000
500128000
500242000
500050000
500050000
500162000
500392000
500098000
500392000
500050000
500018000
500008000
500200000
500200000
500018000
500128000
500098000
500242000
500018000
500450000
500008000
500392000
500450000
500018000
500128000
500032000
500000000
500288000
500050000
500050000
500008000
500002000
500032000
500338000
500072000
500392000
500008000
500000000
500032000
500002000
500800000
500032000
500008000
500050000
500242000
500882000
500002000
500072000
500018000
500050000
500392000
500200000
500242000
500002000
500032000
500072000
500242000
500450000
500288000
500008000
500002000
500002000
500000000
500128000
500050000
500008000
500032000
500128000
500128000
500288000
500008000
500008000
500050000
500242000
500128000
500072000
500002000
500098000
500128000
500072000
500162000
500288000
500098000
500018000
500098000
500128000
500392000
500098000
500000000
500018000
500162000
500000000
500288000
500242000
500072000
500392000
500098000
500338000
500392000
500002000
500098000
500338000
500578000
500242000
500050000
500000000
500200000
500072000
500242000
500392000
500008000
500450000
500008000
500450000
500648000
500002000
500450000
500128000
500242000
500032000
500072000
500000000
500800000
500032000
500288000
500200000
500242000
500200000
500008000
500450000
500002000
500002000
500722000
500162000
500072000
500200000
500072000
500018000
500032000
500002000
500162000
500288000
500578000
500008000
500018000
500072000
500162000
500002000
500512000
500050000
500338000
500008000
500162000
500002000
500162000
500338000
500032000
500000000
500288000
500050000
500128000
500098000
500288000
500200000
500072000
500000000
500008000
500008000
500450000
500242000
500050000
500002000
500128000
500002000
500392000
500392000
500018000
500098000
500000000
500162000
500008000
500098000
500288000
500002000
500288000
500162000
500128000
500098000
500162000
500002000
500242000
500018000
500000000
500098000
500128000
500200000
500050000
500032000
500032000
500002000
500162000
500032000
500578000
500008000
500018000
500162000
500338000
500008000
500050000
500002000
500008000
500072000
500200000
500338000
500200000
500072000
500128000
500032000
500578000
500450000
500578000
500018000
500098000
500072000
500128000
500032000
500200000
500288000
500098000
500450000
500008000
500018000
500722000
500000000
500072000
500162000
500512000
500128000
500242000
500128000
500018000
500450000
500072000
500072000
500072000
500098000
500200000
500002000
500050000
500288000
500000000
500072000
500008000
500008000
500000000
501250000
500000000
500002000
500072000
500128000
500072000
500050000
500050000
500242000
500002000
500008000
500072000
500050000
500008000
500200000
500722000
500018000
500050000
500008000
500050000
500072000
500242000
500018000
500002000
500050000
500032000
500338000
500072000
500072000
500072000
500032000
500008000
500008000
500200000
500450000
500018000
500392000
500018000
500050000
500338000
500288000
500242000
500098000
500002000
500008000
500162000
500288000
500008000
500050000
500722000
500032000
500002000
500050000
500128000
500008000
500000000
500018000
500200000
500018000
500098000
500200000
500098000
500242000
500288000
500072000
500032000
500128000
500072000
500008000
500098000
500968000
500450000
500098000
500128000
500018000
500008000
500008000
500162000
500050000
500008000
500288000
500002000
500008000
500008000
500800000
500392000
500288000
500072000
500050000
500050000
500008000
500032000
500072000
500000000
500000000
500162000
500018000
500128000
500072000
502048000
500000000
500288000
500098000
500338000
500018000
500002000
500002000
500032000
500162000
500000000
500288000
500032000
500008000
500200000
500018000
500392000
500002000
500128000
500002000
500072000
500128000
500392000
500072000
500098000
500288000
500018000
500018000
500018000
500000000
500882000
500008000
500032000
500032000
500002000
500008000
500008000
500050000
500032000
500002000
500098000
500000000
500002000
500018000
500008000
500002000
500050000
500050000
500018000
500050000
500008000
500032000
500098000
500002000
500450000
500338000
500648000
500018000
500002000
500162000
500008000
500072000
500050000
500018000
500450000
500098000
500098000
500338000
500032000
500032000
