7452
2 1
4 3
1 5
3 5
6 1
5 7
1 7
5 8
5 8
7 9
7 9
8 9
10 7
9 11
7 11
9 12
9 12
11 12
12 13
12 13
9 13
12 14
13 14
12 14
14 15
13 15
13 15
14 16
14 16
14 16
15 17
15 17
15 17
16 17
18 15
17 19
15 19
17 20
17 20
19 20
17 21
17 21
17 21
20 21
17 22
21 22
17 22
21 23
21 23
21 23
22 23
21 24
21 24
21 24
23 25
23 25
23 25
24 25
23 26
25 26
25 26
23 26
26 27
25 27
26 27
25 27
26 28
26 28
27 28
26 28
28 29
28 29
27 29
27 29
28 30
29 30
28 30
28 30
30 31
29 31
29 31
29 31
30 32
30 32
30 32
30 32
31 33
31 33
31 33
31 33
32 33
34 31
33 35
31 35
33 36
33 36
35 36
33 37
33 37
33 37
36 37
33 38
33 38
33 38
33 38
37 38
38 39
33 39
33 39
38 40
38 40
38 40
39 40
38 41
38 41
38 41
38 41
40 41
38 42
41 42
41 42
38 42
41 43
41 43
41 43
41 43
42 43
41 44
41 44
43 44
41 44
43 45
43 45
43 45
43 45
44 45
43 46
45 46
43 46
43 46
45 47
45 47
45 47
45 47
46 47
45 48
45 48
45 48
45 48
47 49
47 49
47 49
47 49
48 49
47 50
49 50
49 50
49 50
47 50
50 51
49 51
50 51
50 51
49 51
50 52
50 52
51 52
51 52
50 52
52 53
52 53
51 53
52 53
51 53
52 54
53 54
52 54
53 54
52 54
54 55
53 55
53 55
54 55
53 55
54 56
54 56
54 56
55 56
54 56
56 57
56 57
56 57
55 57
55 57
56 58
57 58
57 58
56 58
56 58
58 59
57 59
58 59
57 59
57 59
58 60
58 60
59 60
58 60
58 60
60 61
60 61
59 61
59 61
59 61
60 62
61 62
60 62
60 62
60 62
62 63
61 63
61 63
61 63
61 63
62 64
62 64
62 64
62 64
62 64
63 65
63 65
63 65
63 65
63 65
64 65
66 63
65 67
63 67
65 68
65 68
67 68
65 69
65 69
65 69
68 69
65 70
65 70
65 70
65 70
69 70
65 71
65 71
65 71
65 71
65 71
70 71
65 72
65 72
65 72
71 73
71 73
71 73
72 73
71 74
71 74
71 74
71 74
73 74
71 75
71 75
71 75
71 75
71 75
74 75
71 76
71 76
75 76
71 76
75 77
75 77
75 77
75 77
76 77
75 78
75 78
75 78
75 78
75 78
77 78
78 79
75 79
75 79
75 79
78 80
78 80
78 80
78 80
79 80
78 81
78 81
78 81
78 81
78 81
80 81
78 82
81 82
81 82
81 82
78 82
81 83
81 83
81 83
81 83
81 83
82 83
81 84
81 84
83 84
83 84
81 84
83 85
83 85
83 85
83 85
83 85
84 85
83 86
85 86
83 86
85 86
83 86
85 87
85 87
85 87
85 87
85 87
86 87
85 88
85 88
85 88
87 88
85 88
87 89
87 89
87 89
87 89
87 89
88 89
87 90
89 90
89 90
87 90
87 90
89 91
89 91
89 91
89 91
89 91
90 91
89 92
89 92
91 92
89 92
89 92
91 93
91 93
91 93
91 93
91 93
92 93
91 94
93 94
91 94
91 94
91 94
93 95
93 95
93 95
93 95
93 95
94 95
93 96
93 96
93 96
93 96
93 96
95 97
95 97
95 97
95 97
95 97
96 97
95 98
97 98
97 98
97 98
97 98
95 98
98 99
97 99
98 99
98 99
98 99
97 99
98 100
98 100
99 100
99 100
99 100
98 100
100 101
100 101
99 101
100 101
100 101
99 101
100 102
101 102
100 102
101 102
101 102
100 102
102 103
101 103
101 103
102 103
102 103
101 103
102 104
102 104
102 104
103 104
103 104
102 104
104 105
104 105
104 105
103 105
104 105
103 105
104 106
105 106
105 106
104 106
105 106
104 106
106 107
105 107
106 107
105 107
106 107
105 107
106 108
106 108
107 108
106 108
107 108
106 108
108 109
108 109
107 109
107 109
108 109
107 109
108 110
109 110
108 110
108 110
109 110
108 110
110 111
109 111
109 111
109 111
110 111
109 111
110 112
110 112
110 112
110 112
111 112
110 112
112 113
112 113
112 113
112 113
111 113
111 113
112 114
113 114
113 114
113 114
112 114
112 114
114 115
113 115
114 115
114 115
113 115
113 115
114 116
114 116
115 116
115 116
114 116
114 116
116 117
116 117
115 117
116 117
115 117
115 117
116 118
117 118
116 118
117 118
116 118
116 118
118 119
117 119
117 119
118 119
117 119
117 119
118 120
118 120
118 120
119 120
118 120
118 120
120 121
120 121
120 121
119 121
119 121
119 121
120 122
121 122
121 122
120 122
120 122
120 122
122 123
121 123
122 123
121 123
121 123
121 123
122 124
122 124
123 124
122 124
122 124
122 124
124 125
124 125
123 125
123 125
123 125
123 125
124 126
125 126
124 126
124 126
124 126
124 126
126 127
125 127
125 127
125 127
125 127
125 127
126 128
126 128
126 128
126 128
126 128
126 128
127 129
127 129
127 129
127 129
127 129
127 129
128 129
130 127
129 131
127 131
129 132
129 132
131 132
129 133
129 133
129 133
132 133
129 134
129 134
129 134
129 134
133 134
129 135
129 135
129 135
129 135
129 135
134 135
129 136
129 136
129 136
129 136
129 136
129 136
135 136
136 137
136 137
136 137
129 137
136 138
136 138
136 138
136 138
137 138
136 139
136 139
136 139
136 139
136 139
138 139
136 140
136 140
136 140
136 140
136 140
136 140
139 140
140 141
140 141
136 141
136 141
140 142
140 142
140 142
140 142
141 142
140 143
140 143
140 143
140 143
140 143
142 143
140 144
140 144
140 144
140 144
140 144
140 144
143 144
144 145
144 145
144 145
144 145
140 145
144 146
144 146
144 146
144 146
144 146
145 146
144 147
144 147
144 147
144 147
144 147
144 147
146 147
144 148
144 148
147 148
147 148
144 148
147 149
147 149
147 149
147 149
147 149
148 149
147 150
147 150
147 150
147 150
147 150
147 150
149 150
150 151
147 151
147 151
150 151
147 151
150 152
150 152
150 152
150 152
150 152
151 152
150 153
150 153
150 153
150 153
150 153
150 153
152 153
150 154
153 154
153 154
150 154
150 154
153 155
153 155
153 155
153 155
153 155
154 155
153 156
153 156
153 156
153 156
153 156
153 156
155 156
156 157
156 157
153 157
153 157
153 157
156 158
156 158
156 158
156 158
156 158
157 158
156 159
156 159
156 159
156 159
156 159
156 159
158 159
156 160
156 160
156 160
156 160
156 160
159 161
159 161
159 161
159 161
159 161
160 161
159 162
159 162
159 162
159 162
159 162
159 162
161 162
162 163
159 163
162 163
162 163
162 163
159 163
162 164
162 164
162 164
162 164
162 164
162 164
163 164
164 165
164 165
162 165
164 165
164 165
162 165
164 166
164 166
164 166
164 166
164 166
164 166
165 166
166 167
164 167
164 167
166 167
166 167
164 167
166 168
166 168
166 168
166 168
166 168
166 168
167 168
168 169
168 169
168 169
166 169
168 169
166 169
168 170
168 170
168 170
168 170
168 170
168 170
169 170
170 171
168 171
170 171
168 171
170 171
168 171
170 172
170 172
170 172
170 172
170 172
170 172
171 172
172 173
172 173
170 173
170 173
172 173
170 173
172 174
172 174
172 174
172 174
172 174
172 174
173 174
174 175
172 175
172 175
172 175
174 175
172 175
174 176
174 176
174 176
174 176
174 176
174 176
175 176
176 177
176 177
176 177
176 177
174 177
174 177
176 178
176 178
176 178
176 178
176 178
176 178
177 178
178 179
176 179
178 179
178 179
176 179
176 179
178 180
178 180
178 180
178 180
178 180
178 180
179 180
180 181
180 181
178 181
180 181
178 181
178 181
180 182
180 182
180 182
180 182
180 182
180 182
181 182
182 183
180 183
180 183
182 183
180 183
180 183
182 184
182 184
182 184
182 184
182 184
182 184
183 184
184 185
184 185
184 185
182 185
182 185
182 185
184 186
184 186
184 186
184 186
184 186
184 186
185 186
186 187
184 187
186 187
184 187
184 187
184 187
186 188
186 188
186 188
186 188
186 188
186 188
187 188
188 189
188 189
186 189
186 189
186 189
186 189
188 190
188 190
188 190
188 190
188 190
188 190
189 190
190 191
188 191
188 191
188 191
188 191
188 191
190 192
190 192
190 192
190 192
190 192
190 192
191 192
192 193
192 193
192 193
192 193
192 193
192 193
190 193
192 194
193 194
193 194
193 194
193 194
193 194
192 194
194 195
193 195
194 195
194 195
194 195
194 195
193 195
194 196
194 196
195 196
195 196
195 196
195 196
194 196
196 197
196 197
195 197
196 197
196 197
196 197
195 197
196 198
197 198
196 198
197 198
197 198
197 198
196 198
198 199
197 199
197 199
198 199
198 199
198 199
197 199
198 200
198 200
198 200
199 200
199 200
199 200
198 200
200 201
200 201
200 201
199 201
200 201
200 201
199 201
200 202
201 202
201 202
200 202
201 202
201 202
200 202
202 203
201 203
202 203
201 203
202 203
202 203
201 203
202 204
202 204
203 204
202 204
203 204
203 204
202 204
204 205
204 205
203 205
203 205
204 205
204 205
203 205
204 206
205 206
204 206
204 206
205 206
205 206
204 206
206 207
205 207
205 207
205 207
206 207
206 207
205 207
206 208
206 208
206 208
206 208
207 208
207 208
206 208
208 209
208 209
208 209
208 209
207 209
208 209
207 209
208 210
209 210
209 210
209 210
208 210
209 210
208 210
210 211
209 211
210 211
210 211
209 211
210 211
209 211
210 212
210 212
211 212
211 212
210 212
211 212
210 212
212 213
212 213
211 213
212 213
211 213
212 213
211 213
212 214
213 214
212 214
213 214
212 214
213 214
212 214
214 215
213 215
213 215
214 215
213 215
214 215
213 215
214 216
214 216
214 216
215 216
214 216
215 216
214 216
216 217
216 217
216 217
215 217
215 217
216 217
215 217
216 218
217 218
217 218
216 218
216 218
217 218
216 218
218 219
217 219
218 219
217 219
217 219
218 219
217 219
218 220
218 220
219 220
218 220
218 220
219 220
218 220
220 221
220 221
219 221
219 221
219 221
220 221
219 221
220 222
221 222
220 222
220 222
220 222
221 222
220 222
222 223
221 223
221 223
221 223
221 223
222 223
221 223
222 224
222 224
222 224
222 224
222 224
223 224
222 224
224 225
224 225
224 225
224 225
224 225
223 225
223 225
224 226
225 226
225 226
225 226
225 226
224 226
224 226
226 227
225 227
226 227
226 227
226 227
225 227
225 227
226 228
226 228
227 228
227 228
227 228
226 228
226 228
228 229
228 229
227 229
228 229
228 229
227 229
227 229
228 230
229 230
228 230
229 230
229 230
228 230
228 230
230 231
229 231
229 231
230 231
230 231
229 231
229 231
230 232
230 232
230 232
231 232
231 232
230 232
230 232
232 233
232 233
232 233
231 233
232 233
231 233
231 233
232 234
233 234
233 234
232 234
233 234
232 234
232 234
234 235
233 235
234 235
233 235
234 235
233 235
233 235
234 236
234 236
235 236
234 236
235 236
234 236
234 236
236 237
236 237
235 237
235 237
236 237
235 237
235 237
236 238
237 238
236 238
236 238
237 238
236 238
236 238
238 239
237 239
237 239
237 239
238 239
237 239
237 239
238 240
238 240
238 240
238 240
239 240
238 240
238 240
240 241
240 241
240 241
240 241
239 241
239 241
239 241
240 242
241 242
241 242
241 242
240 242
240 242
240 242
242 243
241 243
242 243
242 243
241 243
241 243
241 243
242 244
242 244
243 244
243 244
242 244
242 244
242 244
244 245
244 245
243 245
244 245
243 245
243 245
243 245
244 246
245 246
244 246
245 246
244 246
244 246
244 246
246 247
245 247
245 247
246 247
245 247
245 247
245 247
246 248
246 248
246 248
247 248
246 248
246 248
246 248
248 249
248 249
248 249
247 249
247 249
247 249
247 249
248 250
249 250
249 250
248 250
248 250
248 250
248 250
250 251
249 251
250 251
249 251
249 251
249 251
249 251
250 252
250 252
251 252
250 252
250 252
250 252
250 252
252 253
252 253
251 253
251 253
251 253
251 253
251 253
252 254
253 254
252 254
252 254
252 254
252 254
252 254
254 255
253 255
253 255
253 255
253 255
253 255
253 255
254 256
254 256
254 256
254 256
254 256
254 256
254 256
255 257
255 257
255 257
255 257
255 257
255 257
255 257
256 257
258 255
257 259
255 259
257 260
257 260
259 260
257 261
257 261
257 261
260 261
257 262
257 262
257 262
257 262
261 262
257 263
257 263
257 263
257 263
257 263
262 263
257 264
257 264
257 264
257 264
257 264
257 264
263 264
257 265
257 265
257 265
257 265
257 265
257 265
257 265
264 265
257 266
265 266
265 266
257 266
265 267
265 267
265 267
265 267
266 267
265 268
265 268
265 268
265 268
265 268
267 268
265 269
265 269
265 269
265 269
265 269
265 269
268 269
265 270
265 270
265 270
265 270
265 270
265 270
265 270
269 270
270 271
265 271
265 271
265 271
270 272
270 272
270 272
270 272
271 272
270 273
270 273
270 273
270 273
270 273
272 273
270 274
270 274
270 274
270 274
270 274
270 274
273 274
270 275
270 275
270 275
270 275
270 275
270 275
270 275
274 275
270 276
270 276
275 276
275 276
270 276
275 277
275 277
275 277
275 277
275 277
276 277
275 278
275 278
275 278
275 278
275 278
275 278
277 278
275 279
275 279
275 279
275 279
275 279
275 279
275 279
278 279
275 280
275 280
275 280
279 280
275 280
279 281
279 281
279 281
279 281
279 281
280 281
279 282
279 282
279 282
279 282
279 282
279 282
281 282
279 283
279 283
279 283
279 283
279 283
279 283
279 283
282 283
279 284
279 284
283 284
279 284
279 284
283 285
283 285
283 285
283 285
283 285
284 285
283 286
283 286
283 286
283 286
283 286
283 286
285 286
283 287
283 287
283 287
283 287
283 287
283 287
283 287
286 287
283 288
283 288
283 288
283 288
283 288
287 289
287 289
287 289
287 289
287 289
288 289
287 290
287 290
287 290
287 290
287 290
287 290
289 290
287 291
287 291
287 291
287 291
287 291
287 291
287 291
290 291
287 292
287 292
291 292
291 292
291 292
287 292
291 293
291 293
291 293
291 293
291 293
291 293
292 293
291 294
291 294
291 294
291 294
291 294
291 294
291 294
293 294
294 295
291 295
291 295
294 295
294 295
291 295
294 296
294 296
294 296
294 296
294 296
294 296
295 296
294 297
294 297
294 297
294 297
294 297
294 297
294 297
296 297
294 298
297 298
297 298
294 298
297 298
294 298
297 299
297 299
297 299
297 299
297 299
297 299
298 299
297 300
297 300
297 300
297 300
297 300
297 300
297 300
299 300
300 301
300 301
297 301
297 301
300 301
297 301
300 302
300 302
300 302
300 302
300 302
300 302
301 302
300 303
300 303
300 303
300 303
300 303
300 303
300 303
302 303
300 304
300 304
300 304
300 304
303 304
300 304
303 305
303 305
303 305
303 305
303 305
303 305
304 305
303 306
303 306
303 306
303 306
303 306
303 306
303 306
305 306
306 307
303 307
306 307
306 307
303 307
303 307
306 308
306 308
306 308
306 308
306 308
306 308
307 308
306 309
306 309
306 309
306 309
306 309
306 309
306 309
308 309
306 310
309 310
306 310
309 310
306 310
306 310
309 311
309 311
309 311
309 311
309 311
309 311
310 311
309 312
309 312
309 312
309 312
309 312
309 312
309 312
311 312
312 313
312 313
312 313
309 313
309 313
309 313
312 314
312 314
312 314
312 314
312 314
312 314
313 314
312 315
312 315
312 315
312 315
312 315
312 315
312 315
314 315
312 316
312 316
315 316
312 316
312 316
312 316
315 317
315 317
315 317
315 317
315 317
315 317
316 317
315 318
315 318
315 318
315 318
315 318
315 318
315 318
317 318
318 319
315 319
315 319
315 319
315 319
315 319
318 320
318 320
318 320
318 320
318 320
318 320
319 320
318 321
318 321
318 321
318 321
318 321
318 321
318 321
320 321
318 322
321 322
321 322
321 322
321 322
321 322
318 322
321 323
321 323
321 323
321 323
321 323
321 323
321 323
322 323
321 324
321 324
323 324
323 324
323 324
323 324
321 324
323 325
323 325
323 325
323 325
323 325
323 325
323 325
324 325
323 326
325 326
323 326
325 326
325 326
325 326
323 326
325 327
325 327
325 327
325 327
325 327
325 327
325 327
326 327
325 328
325 328
325 328
327 328
327 328
327 328
325 328
327 329
327 329
327 329
327 329
327 329
327 329
327 329
328 329
327 330
329 330
329 330
327 330
329 330
329 330
327 330
329 331
329 331
329 331
329 331
329 331
329 331
329 331
330 331
329 332
329 332
331 332
329 332
331 332
331 332
329 332
331 333
331 333
331 333
331 333
331 333
331 333
331 333
332 333
331 334
333 334
331 334
331 334
333 334
333 334
331 334
333 335
333 335
333 335
333 335
333 335
333 335
333 335
334 335
333 336
333 336
333 336
333 336
335 336
335 336
333 336
335 337
335 337
335 337
335 337
335 337
335 337
335 337
336 337
335 338
337 338
337 338
337 338
335 338
337 338
335 338
337 339
337 339
337 339
337 339
337 339
337 339
337 339
338 339
337 340
337 340
339 340
339 340
337 340
339 340
337 340
339 341
339 341
339 341
339 341
339 341
339 341
339 341
340 341
339 342
341 342
339 342
341 342
339 342
341 342
339 342
341 343
341 343
341 343
341 343
341 343
341 343
341 343
342 343
341 344
341 344
341 344
343 344
341 344
343 344
341 344
343 345
343 345
343 345
343 345
343 345
343 345
343 345
344 345
343 346
345 346
345 346
343 346
343 346
345 346
343 346
345 347
345 347
345 347
345 347
345 347
345 347
345 347
346 347
345 348
345 348
347 348
345 348
345 348
347 348
345 348
347 349
347 349
347 349
347 349
347 349
347 349
347 349
348 349
347 350
349 350
347 350
347 350
347 350
349 350
347 350
349 351
349 351
349 351
349 351
349 351
349 351
349 351
350 351
349 352
349 352
349 352
349 352
349 352
351 352
349 352
351 353
351 353
351 353
351 353
351 353
351 353
351 353
352 353
351 354
353 354
353 354
353 354
353 354
351 354
351 354
353 355
353 355
353 355
353 355
353 355
353 355
353 355
354 355
353 356
353 356
355 356
355 356
355 356
353 356
353 356
355 357
355 357
355 357
355 357
355 357
355 357
355 357
356 357
355 358
357 358
355 358
357 358
357 358
355 358
355 358
357 359
357 359
357 359
357 359
357 359
357 359
357 359
358 359
357 360
357 360
357 360
359 360
359 360
357 360
357 360
359 361
359 361
359 361
359 361
359 361
359 361
359 361
360 361
359 362
361 362
361 362
359 362
361 362
359 362
359 362
361 363
361 363
361 363
361 363
361 363
361 363
361 363
362 363
361 364
361 364
363 364
361 364
363 364
361 364
361 364
363 365
363 365
363 365
363 365
363 365
363 365
363 365
364 365
363 366
365 366
363 366
363 366
365 366
363 366
363 366
365 367
365 367
365 367
365 367
365 367
365 367
365 367
366 367
365 368
365 368
365 368
365 368
367 368
365 368
365 368
367 369
367 369
367 369
367 369
367 369
367 369
367 369
368 369
367 370
369 370
369 370
369 370
367 370
367 370
367 370
369 371
369 371
369 371
369 371
369 371
369 371
369 371
370 371
369 372
369 372
371 372
371 372
369 372
369 372
369 372
371 373
371 373
371 373
371 373
371 373
371 373
371 373
372 373
371 374
373 374
371 374
373 374
371 374
371 374
371 374
373 375
373 375
373 375
373 375
373 375
373 375
373 375
374 375
373 376
373 376
373 376
375 376
373 376
373 376
373 376
375 377
375 377
375 377
375 377
375 377
375 377
375 377
376 377
375 378
377 378
377 378
375 378
375 378
375 378
375 378
377 379
377 379
377 379
377 379
377 379
377 379
377 379
378 379
377 380
377 380
379 380
377 380
377 380
377 380
377 380
379 381
379 381
379 381
379 381
379 381
379 381
379 381
380 381
379 382
381 382
379 382
379 382
379 382
379 382
379 382
381 383
381 383
381 383
381 383
381 383
381 383
381 383
382 383
381 384
381 384
381 384
381 384
381 384
381 384
381 384
383 385
383 385
383 385
383 385
383 385
383 385
383 385
384 385
383 386
385 386
385 386
385 386
385 386
385 386
385 386
383 386
386 387
385 387
386 387
386 387
386 387
386 387
386 387
385 387
386 388
386 388
387 388
387 388
387 388
387 388
387 388
386 388
388 389
388 389
387 389
388 389
388 389
388 389
388 389
387 389
388 390
389 390
388 390
389 390
389 390
389 390
389 390
388 390
390 391
389 391
389 391
390 391
390 391
390 391
390 391
389 391
390 392
390 392
390 392
391 392
391 392
391 392
391 392
390 392
392 393
392 393
392 393
391 393
392 393
392 393
392 393
391 393
392 394
393 394
393 394
392 394
393 394
393 394
393 394
392 394
394 395
393 395
394 395
393 395
394 395
394 395
394 395
393 395
394 396
394 396
395 396
394 396
395 396
395 396
395 396
394 396
396 397
396 397
395 397
395 397
396 397
396 397
396 397
395 397
396 398
397 398
396 398
396 398
397 398
397 398
397 398
396 398
398 399
397 399
397 399
397 399
398 399
398 399
398 399
397 399
398 400
398 400
398 400
398 400
399 400
399 400
399 400
398 400
400 401
400 401
400 401
400 401
399 401
400 401
400 401
399 401
400 402
401 402
401 402
401 402
400 402
401 402
401 402
400 402
402 403
401 403
402 403
402 403
401 403
402 403
402 403
401 403
402 404
402 404
403 404
403 404
402 404
403 404
403 404
402 404
404 405
404 405
403 405
404 405
403 405
404 405
404 405
403 405
404 406
405 406
404 406
405 406
404 406
405 406
405 406
404 406
406 407
405 407
405 407
406 407
405 407
406 407
406 407
405 407
406 408
406 408
406 408
407 408
406 408
407 408
407 408
406 408
408 409
408 409
408 409
407 409
407 409
408 409
408 409
407 409
408 410
409 410
409 410
408 410
408 410
409 410
409 410
408 410
410 411
409 411
410 411
409 411
409 411
410 411
410 411
409 411
410 412
410 412
411 412
410 412
410 412
411 412
411 412
410 412
412 413
412 413
411 413
411 413
411 413
412 413
412 413
411 413
412 414
413 414
412 414
412 414
412 414
413 414
413 414
412 414
414 415
413 415
413 415
413 415
413 415
414 415
414 415
413 415
414 416
414 416
414 416
414 416
414 416
415 416
415 416
414 416
416 417
416 417
416 417
416 417
416 417
415 417
416 417
415 417
416 418
417 418
417 418
417 418
417 418
416 418
417 418
416 418
418 419
417 419
418 419
418 419
418 419
417 419
418 419
417 419
418 420
418 420
419 420
419 420
419 420
418 420
419 420
418 420
420 421
420 421
419 421
420 421
420 421
419 421
420 421
419 421
420 422
421 422
420 422
421 422
421 422
420 422
421 422
420 422
422 423
421 423
421 423
422 423
422 423
421 423
422 423
421 423
422 424
422 424
422 424
423 424
423 424
422 424
423 424
422 424
424 425
424 425
424 425
423 425
424 425
423 425
424 425
423 425
424 426
425 426
425 426
424 426
425 426
424 426
425 426
424 426
426 427
425 427
426 427
425 427
426 427
425 427
426 427
425 427
426 428
426 428
427 428
426 428
427 428
426 428
427 428
426 428
428 429
428 429
427 429
427 429
428 429
427 429
428 429
427 429
428 430
429 430
428 430
428 430
429 430
428 430
429 430
428 430
430 431
429 431
429 431
429 431
430 431
429 431
430 431
429 431
430 432
430 432
430 432
430 432
431 432
430 432
431 432
430 432
432 433
432 433
432 433
432 433
431 433
431 433
432 433
431 433
432 434
433 434
433 434
433 434
432 434
432 434
433 434
432 434
434 435
433 435
434 435
434 435
433 435
433 435
434 435
433 435
434 436
434 436
435 436
435 436
434 436
434 436
435 436
434 436
436 437
436 437
435 437
436 437
435 437
435 437
436 437
435 437
436 438
437 438
436 438
437 438
436 438
436 438
437 438
436 438
438 439
437 439
437 439
438 439
437 439
437 439
438 439
437 439
438 440
438 440
438 440
439 440
438 440
438 440
439 440
438 440
440 441
440 441
440 441
439 441
439 441
439 441
440 441
439 441
440 442
441 442
441 442
440 442
440 442
440 442
441 442
440 442
442 443
441 443
442 443
441 443
441 443
441 443
442 443
441 443
442 444
442 444
443 444
442 444
442 444
442 444
443 444
442 444
444 445
444 445
443 445
443 445
443 445
443 445
444 445
443 445
444 446
445 446
444 446
444 446
444 446
444 446
445 446
444 446
446 447
445 447
445 447
445 447
445 447
445 447
446 447
445 447
446 448
446 448
446 448
446 448
446 448
446 448
447 448
446 448
448 449
448 449
448 449
448 449
448 449
448 449
447 449
447 449
448 450
449 450
449 450
449 450
449 450
449 450
448 450
448 450
450 451
449 451
450 451
450 451
450 451
450 451
449 451
449 451
450 452
450 452
451 452
451 452
451 452
451 452
450 452
450 452
452 453
452 453
451 453
452 453
452 453
452 453
451 453
451 453
452 454
453 454
452 454
453 454
453 454
453 454
452 454
452 454
454 455
453 455
453 455
454 455
454 455
454 455
453 455
453 455
454 456
454 456
454 456
455 456
455 456
455 456
454 456
454 456
456 457
456 457
456 457
455 457
456 457
456 457
455 457
455 457
456 458
457 458
457 458
456 458
457 458
457 458
456 458
456 458
458 459
457 459
458 459
457 459
458 459
458 459
457 459
457 459
458 460
458 460
459 460
458 460
459 460
459 460
458 460
458 460
460 461
460 461
459 461
459 461
460 461
460 461
459 461
459 461
460 462
461 462
460 462
460 462
461 462
461 462
460 462
460 462
462 463
461 463
461 463
461 463
462 463
462 463
461 463
461 463
462 464
462 464
462 464
462 464
463 464
463 464
462 464
462 464
464 465
464 465
464 465
464 465
463 465
464 465
463 465
463 465
464 466
465 466
465 466
465 466
464 466
465 466
464 466
464 466
466 467
465 467
466 467
466 467
465 467
466 467
465 467
465 467
466 468
466 468
467 468
467 468
466 468
467 468
466 468
466 468
468 469
468 469
467 469
468 469
467 469
468 469
467 469
467 469
468 470
469 470
468 470
469 470
468 470
469 470
468 470
468 470
470 471
469 471
469 471
470 471
469 471
470 471
469 471
469 471
470 472
470 472
470 472
471 472
470 472
471 472
470 472
470 472
472 473
472 473
472 473
471 473
471 473
472 473
471 473
471 473
472 474
473 474
473 474
472 474
472 474
473 474
472 474
472 474
474 475
473 475
474 475
473 475
473 475
474 475
473 475
473 475
474 476
474 476
475 476
474 476
474 476
475 476
474 476
474 476
476 477
476 477
475 477
475 477
475 477
476 477
475 477
475 477
476 478
477 478
476 478
476 478
476 478
477 478
476 478
476 478
478 479
477 479
477 479
477 479
477 479
478 479
477 479
477 479
478 480
478 480
478 480
478 480
478 480
479 480
478 480
478 480
480 481
480 481
480 481
480 481
480 481
479 481
479 481
479 481
480 482
481 482
481 482
481 482
481 482
480 482
480 482
480 482
482 483
481 483
482 483
482 483
482 483
481 483
481 483
481 483
482 484
482 484
483 484
483 484
483 484
482 484
482 484
482 484
484 485
484 485
483 485
484 485
484 485
483 485
483 485
483 485
484 486
485 486
484 486
485 486
485 486
484 486
484 486
484 486
486 487
485 487
485 487
486 487
486 487
485 487
485 487
485 487
486 488
486 488
486 488
487 488
487 488
486 488
486 488
486 488
488 489
488 489
488 489
487 489
488 489
487 489
487 489
487 489
488 490
489 490
489 490
488 490
489 490
488 490
488 490
488 490
490 491
489 491
490 491
489 491
490 491
489 491
489 491
489 491
490 492
490 492
491 492
490 492
491 492
490 492
490 492
490 492
492 493
492 493
491 493
491 493
492 493
491 493
491 493
491 493
492 494
493 494
492 494
492 494
493 494
492 494
492 494
492 494
494 495
493 495
493 495
493 495
494 495
493 495
493 495
493 495
494 496
494 496
494 496
494 496
495 496
494 496
494 496
494 496
496 497
496 497
496 497
496 497
495 497
495 497
495 497
495 497
496 498
497 498
497 498
497 498
496 498
496 498
496 498
496 498
498 499
497 499
498 499
498 499
497 499
497 499
497 499
497 499
498 500
498 500
499 500
499 500
498 500
498 500
498 500
498 500
500 501
500 501
499 501
500 501
499 501
499 501
499 501
499 501
500 502
501 502
500 502
501 502
500 502
500 502
500 502
500 502
502 503
501 503
501 503
502 503
501 503
501 503
501 503
501 503
502 504
502 504
502 504
503 504
502 504
502 504
502 504
502 504
504 505
504 505
504 505
503 505
503 505
503 505
503 505
503 505
504 506
505 506
505 506
504 506
504 506
504 506
504 506
504 506
506 507
505 507
506 507
505 507
505 507
505 507
505 507
505 507
506 508
506 508
507 508
506 508
506 508
506 508
506 508
506 508
508 509
508 509
507 509
507 509
507 509
507 509
507 509
507 509
508 510
509 510
508 510
508 510
508 510
508 510
508 510
508 510
510 511
509 511
509 511
509 511
509 511
509 511
509 511
509 511
510 512
510 512
510 512
510 512
510 512
510 512
510 512
510 512
511 513
511 513
511 513
511 513
511 513
511 513
511 513
511 513
512 513
514 511
513 515
511 515
513 516
513 516
515 516
513 517
513 517
513 517
516 517
513 518
513 518
513 518
513 518
517 518
513 519
513 519
513 519
513 519
513 519
518 519
513 520
513 520
513 520
513 520
513 520
513 520
519 520
513 521
513 521
513 521
513 521
513 521
513 521
513 521
520 521
513 522
513 522
513 522
513 522
513 522
513 522
513 522
513 522
521 522
522 523
513 523
522 523
513 523
522 524
522 524
522 524
522 524
523 524
522 525
522 525
522 525
522 525
522 525
524 525
522 526
522 526
522 526
522 526
522 526
522 526
525 526
522 527
522 527
522 527
522 527
522 527
522 527
522 527
526 527
522 528
522 528
522 528
522 528
522 528
522 528
522 528
522 528
527 528
528 529
528 529
528 529
528 529
522 529
528 530
528 530
528 530
528 530
528 530
529 530
528 531
528 531
528 531
528 531
528 531
528 531
530 531
528 532
528 532
528 532
528 532
528 532
528 532
528 532
531 532
528 533
528 533
528 533
528 533
528 533
528 533
528 533
528 533
532 533
528 534
533 534
528 534
533 534
528 534
533 535
533 535
533 535
533 535
533 535
534 535
533 536
533 536
533 536
533 536
533 536
533 536
535 536
533 537
533 537
533 537
533 537
533 537
533 537
533 537
536 537
533 538
533 538
533 538
533 538
533 538
533 538
533 538
533 538
537 538
538 539
533 539
538 539
533 539
533 539
538 540
538 540
538 540
538 540
538 540
539 540
538 541
538 541
538 541
538 541
538 541
538 541
540 541
538 542
538 542
538 542
538 542
538 542
538 542
538 542
541 542
538 543
538 543
538 543
538 543
538 543
538 543
538 543
538 543
542 543
538 544
538 544
538 544
538 544
538 544
543 545
543 545
543 545
543 545
543 545
544 545
543 546
543 546
543 546
543 546
543 546
543 546
545 546
543 547
543 547
543 547
543 547
543 547
543 547
543 547
546 547
543 548
543 548
543 548
543 548
543 548
543 548
543 548
543 548
547 548
548 549
548 549
543 549
548 549
548 549
543 549
548 550
548 550
548 550
548 550
548 550
548 550
549 550
548 551
548 551
548 551
548 551
548 551
548 551
548 551
550 551
548 552
548 552
548 552
548 552
548 552
548 552
548 552
548 552
551 552
552 553
552 553
552 553
548 553
552 553
548 553
552 554
552 554
552 554
552 554
552 554
552 554
553 554
552 555
552 555
552 555
552 555
552 555
552 555
552 555
554 555
552 556
552 556
552 556
552 556
552 556
552 556
552 556
552 556
555 556
556 557
556 557
552 557
552 557
556 557
552 557
556 558
556 558
556 558
556 558
556 558
556 558
557 558
556 559
556 559
556 559
556 559
556 559
556 559
556 559
558 559
556 560
556 560
556 560
556 560
556 560
556 560
556 560
556 560
559 560
560 561
560 561
560 561
560 561
556 561
556 561
560 562
560 562
560 562
560 562
560 562
560 562
561 562
560 563
560 563
560 563
560 563
560 563
560 563
560 563
562 563
560 564
560 564
560 564
560 564
560 564
560 564
560 564
560 564
563 564
564 565
564 565
560 565
564 565
560 565
560 565
564 566
564 566
564 566
564 566
564 566
564 566
565 566
564 567
564 567
564 567
564 567
564 567
564 567
564 567
566 567
564 568
564 568
564 568
564 568
564 568
564 568
564 568
564 568
567 568
568 569
568 569
568 569
564 569
564 569
564 569
568 570
568 570
568 570
568 570
568 570
568 570
569 570
568 571
568 571
568 571
568 571
568 571
568 571
568 571
570 571
568 572
568 572
568 572
568 572
568 572
568 572
568 572
568 572
571 572
572 573
572 573
568 573
568 573
568 573
568 573
572 574
572 574
572 574
572 574
572 574
572 574
573 574
572 575
572 575
572 575
572 575
572 575
572 575
572 575
574 575
572 576
572 576
572 576
572 576
572 576
572 576
572 576
572 576
575 576
576 577
576 577
576 577
576 577
576 577
576 577
572 577
576 578
576 578
576 578
576 578
576 578
576 578
576 578
577 578
576 579
576 579
576 579
576 579
576 579
576 579
576 579
576 579
578 579
576 580
576 580
579 580
579 580
579 580
579 580
576 580
579 581
579 581
579 581
579 581
579 581
579 581
579 581
580 581
579 582
579 582
579 582
579 582
579 582
579 582
579 582
579 582
581 582
582 583
579 583
579 583
582 583
582 583
582 583
579 583
582 584
582 584
582 584
582 584
582 584
582 584
582 584
583 584
582 585
582 585
582 585
582 585
582 585
582 585
582 585
582 585
584 585
582 586
585 586
585 586
582 586
585 586
585 586
582 586
585 587
585 587
585 587
585 587
585 587
585 587
585 587
586 587
585 588
585 588
585 588
585 588
585 588
585 588
585 588
585 588
587 588
588 589
588 589
585 589
585 589
588 589
588 589
585 589
588 590
588 590
588 590
588 590
588 590
588 590
588 590
589 590
588 591
588 591
588 591
588 591
588 591
588 591
588 591
588 591
590 591
588 592
588 592
588 592
588 592
591 592
591 592
588 592
591 593
591 593
591 593
591 593
591 593
591 593
591 593
592 593
591 594
591 594
591 594
591 594
591 594
591 594
591 594
591 594
593 594
594 595
591 595
594 595
594 595
591 595
594 595
591 595
594 596
594 596
594 596
594 596
594 596
594 596
594 596
595 596
594 597
594 597
594 597
594 597
594 597
594 597
594 597
594 597
596 597
594 598
597 598
594 598
597 598
594 598
597 598
594 598
597 599
597 599
597 599
597 599
597 599
597 599
597 599
598 599
597 600
597 600
597 600
597 600
597 600
597 600
597 600
597 600
599 600
600 601
600 601
600 601
597 601
597 601
600 601
597 601
600 602
600 602
600 602
600 602
600 602
600 602
600 602
601 602
600 603
600 603
600 603
600 603
600 603
600 603
600 603
600 603
602 603
600 604
600 604
603 604
600 604
600 604
603 604
600 604
603 605
603 605
603 605
603 605
603 605
603 605
603 605
604 605
603 606
603 606
603 606
603 606
603 606
603 606
603 606
603 606
605 606
606 607
603 607
603 607
603 607
603 607
606 607
603 607
606 608
606 608
606 608
606 608
606 608
606 608
606 608
607 608
606 609
606 609
606 609
606 609
606 609
606 609
606 609
606 609
608 609
606 610
609 610
609 610
609 610
609 610
606 610
606 610
609 611
609 611
609 611
609 611
609 611
609 611
609 611
610 611
609 612
609 612
609 612
609 612
609 612
609 612
609 612
609 612
611 612
612 613
612 613
609 613
612 613
612 613
609 613
609 613
612 614
612 614
612 614
612 614
612 614
612 614
612 614
613 614
612 615
612 615
612 615
612 615
612 615
612 615
612 615
612 615
614 615
612 616
612 616
612 616
615 616
615 616
612 616
612 616
615 617
615 617
615 617
615 617
615 617
615 617
615 617
616 617
615 618
615 618
615 618
615 618
615 618
615 618
615 618
615 618
617 618
618 619
615 619
618 619
615 619
618 619
615 619
615 619
618 620
618 620
618 620
618 620
618 620
618 620
618 620
619 620
618 621
618 621
618 621
618 621
618 621
618 621
618 621
618 621
620 621
618 622
621 622
618 622
618 622
621 622
618 622
618 622
621 623
621 623
621 623
621 623
621 623
621 623
621 623
622 623
621 624
621 624
621 624
621 624
621 624
621 624
621 624
621 624
623 624
624 625
624 625
624 625
624 625
621 625
621 625
621 625
624 626
624 626
624 626
624 626
624 626
624 626
624 626
625 626
624 627
624 627
624 627
624 627
624 627
624 627
624 627
624 627
626 627
624 628
624 628
627 628
627 628
624 628
624 628
624 628
627 629
627 629
627 629
627 629
627 629
627 629
627 629
628 629
627 630
627 630
627 630
627 630
627 630
627 630
627 630
627 630
629 630
630 631
627 631
627 631
630 631
627 631
627 631
627 631
630 632
630 632
630 632
630 632
630 632
630 632
630 632
631 632
630 633
630 633
630 633
630 633
630 633
630 633
630 633
630 633
632 633
630 634
633 634
633 634
630 634
630 634
630 634
630 634
633 635
633 635
633 635
633 635
633 635
633 635
633 635
634 635
633 636
633 636
633 636
633 636
633 636
633 636
633 636
633 636
635 636
636 637
636 637
633 637
633 637
633 637
633 637
633 637
636 638
636 638
636 638
636 638
636 638
636 638
636 638
637 638
636 639
636 639
636 639
636 639
636 639
636 639
636 639
636 639
638 639
636 640
636 640
636 640
636 640
636 640
636 640
636 640
639 641
639 641
639 641
639 641
639 641
639 641
639 641
640 641
639 642
639 642
639 642
639 642
639 642
639 642
639 642
639 642
641 642
642 643
639 643
642 643
642 643
642 643
642 643
642 643
639 643
642 644
642 644
642 644
642 644
642 644
642 644
642 644
642 644
643 644
644 645
644 645
642 645
644 645
644 645
644 645
644 645
642 645
644 646
644 646
644 646
644 646
644 646
644 646
644 646
644 646
645 646
646 647
644 647
644 647
646 647
646 647
646 647
646 647
644 647
646 648
646 648
646 648
646 648
646 648
646 648
646 648
646 648
647 648
648 649
648 649
648 649
646 649
648 649
648 649
648 649
646 649
648 650
648 650
648 650
648 650
648 650
648 650
648 650
648 650
649 650
650 651
648 651
650 651
648 651
650 651
650 651
650 651
648 651
650 652
650 652
650 652
650 652
650 652
650 652
650 652
650 652
651 652
652 653
652 653
650 653
650 653
652 653
652 653
652 653
650 653
652 654
652 654
652 654
652 654
652 654
652 654
652 654
652 654
653 654
654 655
652 655
652 655
652 655
654 655
654 655
654 655
652 655
654 656
654 656
654 656
654 656
654 656
654 656
654 656
654 656
655 656
656 657
656 657
656 657
656 657
654 657
656 657
656 657
654 657
656 658
656 658
656 658
656 658
656 658
656 658
656 658
656 658
657 658
658 659
656 659
658 659
658 659
656 659
658 659
658 659
656 659
658 660
658 660
658 660
658 660
658 660
658 660
658 660
658 660
659 660
660 661
660 661
658 661
660 661
658 661
660 661
660 661
658 661
660 662
660 662
660 662
660 662
660 662
660 662
660 662
660 662
661 662
662 663
660 663
660 663
662 663
660 663
662 663
662 663
660 663
662 664
662 664
662 664
662 664
662 664
662 664
662 664
662 664
663 664
664 665
664 665
664 665
662 665
662 665
664 665
664 665
662 665
664 666
664 666
664 666
664 666
664 666
664 666
664 666
664 666
665 666
666 667
664 667
666 667
664 667
664 667
666 667
666 667
664 667
666 668
666 668
666 668
666 668
666 668
666 668
666 668
666 668
667 668
668 669
668 669
666 669
666 669
666 669
668 669
668 669
666 669
668 670
668 670
668 670
668 670
668 670
668 670
668 670
668 670
669 670
670 671
668 671
668 671
668 671
668 671
670 671
670 671
668 671
670 672
670 672
670 672
670 672
670 672
670 672
670 672
670 672
671 672
672 673
672 673
672 673
672 673
672 673
670 673
672 673
670 673
672 674
672 674
672 674
672 674
672 674
672 674
672 674
672 674
673 674
674 675
672 675
674 675
674 675
674 675
672 675
674 675
672 675
674 676
674 676
674 676
674 676
674 676
674 676
674 676
674 676
675 676
676 677
676 677
674 677
676 677
676 677
674 677
676 677
674 677
676 678
676 678
676 678
676 678
676 678
676 678
676 678
676 678
677 678
678 679
676 679
676 679
678 679
678 679
676 679
678 679
676 679
678 680
678 680
678 680
678 680
678 680
678 680
678 680
678 680
679 680
680 681
680 681
680 681
678 681
680 681
678 681
680 681
678 681
680 682
680 682
680 682
680 682
680 682
680 682
680 682
680 682
681 682
682 683
680 683
682 683
680 683
682 683
680 683
682 683
680 683
682 684
682 684
682 684
682 684
682 684
682 684
682 684
682 684
683 684
684 685
684 685
682 685
682 685
684 685
682 685
684 685
682 685
684 686
684 686
684 686
684 686
684 686
684 686
684 686
684 686
685 686
686 687
684 687
684 687
684 687
686 687
684 687
686 687
684 687
686 688
686 688
686 688
686 688
686 688
686 688
686 688
686 688
687 688
688 689
688 689
688 689
688 689
686 689
686 689
688 689
686 689
688 690
688 690
688 690
688 690
688 690
688 690
688 690
688 690
689 690
690 691
688 691
690 691
690 691
688 691
688 691
690 691
688 691
690 692
690 692
690 692
690 692
690 692
690 692
690 692
690 692
691 692
692 693
692 693
690 693
692 693
690 693
690 693
692 693
690 693
692 694
692 694
692 694
692 694
692 694
692 694
692 694
692 694
693 694
694 695
692 695
692 695
694 695
692 695
692 695
694 695
692 695
694 696
694 696
694 696
694 696
694 696
694 696
694 696
694 696
695 696
696 697
696 697
696 697
694 697
694 697
694 697
696 697
694 697
696 698
696 698
696 698
696 698
696 698
696 698
696 698
696 698
697 698
698 699
696 699
698 699
696 699
696 699
696 699
698 699
696 699
698 700
698 700
698 700
698 700
698 700
698 700
698 700
698 700
699 700
700 701
700 701
698 701
698 701
698 701
698 701
700 701
698 701
700 702
700 702
700 702
700 702
700 702
700 702
700 702
700 702
701 702
702 703
700 703
700 703
700 703
700 703
700 703
702 703
700 703
702 704
702 704
702 704
702 704
702 704
702 704
702 704
702 704
703 704
704 705
704 705
704 705
704 705
704 705
704 705
702 705
702 705
704 706
704 706
704 706
704 706
704 706
704 706
704 706
704 706
705 706
706 707
704 707
706 707
706 707
706 707
706 707
704 707
704 707
706 708
706 708
706 708
706 708
706 708
706 708
706 708
706 708
707 708
708 709
708 709
706 709
708 709
708 709
708 709
706 709
706 709
708 710
708 710
708 710
708 710
708 710
708 710
708 710
708 710
709 710
710 711
708 711
708 711
710 711
710 711
710 711
708 711
708 711
710 712
710 712
710 712
710 712
710 712
710 712
710 712
710 712
711 712
712 713
712 713
712 713
710 713
712 713
712 713
710 713
710 713
712 714
712 714
712 714
712 714
712 714
712 714
712 714
712 714
713 714
714 715
712 715
714 715
712 715
714 715
714 715
712 715
712 715
714 716
714 716
714 716
714 716
714 716
714 716
714 716
714 716
715 716
716 717
716 717
714 717
714 717
716 717
716 717
714 717
714 717
716 718
716 718
716 718
716 718
716 718
716 718
716 718
716 718
717 718
718 719
716 719
716 719
716 719
718 719
718 719
716 719
716 719
718 720
718 720
718 720
718 720
718 720
718 720
718 720
718 720
719 720
720 721
720 721
720 721
720 721
718 721
720 721
718 721
718 721
720 722
720 722
720 722
720 722
720 722
720 722
720 722
720 722
721 722
722 723
720 723
722 723
722 723
720 723
722 723
720 723
720 723
722 724
722 724
722 724
722 724
722 724
722 724
722 724
722 724
723 724
724 725
724 725
722 725
724 725
722 725
724 725
722 725
722 725
724 726
724 726
724 726
724 726
724 726
724 726
724 726
724 726
725 726
726 727
724 727
724 727
726 727
724 727
726 727
724 727
724 727
726 728
726 728
726 728
726 728
726 728
726 728
726 728
726 728
727 728
728 729
728 729
728 729
726 729
726 729
728 729
726 729
726 729
728 730
728 730
728 730
728 730
728 730
728 730
728 730
728 730
729 730
730 731
728 731
730 731
728 731
728 731
730 731
728 731
728 731
730 732
730 732
730 732
730 732
730 732
730 732
730 732
730 732
731 732
732 733
732 733
730 733
730 733
730 733
732 733
730 733
730 733
732 734
732 734
732 734
732 734
732 734
732 734
732 734
732 734
733 734
734 735
732 735
732 735
732 735
732 735
734 735
732 735
732 735
734 736
734 736
734 736
734 736
734 736
734 736
734 736
734 736
735 736
736 737
736 737
736 737
736 737
736 737
734 737
734 737
734 737
736 738
736 738
736 738
736 738
736 738
736 738
736 738
736 738
737 738
738 739
736 739
738 739
738 739
738 739
736 739
736 739
736 739
738 740
738 740
738 740
738 740
738 740
738 740
738 740
738 740
739 740
740 741
740 741
738 741
740 741
740 741
738 741
738 741
738 741
740 742
740 742
740 742
740 742
740 742
740 742
740 742
740 742
741 742
742 743
740 743
740 743
742 743
742 743
740 743
740 743
740 743
742 744
742 744
742 744
742 744
742 744
742 744
742 744
742 744
743 744
744 745
744 745
744 745
742 745
744 745
742 745
742 745
742 745
744 746
744 746
744 746
744 746
744 746
744 746
744 746
744 746
745 746
746 747
744 747
746 747
744 747
746 747
744 747
744 747
744 747
746 748
746 748
746 748
746 748
746 748
746 748
746 748
746 748
747 748
748 749
748 749
746 749
746 749
748 749
746 749
746 749
746 749
748 750
748 750
748 750
748 750
748 750
748 750
748 750
748 750
749 750
750 751
748 751
748 751
748 751
750 751
748 751
748 751
748 751
750 752
750 752
750 752
750 752
750 752
750 752
750 752
750 752
751 752
752 753
752 753
752 753
752 753
750 753
750 753
750 753
750 753
752 754
752 754
752 754
752 754
752 754
752 754
752 754
752 754
753 754
754 755
752 755
754 755
754 755
752 755
752 755
752 755
752 755
754 756
754 756
754 756
754 756
754 756
754 756
754 756
754 756
755 756
756 757
756 757
754 757
756 757
754 757
754 757
754 757
754 757
756 758
756 758
756 758
756 758
756 758
756 758
756 758
756 758
757 758
758 759
756 759
756 759
758 759
756 759
756 759
756 759
756 759
758 760
758 760
758 760
758 760
758 760
758 760
758 760
758 760
759 760
760 761
760 761
760 761
758 761
758 761
758 761
758 761
758 761
760 762
760 762
760 762
760 762
760 762
760 762
760 762
760 762
761 762
762 763
760 763
762 763
760 763
760 763
760 763
760 763
760 763
762 764
762 764
762 764
762 764
762 764
762 764
762 764
762 764
763 764
764 765
764 765
762 765
762 765
762 765
762 765
762 765
762 765
764 766
764 766
764 766
764 766
764 766
764 766
764 766
764 766
765 766
766 767
764 767
764 767
764 767
764 767
764 767
764 767
764 767
766 768
766 768
766 768
766 768
766 768
766 768
766 768
766 768
767 768
768 769
768 769
768 769
768 769
768 769
768 769
768 769
768 769
766 769
768 770
769 770
769 770
769 770
769 770
769 770
769 770
769 770
768 770
770 771
769 771
770 771
770 771
770 771
770 771
770 771
770 771
769 771
770 772
770 772
771 772
771 772
771 772
771 772
771 772
771 772
770 772
772 773
772 773
771 773
772 773
772 773
772 773
772 773
772 773
771 773
772 774
773 774
772 774
773 774
773 774
773 774
773 774
773 774
772 774
774 775
773 775
773 775
774 775
774 775
774 775
774 775
774 775
773 775
774 776
774 776
774 776
775 776
775 776
775 776
775 776
775 776
774 776
776 777
776 777
776 777
775 777
776 777
776 777
776 777
776 777
775 777
776 778
777 778
777 778
776 778
777 778
777 778
777 778
777 778
776 778
778 779
777 779
778 779
777 779
778 779
778 779
778 779
778 779
777 779
778 780
778 780
779 780
778 780
779 780
779 780
779 780
779 780
778 780
780 781
780 781
779 781
779 781
780 781
780 781
780 781
780 781
779 781
780 782
781 782
780 782
780 782
781 782
781 782
781 782
781 782
780 782
782 783
781 783
781 783
781 783
782 783
782 783
782 783
782 783
781 783
782 784
782 784
782 784
782 784
783 784
783 784
783 784
783 784
782 784
784 785
784 785
784 785
784 785
783 785
784 785
784 785
784 785
783 785
784 786
785 786
785 786
785 786
784 786
785 786
785 786
785 786
784 786
786 787
785 787
786 787
786 787
785 787
786 787
786 787
786 787
785 787
786 788
786 788
787 788
787 788
786 788
787 788
787 788
787 788
786 788
788 789
788 789
787 789
788 789
787 789
788 789
788 789
788 789
787 789
788 790
789 790
788 790
789 790
788 790
789 790
789 790
789 790
788 790
790 791
789 791
789 791
790 791
789 791
790 791
790 791
790 791
789 791
790 792
790 792
790 792
791 792
790 792
791 792
791 792
791 792
790 792
792 793
792 793
792 793
791 793
791 793
792 793
792 793
792 793
791 793
792 794
793 794
793 794
792 794
792 794
793 794
793 794
793 794
792 794
794 795
793 795
794 795
793 795
793 795
794 795
794 795
794 795
793 795
794 796
794 796
795 796
794 796
794 796
795 796
795 796
795 796
794 796
796 797
796 797
795 797
795 797
795 797
796 797
796 797
796 797
795 797
796 798
797 798
796 798
796 798
796 798
797 798
797 798
797 798
796 798
798 799
797 799
797 799
797 799
797 799
798 799
798 799
798 799
797 799
798 800
798 800
798 800
798 800
798 800
799 800
799 800
799 800
798 800
800 801
800 801
800 801
800 801
800 801
799 801
800 801
800 801
799 801
800 802
801 802
801 802
801 802
801 802
800 802
801 802
801 802
800 802
802 803
801 803
802 803
802 803
802 803
801 803
802 803
802 803
801 803
802 804
802 804
803 804
803 804
803 804
802 804
803 804
803 804
802 804
804 805
804 805
803 805
804 805
804 805
803 805
804 805
804 805
803 805
804 806
805 806
804 806
805 806
805 806
804 806
805 806
805 806
804 806
806 807
805 807
805 807
806 807
806 807
805 807
806 807
806 807
805 807
806 808
806 808
806 808
807 808
807 808
806 808
807 808
807 808
806 808
808 809
808 809
808 809
807 809
808 809
807 809
808 809
808 809
807 809
808 810
809 810
809 810
808 810
809 810
808 810
809 810
809 810
808 810
810 811
809 811
810 811
809 811
810 811
809 811
810 811
810 811
809 811
810 812
810 812
811 812
810 812
811 812
810 812
811 812
811 812
810 812
812 813
812 813
811 813
811 813
812 813
811 813
812 813
812 813
811 813
812 814
813 814
812 814
812 814
813 814
812 814
813 814
813 814
812 814
814 815
813 815
813 815
813 815
814 815
813 815
814 815
814 815
813 815
814 816
814 816
814 816
814 816
815 816
814 816
815 816
815 816
814 816
816 817
816 817
816 817
816 817
815 817
815 817
816 817
816 817
815 817
816 818
817 818
817 818
817 818
816 818
816 818
817 818
817 818
816 818
818 819
817 819
818 819
818 819
817 819
817 819
818 819
818 819
817 819
818 820
818 820
819 820
819 820
818 820
818 820
819 820
819 820
818 820
820 821
820 821
819 821
820 821
819 821
819 821
820 821
820 821
819 821
820 822
821 822
820 822
821 822
820 822
820 822
821 822
821 822
820 822
822 823
821 823
821 823
822 823
821 823
821 823
822 823
822 823
821 823
822 824
822 824
822 824
823 824
822 824
822 824
823 824
823 824
822 824
824 825
824 825
824 825
823 825
823 825
823 825
824 825
824 825
823 825
824 826
825 826
825 826
824 826
824 826
824 826
825 826
825 826
824 826
826 827
825 827
826 827
825 827
825 827
825 827
826 827
826 827
825 827
826 828
826 828
827 828
826 828
826 828
826 828
827 828
827 828
826 828
828 829
828 829
827 829
827 829
827 829
827 829
828 829
828 829
827 829
828 830
829 830
828 830
828 830
828 830
828 830
829 830
829 830
828 830
830 831
829 831
829 831
829 831
829 831
829 831
830 831
830 831
829 831
830 832
830 832
830 832
830 832
830 832
830 832
831 832
831 832
830 832
832 833
832 833
832 833
832 833
832 833
832 833
831 833
832 833
831 833
832 834
833 834
833 834
833 834
833 834
833 834
832 834
833 834
832 834
834 835
833 835
834 835
834 835
834 835
834 835
833 835
834 835
833 835
834 836
834 836
835 836
835 836
835 836
835 836
834 836
835 836
834 836
836 837
836 837
835 837
836 837
836 837
836 837
835 837
836 837
835 837
836 838
837 838
836 838
837 838
837 838
837 838
836 838
837 838
836 838
838 839
837 839
837 839
838 839
838 839
838 839
837 839
838 839
837 839
838 840
838 840
838 840
839 840
839 840
839 840
838 840
839 840
838 840
840 841
840 841
840 841
839 841
840 841
840 841
839 841
840 841
839 841
840 842
841 842
841 842
840 842
841 842
841 842
840 842
841 842
840 842
842 843
841 843
842 843
841 843
842 843
842 843
841 843
842 843
841 843
842 844
842 844
843 844
842 844
843 844
843 844
842 844
843 844
842 844
844 845
844 845
843 845
843 845
844 845
844 845
843 845
844 845
843 845
844 846
845 846
844 846
844 846
845 846
845 846
844 846
845 846
844 846
846 847
845 847
845 847
845 847
846 847
846 847
845 847
846 847
845 847
846 848
846 848
846 848
846 848
847 848
847 848
846 848
847 848
846 848
848 849
848 849
848 849
848 849
847 849
848 849
847 849
848 849
847 849
848 850
849 850
849 850
849 850
848 850
849 850
848 850
849 850
848 850
850 851
849 851
850 851
850 851
849 851
850 851
849 851
850 851
849 851
850 852
850 852
851 852
851 852
850 852
851 852
850 852
851 852
850 852
852 853
852 853
851 853
852 853
851 853
852 853
851 853
852 853
851 853
852 854
853 854
852 854
853 854
852 854
853 854
852 854
853 854
852 854
854 855
853 855
853 855
854 855
853 855
854 855
853 855
854 855
853 855
854 856
854 856
854 856
855 856
854 856
855 856
854 856
855 856
854 856
856 857
856 857
856 857
855 857
855 857
856 857
855 857
856 857
855 857
856 858
857 858
857 858
856 858
856 858
857 858
856 858
857 858
856 858
858 859
857 859
858 859
857 859
857 859
858 859
857 859
858 859
857 859
858 860
858 860
859 860
858 860
858 860
859 860
858 860
859 860
858 860
860 861
860 861
859 861
859 861
859 861
860 861
859 861
860 861
859 861
860 862
861 862
860 862
860 862
860 862
861 862
860 862
861 862
860 862
862 863
861 863
861 863
861 863
861 863
862 863
861 863
862 863
861 863
862 864
862 864
862 864
862 864
862 864
863 864
862 864
863 864
862 864
864 865
864 865
864 865
864 865
864 865
863 865
863 865
864 865
863 865
864 866
865 866
865 866
865 866
865 866
864 866
864 866
865 866
864 866
866 867
865 867
866 867
866 867
866 867
865 867
865 867
866 867
865 867
866 868
866 868
867 868
867 868
867 868
866 868
866 868
867 868
866 868
868 869
868 869
867 869
868 869
868 869
867 869
867 869
868 869
867 869
868 870
869 870
868 870
869 870
869 870
868 870
868 870
869 870
868 870
870 871
869 871
869 871
870 871
870 871
869 871
869 871
870 871
869 871
870 872
870 872
870 872
871 872
871 872
870 872
870 872
871 872
870 872
872 873
872 873
872 873
871 873
872 873
871 873
871 873
872 873
871 873
872 874
873 874
873 874
872 874
873 874
872 874
872 874
873 874
872 874
874 875
873 875
874 875
873 875
874 875
873 875
873 875
874 875
873 875
874 876
874 876
875 876
874 876
875 876
874 876
874 876
875 876
874 876
876 877
876 877
875 877
875 877
876 877
875 877
875 877
876 877
875 877
876 878
877 878
876 878
876 878
877 878
876 878
876 878
877 878
876 878
878 879
877 879
877 879
877 879
878 879
877 879
877 879
878 879
877 879
878 880
878 880
878 880
878 880
879 880
878 880
878 880
879 880
878 880
880 881
880 881
880 881
880 881
879 881
879 881
879 881
880 881
879 881
880 882
881 882
881 882
881 882
880 882
880 882
880 882
881 882
880 882
882 883
881 883
882 883
882 883
881 883
881 883
881 883
882 883
881 883
882 884
882 884
883 884
883 884
882 884
882 884
882 884
883 884
882 884
884 885
884 885
883 885
884 885
883 885
883 885
883 885
884 885
883 885
884 886
885 886
884 886
885 886
884 886
884 886
884 886
885 886
884 886
886 887
885 887
885 887
886 887
885 887
885 887
885 887
886 887
885 887
886 888
886 888
886 888
887 888
886 888
886 888
886 888
887 888
886 888
888 889
888 889
888 889
887 889
887 889
887 889
887 889
888 889
887 889
888 890
889 890
889 890
888 890
888 890
888 890
888 890
889 890
888 890
890 891
889 891
890 891
889 891
889 891
889 891
889 891
890 891
889 891
890 892
890 892
891 892
890 892
890 892
890 892
890 892
891 892
890 892
892 893
892 893
891 893
891 893
891 893
891 893
891 893
892 893
891 893
892 894
893 894
892 894
892 894
892 894
892 894
892 894
893 894
892 894
894 895
893 895
893 895
893 895
893 895
893 895
893 895
894 895
893 895
894 896
894 896
894 896
894 896
894 896
894 896
894 896
895 896
894 896
896 897
896 897
896 897
896 897
896 897
896 897
896 897
895 897
895 897
896 898
897 898
897 898
897 898
897 898
897 898
897 898
896 898
896 898
898 899
897 899
898 899
898 899
898 899
898 899
898 899
897 899
897 899
898 900
898 900
899 900
899 900
899 900
899 900
899 900
898 900
898 900
900 901
900 901
899 901
900 901
900 901
900 901
900 901
899 901
899 901
900 902
901 902
900 902
901 902
901 902
901 902
901 902
900 902
900 902
902 903
901 903
901 903
902 903
902 903
902 903
902 903
901 903
901 903
902 904
902 904
902 904
903 904
903 904
903 904
903 904
902 904
902 904
904 905
904 905
904 905
903 905
904 905
904 905
904 905
903 905
903 905
904 906
905 906
905 906
904 906
905 906
905 906
905 906
904 906
904 906
906 907
905 907
906 907
905 907
906 907
906 907
906 907
905 907
905 907
906 908
906 908
907 908
906 908
907 908
907 908
907 908
906 908
906 908
908 909
908 909
907 909
907 909
908 909
908 909
908 909
907 909
907 909
908 910
909 910
908 910
908 910
909 910
909 910
909 910
908 910
908 910
910 911
909 911
909 911
909 911
910 911
910 911
910 911
909 911
909 911
910 912
910 912
910 912
910 912
911 912
911 912
911 912
910 912
910 912
912 913
912 913
912 913
912 913
911 913
912 913
912 913
911 913
911 913
912 914
913 914
913 914
913 914
912 914
913 914
913 914
912 914
912 914
914 915
913 915
914 915
914 915
913 915
914 915
914 915
913 915
913 915
914 916
914 916
915 916
915 916
914 916
915 916
915 916
914 916
914 916
916 917
916 917
915 917
916 917
915 917
916 917
916 917
915 917
915 917
916 918
917 918
916 918
917 918
916 918
917 918
917 918
916 918
916 918
918 919
917 919
917 919
918 919
917 919
918 919
918 919
917 919
917 919
918 920
918 920
918 920
919 920
918 920
919 920
919 920
918 920
918 920
920 921
920 921
920 921
919 921
919 921
920 921
920 921
919 921
919 921
920 922
921 922
921 922
920 922
920 922
921 922
921 922
920 922
920 922
922 923
921 923
922 923
921 923
921 923
922 923
922 923
921 923
921 923
922 924
922 924
923 924
922 924
922 924
923 924
923 924
922 924
922 924
924 925
924 925
923 925
923 925
923 925
924 925
924 925
923 925
923 925
924 926
925 926
924 926
924 926
924 926
925 926
925 926
924 926
924 926
926 927
925 927
925 927
925 927
925 927
926 927
926 927
925 927
925 927
926 928
926 928
926 928
926 928
926 928
927 928
927 928
926 928
926 928
928 929
928 929
928 929
928 929
928 929
927 929
928 929
927 929
927 929
928 930
929 930
929 930
929 930
929 930
928 930
929 930
928 930
928 930
930 931
929 931
930 931
930 931
930 931
929 931
930 931
929 931
929 931
930 932
930 932
931 932
931 932
931 932
930 932
931 932
930 932
930 932
932 933
932 933
931 933
932 933
932 933
931 933
932 933
931 933
931 933
932 934
933 934
932 934
933 934
933 934
932 934
933 934
932 934
932 934
934 935
933 935
933 935
934 935
934 935
933 935
934 935
933 935
933 935
934 936
934 936
934 936
935 936
935 936
934 936
935 936
934 936
934 936
936 937
936 937
936 937
935 937
936 937
935 937
936 937
935 937
935 937
936 938
937 938
937 938
936 938
937 938
936 938
937 938
936 938
936 938
938 939
937 939
938 939
937 939
938 939
937 939
938 939
937 939
937 939
938 940
938 940
939 940
938 940
939 940
938 940
939 940
938 940
938 940
940 941
940 941
939 941
939 941
940 941
939 941
940 941
939 941
939 941
940 942
941 942
940 942
940 942
941 942
940 942
941 942
940 942
940 942
942 943
941 943
941 943
941 943
942 943
941 943
942 943
941 943
941 943
942 944
942 944
942 944
942 944
943 944
942 944
943 944
942 944
942 944
944 945
944 945
944 945
944 945
943 945
943 945
944 945
943 945
943 945
944 946
945 946
945 946
945 946
944 946
944 946
945 946
944 946
944 946
946 947
945 947
946 947
946 947
945 947
945 947
946 947
945 947
945 947
946 948
946 948
947 948
947 948
946 948
946 948
947 948
946 948
946 948
948 949
948 949
947 949
948 949
947 949
947 949
948 949
947 949
947 949
948 950
949 950
948 950
949 950
948 950
948 950
949 950
948 950
948 950
950 951
949 951
949 951
950 951
949 951
949 951
950 951
949 951
949 951
950 952
950 952
950 952
951 952
950 952
950 952
951 952
950 952
950 952
952 953
952 953
952 953
951 953
951 953
951 953
952 953
951 953
951 953
952 954
953 954
953 954
952 954
952 954
952 954
953 954
952 954
952 954
954 955
953 955
954 955
953 955
953 955
953 955
954 955
953 955
953 955
954 956
954 956
955 956
954 956
954 956
954 956
955 956
954 956
954 956
956 957
956 957
955 957
955 957
955 957
955 957
956 957
955 957
955 957
956 958
957 958
956 958
956 958
956 958
956 958
957 958
956 958
956 958
958 959
957 959
957 959
957 959
957 959
957 959
958 959
957 959
957 959
958 960
958 960
958 960
958 960
958 960
958 960
959 960
958 960
958 960
960 961
960 961
960 961
960 961
960 961
960 961
959 961
959 961
959 961
960 962
961 962
961 962
961 962
961 962
961 962
960 962
960 962
960 962
962 963
961 963
962 963
962 963
962 963
962 963
961 963
961 963
961 963
962 964
962 964
963 964
963 964
963 964
963 964
962 964
962 964
962 964
964 965
964 965
963 965
964 965
964 965
964 965
963 965
963 965
963 965
964 966
965 966
964 966
965 966
965 966
965 966
964 966
964 966
964 966
966 967
965 967
965 967
966 967
966 967
966 967
965 967
965 967
965 967
966 968
966 968
966 968
967 968
967 968
967 968
966 968
966 968
966 968
968 969
968 969
968 969
967 969
968 969
968 969
967 969
967 969
967 969
968 970
969 970
969 970
968 970
969 970
969 970
968 970
968 970
968 970
970 971
969 971
970 971
969 971
970 971
970 971
969 971
969 971
969 971
970 972
970 972
971 972
970 972
971 972
971 972
970 972
970 972
970 972
972 973
972 973
971 973
971 973
972 973
972 973
971 973
971 973
971 973
972 974
973 974
972 974
972 974
973 974
973 974
972 974
972 974
972 974
974 975
973 975
973 975
973 975
974 975
974 975
973 975
973 975
973 975
974 976
974 976
974 976
974 976
975 976
975 976
974 976
974 976
974 976
976 977
976 977
976 977
976 977
975 977
976 977
975 977
975 977
975 977
976 978
977 978
977 978
977 978
976 978
977 978
976 978
976 978
976 978
978 979
977 979
978 979
978 979
977 979
978 979
977 979
977 979
977 979
978 980
978 980
979 980
979 980
978 980
979 980
978 980
978 980
978 980
980 981
980 981
979 981
980 981
979 981
980 981
979 981
979 981
979 981
980 982
981 982
980 982
981 982
980 982
981 982
980 982
980 982
980 982
982 983
981 983
981 983
982 983
981 983
982 983
981 983
981 983
981 983
982 984
982 984
982 984
983 984
982 984
983 984
982 984
982 984
982 984
984 985
984 985
984 985
983 985
983 985
984 985
983 985
983 985
983 985
984 986
985 986
985 986
984 986
984 986
985 986
984 986
984 986
984 986
986 987
985 987
986 987
985 987
985 987
986 987
985 987
985 987
985 987
986 988
986 988
987 988
986 988
986 988
987 988
986 988
986 988
986 988
988 989
988 989
987 989
987 989
987 989
988 989
987 989
987 989
987 989
988 990
989 990
988 990
988 990
988 990
989 990
988 990
988 990
988 990
990 991
989 991
989 991
989 991
989 991
990 991
989 991
989 991
989 991
990 992
990 992
990 992
990 992
990 992
991 992
990 992
990 992
990 992
992 993
992 993
992 993
992 993
992 993
991 993
991 993
991 993
991 993
992 994
993 994
993 994
993 994
993 994
992 994
992 994
992 994
992 994
994 995
993 995
994 995
994 995
994 995
993 995
993 995
993 995
993 995
994 996
994 996
995 996
995 996
995 996
994 996
994 996
994 996
994 996
996 997
996 997
995 997
996 997
996 997
995 997
995 997
995 997
995 997
996 998
997 998
996 998
997 998
997 998
996 998
996 998
996 998
996 998
998 999
997 999
997 999
998 999
998 999
997 999
997 999
997 999
997 999
998 1000
998 1000
998 1000
999 1000
999 1000
998 1000
998 1000
998 1000
998 1000
